{"failedCount":4,"prefixedPath":"classpath:todoist-test\/getUserProjects.feature","packageQualifiedName":"todoist-test.getUserProjects","loopIndex":-1,"relativePath":"todoist-test\/getUserProjects.feature","scenarioResults":[{"sectionIndex":0,"stepResults":[{"result":{"nanos":1172034,"millis":1.172034,"status":"passed"},"step":{"line":7,"prefix":"Given","index":0,"text":"path 'projects\/'"},"stepLog":"09:47:15.118 karate.env system property was: null \n"},{"result":{"nanos":242993,"millis":0.242993,"status":"passed"},"step":{"line":8,"prefix":"And","index":1,"text":"header Authorization = 'Bearer e4c291d63415c9d0f274cf9069d2b571f61a7137'"}},{"result":{"nanos":2195413,"errorMessage":"http call failed after 1 milliseconds for url: \/projects\/\nclasspath:todoist-test\/getUserProjects.feature:9","millis":2.195413,"status":"failed"},"step":{"line":9,"prefix":"When","index":2,"text":"method GET"},"stepLog":"09:47:15.124 karate.org.apache.http.ProtocolException: Target host is not specified, http call failed after 1 milliseconds for url: \/projects\/\n09:47:15.147 classpath:todoist-test\/getUserProjects.feature:9\nWhen method GET\nhttp call failed after 1 milliseconds for url: \/projects\/\nclasspath:todoist-test\/getUserProjects.feature:9\n"},{"result":{"nanos":0,"millis":0.0,"status":"skipped"},"step":{"line":10,"prefix":"Then","index":3,"text":"status 200"}},{"result":{"nanos":0,"millis":0.0,"status":"skipped"},"step":{"line":11,"prefix":"Then","index":4,"text":"match response[0].name == \"Inbox\""}}],"line":6,"description":"","durationMillis":3.61044,"failed":true,"error":"http call failed after 1 milliseconds for url: \/projects\/\nclasspath:todoist-test\/getUserProjects.feature:9","executorName":"pool-1-thread-4","name":"Get all user projects","startTime":1623212235117,"refId":"[1:6]","endTime":1623212235147,"exampleIndex":-1},{"sectionIndex":1,"stepResults":[{"result":{"nanos":1243642,"millis":1.243642,"status":"passed"},"step":{"line":14,"prefix":"Given","index":0,"text":"path 'projects\/2266692961'"},"stepLog":"09:47:15.151 karate.env system property was: null \n"},{"result":{"nanos":240197,"millis":0.240197,"status":"passed"},"step":{"line":15,"prefix":"And","index":1,"text":"header Authorization = 'Bearer e4c291d63415c9d0f274cf9069d2b571f61a7137'"}},{"result":{"nanos":2628045,"errorMessage":"http call failed after 2 milliseconds for url: \/projects\/2266692961\nclasspath:todoist-test\/getUserProjects.feature:16","millis":2.628045,"status":"failed"},"step":{"line":16,"prefix":"When","index":2,"text":"method GET"},"stepLog":"09:47:15.157 karate.org.apache.http.ProtocolException: Target host is not specified, http call failed after 2 milliseconds for url: \/projects\/2266692961\n09:47:15.160 classpath:todoist-test\/getUserProjects.feature:16\nWhen method GET\nhttp call failed after 2 milliseconds for url: \/projects\/2266692961\nclasspath:todoist-test\/getUserProjects.feature:16\n"},{"result":{"nanos":0,"millis":0.0,"status":"skipped"},"step":{"line":17,"prefix":"Then","index":3,"text":"status 200"}},{"result":{"nanos":0,"millis":0.0,"status":"skipped"},"step":{"line":18,"prefix":"Then","index":4,"text":"match response.name == \"Inbox\""}}],"line":13,"description":"","durationMillis":4.111884,"failed":true,"error":"http call failed after 2 milliseconds for url: \/projects\/2266692961\nclasspath:todoist-test\/getUserProjects.feature:16","executorName":"pool-1-thread-3","name":"Get one user project","startTime":1623212235148,"refId":"[2:13]","endTime":1623212235160,"exampleIndex":-1},{"sectionIndex":2,"stepResults":[{"result":{"nanos":1107937,"millis":1.107937,"status":"passed"},"step":{"line":21,"prefix":"Given","index":0,"text":"path 'project\/'"},"stepLog":"09:47:15.131 karate.env system property was: null \n"},{"result":{"nanos":262499,"millis":0.262499,"status":"passed"},"step":{"line":22,"prefix":"And","index":1,"text":"header Authorization = 'Bearer e4c291d63415c9d0f274cf9069d2b571f61a7137'"}},{"result":{"nanos":15478239,"errorMessage":"http call failed after 14 milliseconds for url: \/project\/\nclasspath:todoist-test\/getUserProjects.feature:23","millis":15.478239,"status":"failed"},"step":{"line":23,"prefix":"When","index":2,"text":"method GET"},"stepLog":"09:47:15.150 karate.org.apache.http.ProtocolException: Target host is not specified, http call failed after 14 milliseconds for url: \/project\/\n09:47:15.150 classpath:todoist-test\/getUserProjects.feature:23\nWhen method GET\nhttp call failed after 14 milliseconds for url: \/project\/\nclasspath:todoist-test\/getUserProjects.feature:23\n"},{"result":{"nanos":0,"millis":0.0,"status":"skipped"},"step":{"line":24,"prefix":"Then","index":3,"text":"status 404"}},{"result":{"nanos":0,"millis":0.0,"status":"skipped"},"step":{"line":25,"prefix":"Then","index":4,"text":"match response == \"404 page not foung\\n\""}}],"line":20,"description":"","durationMillis":16.848675,"failed":true,"error":"http call failed after 14 milliseconds for url: \/project\/\nclasspath:todoist-test\/getUserProjects.feature:23","executorName":"pool-1-thread-5","name":"If error in project path","startTime":1623212235130,"refId":"[3:20]","endTime":1623212235150,"exampleIndex":-1},{"sectionIndex":3,"stepResults":[{"result":{"nanos":1039942,"millis":1.039942,"status":"passed"},"step":{"line":28,"prefix":"Given","index":0,"text":"path 'projects\/22666'"},"stepLog":"09:47:15.164 karate.env system property was: null \n"},{"result":{"nanos":245300,"millis":0.2453,"status":"passed"},"step":{"line":29,"prefix":"And","index":1,"text":"header Authorization = 'Bearer e4c291d63415c9d0f274cf9069d2b571f61a7137'"}},{"result":{"nanos":1636876,"errorMessage":"http call failed after 1 milliseconds for url: \/projects\/22666\nclasspath:todoist-test\/getUserProjects.feature:30","millis":1.636876,"status":"failed"},"step":{"line":30,"prefix":"When","index":2,"text":"method GET"},"stepLog":"09:47:15.173 karate.org.apache.http.ProtocolException: Target host is not specified, http call failed after 1 milliseconds for url: \/projects\/22666\n09:47:15.173 classpath:todoist-test\/getUserProjects.feature:30\nWhen method GET\nhttp call failed after 1 milliseconds for url: \/projects\/22666\nclasspath:todoist-test\/getUserProjects.feature:30\n"},{"result":{"nanos":0,"millis":0.0,"status":"skipped"},"step":{"line":31,"prefix":"Then","index":3,"text":"status 404"}},{"result":{"nanos":0,"millis":0.0,"status":"skipped"},"step":{"line":32,"prefix":"Then","index":4,"text":"match response == \"Not Found\\n\""}}],"line":27,"description":"","durationMillis":2.922118,"failed":true,"error":"http call failed after 1 milliseconds for url: \/projects\/22666\nclasspath:todoist-test\/getUserProjects.feature:30","executorName":"pool-1-thread-2","name":"If error in project id","startTime":1623212235153,"refId":"[4:27]","endTime":1623212235174,"exampleIndex":-1}],"callDepth":0,"name":"Get User Projects","description":"","resultDate":"2021-06-09 09:47:16 am","durationMillis":27.493117,"passedCount":0}