{"failedCount":4,"prefixedPath":"classpath:todoist-test\/getUserProjects.feature","packageQualifiedName":"todoist-test.getUserProjects","loopIndex":-1,"relativePath":"todoist-test\/getUserProjects.feature","scenarioResults":[{"sectionIndex":0,"stepResults":[{"result":{"nanos":2360846,"millis":2.360846,"status":"passed"},"step":{"line":7,"prefix":"Given","index":0,"text":"path 'projects\/'"},"stepLog":"12:12:44.530 karate.env system property was: null \n"},{"result":{"nanos":16589730,"errorMessage":"http call failed after 16 milliseconds for url: \/projects\/\nclasspath:todoist-test\/getUserProjects.feature:8","millis":16.58973,"status":"failed"},"step":{"line":8,"prefix":"When","index":1,"text":"method GET"},"stepLog":"12:12:44.552 karate.org.apache.http.ProtocolException: Target host is not specified, http call failed after 16 milliseconds for url: \/projects\/\n12:12:44.552 classpath:todoist-test\/getUserProjects.feature:8\nWhen method GET\nhttp call failed after 16 milliseconds for url: \/projects\/\nclasspath:todoist-test\/getUserProjects.feature:8\n"},{"result":{"nanos":0,"millis":0.0,"status":"skipped"},"step":{"line":9,"prefix":"Then","index":2,"text":"status 200"}},{"result":{"nanos":0,"millis":0.0,"status":"skipped"},"step":{"line":10,"prefix":"Then","index":3,"text":"match response[0].name == \"Inbox\""}}],"line":6,"description":"","durationMillis":18.950576,"failed":true,"error":"http call failed after 16 milliseconds for url: \/projects\/\nclasspath:todoist-test\/getUserProjects.feature:8","executorName":"pool-1-thread-4","name":"Get all user projects","startTime":1623134564524,"refId":"[1:6]","endTime":1623134564552,"exampleIndex":-1},{"sectionIndex":1,"stepResults":[{"result":{"nanos":3980655,"millis":3.980655,"status":"passed"},"step":{"line":13,"prefix":"Given","index":0,"text":"path 'projects\/2266692961'"},"stepLog":"12:12:44.534 karate.env system property was: null \n"},{"result":{"nanos":5801348,"errorMessage":"http call failed after 6 milliseconds for url: \/projects\/2266692961\nclasspath:todoist-test\/getUserProjects.feature:14","millis":5.801348,"status":"failed"},"step":{"line":14,"prefix":"When","index":1,"text":"method GET"},"stepLog":"12:12:44.545 karate.org.apache.http.ProtocolException: Target host is not specified, http call failed after 6 milliseconds for url: \/projects\/2266692961\n12:12:44.545 classpath:todoist-test\/getUserProjects.feature:14\nWhen method GET\nhttp call failed after 6 milliseconds for url: \/projects\/2266692961\nclasspath:todoist-test\/getUserProjects.feature:14\n"},{"result":{"nanos":0,"millis":0.0,"status":"skipped"},"step":{"line":15,"prefix":"Then","index":2,"text":"status 200"}},{"result":{"nanos":0,"millis":0.0,"status":"skipped"},"step":{"line":16,"prefix":"Then","index":3,"text":"match response.name == \"Inbox\""}}],"line":12,"description":"","durationMillis":9.782003,"failed":true,"error":"http call failed after 6 milliseconds for url: \/projects\/2266692961\nclasspath:todoist-test\/getUserProjects.feature:14","executorName":"pool-1-thread-3","name":"Get one user project","startTime":1623134564525,"refId":"[2:12]","endTime":1623134564546,"exampleIndex":-1},{"sectionIndex":2,"stepResults":[{"result":{"nanos":1124177,"millis":1.124177,"status":"passed"},"step":{"line":19,"prefix":"Given","index":0,"text":"path 'project\/'"},"stepLog":"12:12:44.530 karate.env system property was: null \n"},{"result":{"nanos":12294482,"errorMessage":"http call failed after 12 milliseconds for url: \/project\/\nclasspath:todoist-test\/getUserProjects.feature:20","millis":12.294482,"status":"failed"},"step":{"line":20,"prefix":"When","index":1,"text":"method GET"},"stepLog":"12:12:44.545 karate.org.apache.http.ProtocolException: Target host is not specified, http call failed after 12 milliseconds for url: \/project\/\n12:12:44.550 classpath:todoist-test\/getUserProjects.feature:20\nWhen method GET\nhttp call failed after 12 milliseconds for url: \/project\/\nclasspath:todoist-test\/getUserProjects.feature:20\n"},{"result":{"nanos":0,"millis":0.0,"status":"skipped"},"step":{"line":21,"prefix":"Then","index":2,"text":"status 404"}},{"result":{"nanos":0,"millis":0.0,"status":"skipped"},"step":{"line":22,"prefix":"Then","index":3,"text":"match response == \"404 page not foung\\n\""}}],"line":18,"description":"","durationMillis":13.418659,"failed":true,"error":"http call failed after 12 milliseconds for url: \/project\/\nclasspath:todoist-test\/getUserProjects.feature:20","executorName":"pool-1-thread-5","name":"If error in project path","startTime":1623134564529,"refId":"[3:18]","endTime":1623134564550,"exampleIndex":-1},{"sectionIndex":3,"stepResults":[{"result":{"nanos":946771,"millis":0.946771,"status":"passed"},"step":{"line":25,"prefix":"Given","index":0,"text":"path 'projects\/22666'"},"stepLog":"12:12:44.531 karate.env system property was: null \n"},{"result":{"nanos":3422871,"errorMessage":"http call failed after 3 milliseconds for url: \/projects\/22666\nclasspath:todoist-test\/getUserProjects.feature:26","millis":3.422871,"status":"failed"},"step":{"line":26,"prefix":"When","index":1,"text":"method GET"},"stepLog":"12:12:44.537 karate.org.apache.http.ProtocolException: Target host is not specified, http call failed after 3 milliseconds for url: \/projects\/22666\n12:12:44.537 classpath:todoist-test\/getUserProjects.feature:26\nWhen method GET\nhttp call failed after 3 milliseconds for url: \/projects\/22666\nclasspath:todoist-test\/getUserProjects.feature:26\n"},{"result":{"nanos":0,"millis":0.0,"status":"skipped"},"step":{"line":27,"prefix":"Then","index":2,"text":"status 404"}},{"result":{"nanos":0,"millis":0.0,"status":"skipped"},"step":{"line":28,"prefix":"Then","index":3,"text":"match response == \"Not Found\\n\""}}],"line":24,"description":"","durationMillis":4.369642,"failed":true,"error":"http call failed after 3 milliseconds for url: \/projects\/22666\nclasspath:todoist-test\/getUserProjects.feature:26","executorName":"pool-1-thread-2","name":"If error in project id","startTime":1623134564521,"refId":"[4:24]","endTime":1623134564537,"exampleIndex":-1}],"callDepth":0,"name":"Get User Projects","description":"","resultDate":"2021-06-08 12:12:45 pm","durationMillis":46.52088,"passedCount":0}