{"failedCount":4,"prefixedPath":"classpath:todoist-test\/getUserProjects.feature","packageQualifiedName":"todoist-test.getUserProjects","loopIndex":-1,"relativePath":"todoist-test\/getUserProjects.feature","scenarioResults":[{"sectionIndex":0,"stepResults":[{"result":{"nanos":1219415,"millis":1.219415,"status":"passed"},"step":{"line":7,"prefix":"Given","index":0,"text":"path 'projects\/'"},"stepLog":"12:51:51.370 karate.env system property was: null \n"},{"result":{"nanos":27690521,"errorMessage":"http call failed after 15 milliseconds for url: \/projects\/\nclasspath:todoist-test\/getUserProjects.feature:8","millis":27.690521,"status":"failed"},"step":{"line":8,"prefix":"When","index":1,"text":"method GET"},"stepLog":"12:51:51.401 karate.org.apache.http.ProtocolException: Target host is not specified, http call failed after 15 milliseconds for url: \/projects\/\n12:51:51.411 classpath:todoist-test\/getUserProjects.feature:8\nWhen method GET\nhttp call failed after 15 milliseconds for url: \/projects\/\nclasspath:todoist-test\/getUserProjects.feature:8\n"},{"result":{"nanos":0,"millis":0.0,"status":"skipped"},"step":{"line":9,"prefix":"Then","index":2,"text":"status 200"}},{"result":{"nanos":0,"millis":0.0,"status":"skipped"},"step":{"line":10,"prefix":"Then","index":3,"text":"match response[0].name == \"Inbox\""}}],"line":6,"description":"","durationMillis":28.909936,"failed":true,"error":"http call failed after 15 milliseconds for url: \/projects\/\nclasspath:todoist-test\/getUserProjects.feature:8","executorName":"pool-1-thread-4","name":"Get all user projects","startTime":1623136911368,"refId":"[1:6]","endTime":1623136911411,"exampleIndex":-1},{"sectionIndex":1,"stepResults":[{"result":{"nanos":1820216,"millis":1.820216,"status":"passed"},"step":{"line":13,"prefix":"Given","index":0,"text":"path 'projects\/2266692961'"},"stepLog":"12:51:51.395 karate.env system property was: null \n"},{"result":{"nanos":5704979,"errorMessage":"http call failed after 2 milliseconds for url: \/projects\/2266692961\nclasspath:todoist-test\/getUserProjects.feature:14","millis":5.704979,"status":"failed"},"step":{"line":14,"prefix":"When","index":1,"text":"method GET"},"stepLog":"12:51:51.413 karate.org.apache.http.ProtocolException: Target host is not specified, http call failed after 2 milliseconds for url: \/projects\/2266692961\n12:51:51.414 classpath:todoist-test\/getUserProjects.feature:14\nWhen method GET\nhttp call failed after 2 milliseconds for url: \/projects\/2266692961\nclasspath:todoist-test\/getUserProjects.feature:14\n"},{"result":{"nanos":0,"millis":0.0,"status":"skipped"},"step":{"line":15,"prefix":"Then","index":2,"text":"status 200"}},{"result":{"nanos":0,"millis":0.0,"status":"skipped"},"step":{"line":16,"prefix":"Then","index":3,"text":"match response.name == \"Inbox\""}}],"line":12,"description":"","durationMillis":7.525195,"failed":true,"error":"http call failed after 2 milliseconds for url: \/projects\/2266692961\nclasspath:todoist-test\/getUserProjects.feature:14","executorName":"pool-1-thread-5","name":"Get one user project","startTime":1623136911389,"refId":"[2:12]","endTime":1623136911414,"exampleIndex":-1},{"sectionIndex":2,"stepResults":[{"result":{"nanos":1049577,"millis":1.049577,"status":"passed"},"step":{"line":19,"prefix":"Given","index":0,"text":"path 'project\/'"},"stepLog":"12:51:51.403 karate.env system property was: null \n"},{"result":{"nanos":6743756,"errorMessage":"http call failed after 6 milliseconds for url: \/project\/\nclasspath:todoist-test\/getUserProjects.feature:20","millis":6.743756,"status":"failed"},"step":{"line":20,"prefix":"When","index":1,"text":"method GET"},"stepLog":"12:51:51.417 karate.org.apache.http.ProtocolException: Target host is not specified, http call failed after 6 milliseconds for url: \/project\/\n12:51:51.417 classpath:todoist-test\/getUserProjects.feature:20\nWhen method GET\nhttp call failed after 6 milliseconds for url: \/project\/\nclasspath:todoist-test\/getUserProjects.feature:20\n"},{"result":{"nanos":0,"millis":0.0,"status":"skipped"},"step":{"line":21,"prefix":"Then","index":2,"text":"status 404"}},{"result":{"nanos":0,"millis":0.0,"status":"skipped"},"step":{"line":22,"prefix":"Then","index":3,"text":"match response == \"404 page not foung\\n\""}}],"line":18,"description":"","durationMillis":7.793333,"failed":true,"error":"http call failed after 6 milliseconds for url: \/project\/\nclasspath:todoist-test\/getUserProjects.feature:20","executorName":"pool-1-thread-2","name":"If error in project path","startTime":1623136911399,"refId":"[3:18]","endTime":1623136911418,"exampleIndex":-1},{"sectionIndex":3,"stepResults":[{"result":{"nanos":2923483,"millis":2.923483,"status":"passed"},"step":{"line":25,"prefix":"Given","index":0,"text":"path 'projects\/22666'"},"stepLog":"12:51:51.426 karate.env system property was: null \n"},{"result":{"nanos":4831162,"errorMessage":"http call failed after 2 milliseconds for url: \/projects\/22666\nclasspath:todoist-test\/getUserProjects.feature:26","millis":4.831162,"status":"failed"},"step":{"line":26,"prefix":"When","index":1,"text":"method GET"},"stepLog":"12:51:51.435 karate.org.apache.http.ProtocolException: Target host is not specified, http call failed after 2 milliseconds for url: \/projects\/22666\n12:51:51.438 classpath:todoist-test\/getUserProjects.feature:26\nWhen method GET\nhttp call failed after 2 milliseconds for url: \/projects\/22666\nclasspath:todoist-test\/getUserProjects.feature:26\n"},{"result":{"nanos":0,"millis":0.0,"status":"skipped"},"step":{"line":27,"prefix":"Then","index":2,"text":"status 404"}},{"result":{"nanos":0,"millis":0.0,"status":"skipped"},"step":{"line":28,"prefix":"Then","index":3,"text":"match response == \"Not Found\\n\""}}],"line":24,"description":"","durationMillis":7.754645,"failed":true,"error":"http call failed after 2 milliseconds for url: \/projects\/22666\nclasspath:todoist-test\/getUserProjects.feature:26","executorName":"pool-1-thread-1","name":"If error in project id","startTime":1623136911423,"refId":"[4:24]","endTime":1623136911438,"exampleIndex":-1}],"callDepth":0,"name":"Get User Projects","description":"","resultDate":"2021-06-08 12:51:52 pm","durationMillis":51.983109,"passedCount":0}