{"failedCount":2,"prefixedPath":"classpath:todoist-test\/addATask.feature","packageQualifiedName":"todoist-test.addATask","loopIndex":-1,"relativePath":"todoist-test\/addATask.feature","scenarioResults":[{"sectionIndex":0,"stepResults":[{"result":{"nanos":14638471,"millis":14.638471,"status":"passed"},"step":{"line":6,"prefix":"Given","index":0,"text":"path 'tasks'"},"stepLog":"12:51:50.687 karate.env system property was: null \n"},{"result":{"nanos":173070770,"millis":173.07077,"status":"passed"},"step":{"endLine":13,"line":7,"prefix":"And","docString":"{\n\"content\": \"Buy Milk\",\n\"project_id\": 2203306141\n}","index":1,"text":"request"}},{"result":{"nanos":445822644,"errorMessage":"http call failed after 278 milliseconds for url: \/tasks\nclasspath:todoist-test\/addATask.feature:14","millis":445.822644,"status":"failed"},"step":{"line":14,"prefix":"When","index":2,"text":"method POST"},"stepLog":"12:51:51.391 karate.org.apache.http.ProtocolException: Target host is not specified, http call failed after 278 milliseconds for url: \/tasks\n12:51:51.392 classpath:todoist-test\/addATask.feature:14\nWhen method POST\nhttp call failed after 278 milliseconds for url: \/tasks\nclasspath:todoist-test\/addATask.feature:14\n"},{"result":{"nanos":0,"millis":0.0,"status":"skipped"},"step":{"line":15,"prefix":"Then","index":3,"text":"status 200"}},{"result":{"nanos":0,"millis":0.0,"status":"skipped"},"step":{"line":16,"prefix":"*","index":4,"text":"def postId = response.id"}},{"result":{"nanos":0,"millis":0.0,"status":"skipped"},"step":{"line":18,"prefix":"Given","index":5,"text":"path 'tasks\/'+postId"}},{"result":{"nanos":0,"millis":0.0,"status":"skipped"},"step":{"line":19,"prefix":"When","index":6,"text":"method get"}},{"result":{"nanos":0,"millis":0.0,"status":"skipped"},"step":{"line":20,"prefix":"Then","index":7,"text":"status 200"}}],"line":5,"description":"","durationMillis":633.531885,"failed":true,"error":"http call failed after 278 milliseconds for url: \/tasks\nclasspath:todoist-test\/addATask.feature:14","executorName":"pool-1-thread-2","name":"Create a New Post","startTime":1623136910575,"refId":"[1:5]","endTime":1623136911392,"exampleIndex":-1},{"sectionIndex":1,"stepResults":[{"result":{"nanos":16886051,"millis":16.886051,"status":"passed"},"step":{"line":22,"prefix":"Given","index":0,"text":"path 'tasks'"},"stepLog":"12:51:50.677 karate.env system property was: null \n"},{"result":{"nanos":174342535,"millis":174.342535,"status":"passed"},"step":{"endLine":28,"line":23,"prefix":"And","docString":"{\n\"project_id\": 2203306141,\n}","index":1,"text":"request"}},{"result":{"nanos":445515277,"errorMessage":"http call failed after 277 milliseconds for url: \/tasks\nclasspath:todoist-test\/addATask.feature:29","millis":445.515277,"status":"failed"},"step":{"line":29,"prefix":"When","index":2,"text":"method POST"},"stepLog":"12:51:51.390 karate.org.apache.http.ProtocolException: Target host is not specified, http call failed after 277 milliseconds for url: \/tasks\n12:51:51.391 classpath:todoist-test\/addATask.feature:29\nWhen method POST\nhttp call failed after 277 milliseconds for url: \/tasks\nclasspath:todoist-test\/addATask.feature:29\n"},{"result":{"nanos":0,"millis":0.0,"status":"skipped"},"step":{"line":30,"prefix":"Then","index":3,"text":"status 400"}},{"result":{"nanos":0,"millis":0.0,"status":"skipped"},"step":{"line":31,"prefix":"Then","index":4,"text":"match response == \"Empty content\\n\""}}],"line":21,"description":"","durationMillis":636.743863,"failed":true,"error":"http call failed after 277 milliseconds for url: \/tasks\nclasspath:todoist-test\/addATask.feature:29","executorName":"pool-1-thread-3","name":"Create a new task error","startTime":1623136910572,"refId":"[2:21]","endTime":1623136911404,"exampleIndex":-1}],"callDepth":0,"name":"Adding new task","description":"","resultDate":"2021-06-08 12:51:52 pm","durationMillis":1270.275748,"passedCount":0}