{"failedCount":4,"prefixedPath":"classpath:todoist-test\/getUserProjects.feature","packageQualifiedName":"todoist-test.getUserProjects","loopIndex":-1,"relativePath":"todoist-test\/getUserProjects.feature","scenarioResults":[{"sectionIndex":0,"stepResults":[{"result":{"nanos":6953422,"millis":6.953422,"status":"passed"},"step":{"line":8,"prefix":"Given","index":0,"text":"path 'projects\/'"},"stepLog":"12:22:30.670 karate.env system property was: null \n"},{"result":{"nanos":10348421,"errorMessage":"http call failed after 1 milliseconds for url: \/projects\/\nclasspath:todoist-test\/getUserProjects.feature:9","millis":10.348421,"status":"failed"},"step":{"line":9,"prefix":"When","index":1,"text":"method GET"},"stepLog":"12:22:30.689 karate.org.apache.http.ProtocolException: Target host is not specified, http call failed after 1 milliseconds for url: \/projects\/\n12:22:30.696 classpath:todoist-test\/getUserProjects.feature:9\nWhen method GET\nhttp call failed after 1 milliseconds for url: \/projects\/\nclasspath:todoist-test\/getUserProjects.feature:9\n"},{"result":{"nanos":0,"millis":0.0,"status":"skipped"},"step":{"line":10,"prefix":"Then","index":2,"text":"status 200"}},{"result":{"nanos":0,"millis":0.0,"status":"skipped"},"step":{"line":11,"prefix":"Then","index":3,"text":"match response[0].name == \"Inbox\""}}],"line":7,"description":"","durationMillis":17.301843,"failed":true,"error":"http call failed after 1 milliseconds for url: \/projects\/\nclasspath:todoist-test\/getUserProjects.feature:9","executorName":"pool-1-thread-5","name":"Get all user projects","startTime":1623135150669,"refId":"[1:7]","endTime":1623135150696,"exampleIndex":-1},{"sectionIndex":1,"stepResults":[{"result":{"nanos":3111819,"millis":3.111819,"status":"passed"},"step":{"line":14,"prefix":"Given","index":0,"text":"path 'projects\/2266692961'"},"stepLog":"12:22:30.710 karate.env system property was: null \n"},{"result":{"nanos":9659200,"errorMessage":"http call failed after 9 milliseconds for url: \/projects\/2266692961\nclasspath:todoist-test\/getUserProjects.feature:15","millis":9.6592,"status":"failed"},"step":{"line":15,"prefix":"When","index":1,"text":"method GET"},"stepLog":"12:22:30.724 karate.org.apache.http.ProtocolException: Target host is not specified, http call failed after 9 milliseconds for url: \/projects\/2266692961\n12:22:30.725 classpath:todoist-test\/getUserProjects.feature:15\nWhen method GET\nhttp call failed after 9 milliseconds for url: \/projects\/2266692961\nclasspath:todoist-test\/getUserProjects.feature:15\n"},{"result":{"nanos":0,"millis":0.0,"status":"skipped"},"step":{"line":16,"prefix":"Then","index":2,"text":"status 200"}},{"result":{"nanos":0,"millis":0.0,"status":"skipped"},"step":{"line":17,"prefix":"Then","index":3,"text":"match response.name == \"Inbox\""}}],"line":13,"description":"","durationMillis":12.771019,"failed":true,"error":"http call failed after 9 milliseconds for url: \/projects\/2266692961\nclasspath:todoist-test\/getUserProjects.feature:15","executorName":"pool-1-thread-1","name":"Get one user project","startTime":1623135150705,"refId":"[2:13]","endTime":1623135150725,"exampleIndex":-1},{"sectionIndex":2,"stepResults":[{"result":{"nanos":1522416,"millis":1.522416,"status":"passed"},"step":{"line":20,"prefix":"Given","index":0,"text":"path 'project\/'"},"stepLog":"12:22:30.696 karate.env system property was: null \n"},{"result":{"nanos":12503434,"errorMessage":"http call failed after 9 milliseconds for url: \/project\/\nclasspath:todoist-test\/getUserProjects.feature:21","millis":12.503434,"status":"failed"},"step":{"line":21,"prefix":"When","index":1,"text":"method GET"},"stepLog":"12:22:30.716 karate.org.apache.http.ProtocolException: Target host is not specified, http call failed after 9 milliseconds for url: \/project\/\n12:22:30.716 classpath:todoist-test\/getUserProjects.feature:21\nWhen method GET\nhttp call failed after 9 milliseconds for url: \/project\/\nclasspath:todoist-test\/getUserProjects.feature:21\n"},{"result":{"nanos":0,"millis":0.0,"status":"skipped"},"step":{"line":22,"prefix":"Then","index":2,"text":"status 404"}},{"result":{"nanos":0,"millis":0.0,"status":"skipped"},"step":{"line":23,"prefix":"Then","index":3,"text":"match response == \"404 page not foung\\n\""}}],"line":19,"description":"","durationMillis":14.02585,"failed":true,"error":"http call failed after 9 milliseconds for url: \/project\/\nclasspath:todoist-test\/getUserProjects.feature:21","executorName":"pool-1-thread-4","name":"If error in project path","startTime":1623135150689,"refId":"[3:19]","endTime":1623135150717,"exampleIndex":-1},{"sectionIndex":3,"stepResults":[{"result":{"nanos":1064504,"millis":1.064504,"status":"passed"},"step":{"line":26,"prefix":"Given","index":0,"text":"path 'projects\/22666'"},"stepLog":"12:22:30.702 karate.env system property was: null \n"},{"result":{"nanos":11484808,"errorMessage":"http call failed after 4 milliseconds for url: \/projects\/22666\nclasspath:todoist-test\/getUserProjects.feature:27","millis":11.484808,"status":"failed"},"step":{"line":27,"prefix":"When","index":1,"text":"method GET"},"stepLog":"12:22:30.716 karate.org.apache.http.ProtocolException: Target host is not specified, http call failed after 4 milliseconds for url: \/projects\/22666\n12:22:30.721 classpath:todoist-test\/getUserProjects.feature:27\nWhen method GET\nhttp call failed after 4 milliseconds for url: \/projects\/22666\nclasspath:todoist-test\/getUserProjects.feature:27\n"},{"result":{"nanos":0,"millis":0.0,"status":"skipped"},"step":{"line":28,"prefix":"Then","index":2,"text":"status 404"}},{"result":{"nanos":0,"millis":0.0,"status":"skipped"},"step":{"line":29,"prefix":"Then","index":3,"text":"match response == \"Not Found\\n\""}}],"line":25,"description":"","durationMillis":12.549312,"failed":true,"error":"http call failed after 4 milliseconds for url: \/projects\/22666\nclasspath:todoist-test\/getUserProjects.feature:27","executorName":"pool-1-thread-2","name":"If error in project id","startTime":1623135150694,"refId":"[4:25]","endTime":1623135150722,"exampleIndex":-1}],"callDepth":0,"name":"Get User Projects","description":"","resultDate":"2021-06-08 12:22:32 pm","durationMillis":56.648024,"passedCount":0}