{"failedCount":4,"prefixedPath":"classpath:todoist-test\/getUserProjects.feature","packageQualifiedName":"todoist-test.getUserProjects","loopIndex":-1,"relativePath":"todoist-test\/getUserProjects.feature","scenarioResults":[{"sectionIndex":0,"stepResults":[{"result":{"nanos":3684847,"millis":3.684847,"status":"passed"},"step":{"line":7,"prefix":"Given","index":0,"text":"path 'projects\/'"},"stepLog":"12:11:17.598 karate.env system property was: null \n"},{"result":{"nanos":36261180,"errorMessage":"http call failed after 32 milliseconds for url: \/projects\/\nclasspath:todoist-test\/getUserProjects.feature:8","millis":36.26118,"status":"failed"},"step":{"line":8,"prefix":"When","index":1,"text":"method GET"},"stepLog":"12:11:17.639 karate.org.apache.http.ProtocolException: Target host is not specified, http call failed after 32 milliseconds for url: \/projects\/\n12:11:17.642 classpath:todoist-test\/getUserProjects.feature:8\nWhen method GET\nhttp call failed after 32 milliseconds for url: \/projects\/\nclasspath:todoist-test\/getUserProjects.feature:8\n"},{"result":{"nanos":0,"millis":0.0,"status":"skipped"},"step":{"line":9,"prefix":"Then","index":2,"text":"status 200"}},{"result":{"nanos":0,"millis":0.0,"status":"skipped"},"step":{"line":10,"prefix":"Then","index":3,"text":"match response[0].name == \"Inbox\""}}],"line":6,"description":"","durationMillis":39.946027,"failed":true,"error":"http call failed after 32 milliseconds for url: \/projects\/\nclasspath:todoist-test\/getUserProjects.feature:8","executorName":"pool-1-thread-2","name":"Get all user projects","startTime":1623134477595,"refId":"[1:6]","endTime":1623134477642,"exampleIndex":-1},{"sectionIndex":1,"stepResults":[{"result":{"nanos":2619138,"millis":2.619138,"status":"passed"},"step":{"line":13,"prefix":"Given","index":0,"text":"path 'projects\/2266692961'"},"stepLog":"12:11:17.613 karate.env system property was: null \n"},{"result":{"nanos":2824228,"errorMessage":"http call failed after 2 milliseconds for url: \/projects\/2266692961\nclasspath:todoist-test\/getUserProjects.feature:14","millis":2.824228,"status":"failed"},"step":{"line":14,"prefix":"When","index":1,"text":"method GET"},"stepLog":"12:11:17.620 karate.org.apache.http.ProtocolException: Target host is not specified, http call failed after 2 milliseconds for url: \/projects\/2266692961\n12:11:17.624 classpath:todoist-test\/getUserProjects.feature:14\nWhen method GET\nhttp call failed after 2 milliseconds for url: \/projects\/2266692961\nclasspath:todoist-test\/getUserProjects.feature:14\n"},{"result":{"nanos":0,"millis":0.0,"status":"skipped"},"step":{"line":15,"prefix":"Then","index":2,"text":"status 200"}},{"result":{"nanos":0,"millis":0.0,"status":"skipped"},"step":{"line":16,"prefix":"Then","index":3,"text":"match response.name == \"Inbox\""}}],"line":12,"description":"","durationMillis":5.443366,"failed":true,"error":"http call failed after 2 milliseconds for url: \/projects\/2266692961\nclasspath:todoist-test\/getUserProjects.feature:14","executorName":"pool-1-thread-3","name":"Get one user project","startTime":1623134477607,"refId":"[2:12]","endTime":1623134477624,"exampleIndex":-1},{"sectionIndex":2,"stepResults":[{"result":{"nanos":11367765,"millis":11.367765,"status":"passed"},"step":{"line":19,"prefix":"Given","index":0,"text":"path 'project\/'"},"stepLog":"12:11:17.587 karate.env system property was: null \n"},{"result":{"nanos":12754155,"errorMessage":"http call failed after 8 milliseconds for url: \/project\/\nclasspath:todoist-test\/getUserProjects.feature:20","millis":12.754155,"status":"failed"},"step":{"line":20,"prefix":"When","index":1,"text":"method GET"},"stepLog":"12:11:17.615 karate.org.apache.http.ProtocolException: Target host is not specified, http call failed after 8 milliseconds for url: \/project\/\n12:11:17.616 classpath:todoist-test\/getUserProjects.feature:20\nWhen method GET\nhttp call failed after 8 milliseconds for url: \/project\/\nclasspath:todoist-test\/getUserProjects.feature:20\n"},{"result":{"nanos":0,"millis":0.0,"status":"skipped"},"step":{"line":21,"prefix":"Then","index":2,"text":"status 404"}},{"result":{"nanos":0,"millis":0.0,"status":"skipped"},"step":{"line":22,"prefix":"Then","index":3,"text":"match response == \"404 page not foung\\n\""}}],"line":18,"description":"","durationMillis":24.12192,"failed":true,"error":"http call failed after 8 milliseconds for url: \/project\/\nclasspath:todoist-test\/getUserProjects.feature:20","executorName":"pool-1-thread-5","name":"If error in project path","startTime":1623134477584,"refId":"[3:18]","endTime":1623134477616,"exampleIndex":-1},{"sectionIndex":3,"stepResults":[{"result":{"nanos":5677181,"millis":5.677181,"status":"passed"},"step":{"line":25,"prefix":"Given","index":0,"text":"path 'projects\/22666'"},"stepLog":"12:11:17.600 karate.env system property was: null \n"},{"result":{"nanos":9532885,"errorMessage":"http call failed after 6 milliseconds for url: \/projects\/22666\nclasspath:todoist-test\/getUserProjects.feature:26","millis":9.532885,"status":"failed"},"step":{"line":26,"prefix":"When","index":1,"text":"method GET"},"stepLog":"12:11:17.617 karate.org.apache.http.ProtocolException: Target host is not specified, http call failed after 6 milliseconds for url: \/projects\/22666\n12:11:17.617 classpath:todoist-test\/getUserProjects.feature:26\nWhen method GET\nhttp call failed after 6 milliseconds for url: \/projects\/22666\nclasspath:todoist-test\/getUserProjects.feature:26\n"},{"result":{"nanos":0,"millis":0.0,"status":"skipped"},"step":{"line":27,"prefix":"Then","index":2,"text":"status 404"}},{"result":{"nanos":0,"millis":0.0,"status":"skipped"},"step":{"line":28,"prefix":"Then","index":3,"text":"match response == \"Not Found\\n\""}}],"line":24,"description":"","durationMillis":15.210066,"failed":true,"error":"http call failed after 6 milliseconds for url: \/projects\/22666\nclasspath:todoist-test\/getUserProjects.feature:26","executorName":"pool-1-thread-4","name":"If error in project id","startTime":1623134477598,"refId":"[4:24]","endTime":1623134477621,"exampleIndex":-1}],"callDepth":0,"name":"Get User Projects","description":"","resultDate":"2021-06-08 12:11:19 pm","durationMillis":84.721379,"passedCount":0}