{"failedCount":2,"prefixedPath":"classpath:todoist-test\/addATask.feature","packageQualifiedName":"todoist-test.addATask","loopIndex":-1,"relativePath":"todoist-test\/addATask.feature","scenarioResults":[{"sectionIndex":0,"stepResults":[{"result":{"nanos":10524482,"millis":10.524482,"status":"passed"},"step":{"line":6,"prefix":"Given","index":0,"text":"path 'tasks'"},"stepLog":"10:22:51.892 karate.env system property was: null \n"},{"result":{"nanos":116971045,"millis":116.971045,"status":"passed"},"step":{"endLine":14,"comments":["# And header Authorization = 'Bearer e4c291d63415c9d0f274cf9069d2b571f61a7137'"],"line":8,"prefix":"And","docString":"{\n\"content\": \"Buy Milk\",\n\"project_id\": 2203306141\n}","index":1,"text":"request"}},{"result":{"nanos":413163582,"errorMessage":"http call failed after 296 milliseconds for url: \/tasks\nclasspath:todoist-test\/addATask.feature:15","millis":413.163582,"status":"failed"},"step":{"line":15,"prefix":"When","index":2,"text":"method POST"},"stepLog":"10:22:52.471 karate.org.apache.http.ProtocolException: Target host is not specified, http call failed after 296 milliseconds for url: \/tasks\n10:22:52.505 classpath:todoist-test\/addATask.feature:15\nWhen method POST\nhttp call failed after 296 milliseconds for url: \/tasks\nclasspath:todoist-test\/addATask.feature:15\n"},{"result":{"nanos":0,"millis":0.0,"status":"skipped"},"step":{"line":16,"prefix":"Then","index":3,"text":"status 200"}},{"result":{"nanos":0,"millis":0.0,"status":"skipped"},"step":{"line":17,"prefix":"*","index":4,"text":"def postId = response.id"}},{"result":{"nanos":0,"millis":0.0,"status":"skipped"},"step":{"line":19,"prefix":"Given","index":5,"text":"path 'tasks\/'+postId"}},{"result":{"nanos":0,"millis":0.0,"status":"skipped"},"step":{"line":20,"prefix":"When","index":6,"text":"method get"}},{"result":{"nanos":0,"millis":0.0,"status":"skipped"},"step":{"line":21,"prefix":"Then","index":7,"text":"status 200"}}],"line":5,"description":"","durationMillis":540.659109,"failed":true,"error":"http call failed after 296 milliseconds for url: \/tasks\nclasspath:todoist-test\/addATask.feature:15","executorName":"pool-1-thread-2","name":"Create a New Post","startTime":1623214371787,"refId":"[1:5]","endTime":1623214372505,"exampleIndex":-1},{"sectionIndex":1,"stepResults":[{"result":{"nanos":15420123,"millis":15.420123,"status":"passed"},"step":{"line":23,"prefix":"Given","index":0,"text":"path 'tasks'"},"stepLog":"10:22:51.889 karate.env system property was: null \n"},{"result":{"nanos":114399952,"millis":114.399952,"status":"passed"},"step":{"endLine":30,"comments":["# And header Authorization = 'Bearer e4c291d63415c9d0f274cf9069d2b571f61a7137'"],"line":25,"prefix":"And","docString":"{\n\"project_id\": 2203306141,\n}","index":1,"text":"request"}},{"result":{"nanos":389443000,"errorMessage":"http call failed after 296 milliseconds for url: \/tasks\nclasspath:todoist-test\/addATask.feature:31","millis":389.443,"status":"failed"},"step":{"line":31,"prefix":"When","index":2,"text":"method POST"},"stepLog":"10:22:52.471 karate.org.apache.http.ProtocolException: Target host is not specified, http call failed after 296 milliseconds for url: \/tasks\n10:22:52.472 classpath:todoist-test\/addATask.feature:31\nWhen method POST\nhttp call failed after 296 milliseconds for url: \/tasks\nclasspath:todoist-test\/addATask.feature:31\n"},{"result":{"nanos":0,"millis":0.0,"status":"skipped"},"step":{"line":32,"prefix":"Then","index":3,"text":"status 400"}},{"result":{"nanos":0,"millis":0.0,"status":"skipped"},"step":{"line":33,"prefix":"Then","index":4,"text":"match response == \"Empty content\\n\""}}],"line":22,"description":"","durationMillis":519.263075,"failed":true,"error":"http call failed after 296 milliseconds for url: \/tasks\nclasspath:todoist-test\/addATask.feature:31","executorName":"pool-1-thread-3","name":"Create a new task error","startTime":1623214371787,"refId":"[2:22]","endTime":1623214372472,"exampleIndex":-1}],"callDepth":0,"name":"Adding new task","description":"","resultDate":"2021-06-09 10:22:53 am","durationMillis":1059.922184,"passedCount":0}