{"failedCount":4,"prefixedPath":"classpath:todoist-test\/getUserProjects.feature","packageQualifiedName":"todoist-test.getUserProjects","loopIndex":-1,"relativePath":"todoist-test\/getUserProjects.feature","scenarioResults":[{"sectionIndex":0,"stepResults":[{"result":{"nanos":245979,"millis":0.245979,"status":"passed"},"step":{"background":true,"line":5,"prefix":"*","index":0,"text":"configure headers = { 'Authorization': 'Bearer e4c291d63415c9d0f274cf9069d2b571f61a7137' }"},"stepLog":"10:22:52.537 karate.env system property was: null \n"},{"result":{"nanos":1196139,"millis":1.196139,"status":"passed"},"step":{"line":8,"prefix":"Given","index":0,"text":"path 'projects\/'"}},{"result":{"nanos":22058375,"errorMessage":"http call failed after 15 milliseconds for url: \/projects\/\nclasspath:todoist-test\/getUserProjects.feature:10","millis":22.058375,"status":"failed"},"step":{"comments":["# And header Authorization = 'Bearer e4c291d63415c9d0f274cf9069d2b571f61a7137'"],"line":10,"prefix":"When","index":1,"text":"method GET"},"stepLog":"10:22:52.562 karate.org.apache.http.ProtocolException: Target host is not specified, http call failed after 15 milliseconds for url: \/projects\/\n10:22:52.582 classpath:todoist-test\/getUserProjects.feature:10\nWhen method GET\nhttp call failed after 15 milliseconds for url: \/projects\/\nclasspath:todoist-test\/getUserProjects.feature:10\n"},{"result":{"nanos":0,"millis":0.0,"status":"skipped"},"step":{"line":11,"prefix":"Then","index":2,"text":"status 200"}},{"result":{"nanos":0,"millis":0.0,"status":"skipped"},"step":{"line":12,"prefix":"Then","index":3,"text":"match response[0].name == \"Inbox\""}}],"line":7,"description":"","durationMillis":23.500493,"failed":true,"error":"http call failed after 15 milliseconds for url: \/projects\/\nclasspath:todoist-test\/getUserProjects.feature:10","executorName":"pool-1-thread-2","name":"Get all user projects","startTime":1623214372536,"refId":"[1:7]","endTime":1623214372582,"exampleIndex":-1},{"sectionIndex":1,"stepResults":[{"result":{"nanos":10962372,"millis":10.962372,"status":"passed"},"step":{"background":true,"line":5,"prefix":"*","index":0,"text":"configure headers = { 'Authorization': 'Bearer e4c291d63415c9d0f274cf9069d2b571f61a7137' }"},"stepLog":"10:22:52.554 karate.env system property was: null \n"},{"result":{"nanos":897695,"millis":0.897695,"status":"passed"},"step":{"line":15,"prefix":"Given","index":0,"text":"path 'projects\/2266692961'"}},{"result":{"nanos":22316136,"errorMessage":"http call failed after 1 milliseconds for url: \/projects\/2266692961\nclasspath:todoist-test\/getUserProjects.feature:17","millis":22.316136,"status":"failed"},"step":{"comments":["# And header Authorization = 'Bearer e4c291d63415c9d0f274cf9069d2b571f61a7137'"],"line":17,"prefix":"When","index":1,"text":"method GET"},"stepLog":"10:22:52.594 karate.org.apache.http.ProtocolException: Target host is not specified, http call failed after 1 milliseconds for url: \/projects\/2266692961\n10:22:52.595 classpath:todoist-test\/getUserProjects.feature:17\nWhen method GET\nhttp call failed after 1 milliseconds for url: \/projects\/2266692961\nclasspath:todoist-test\/getUserProjects.feature:17\n"},{"result":{"nanos":0,"millis":0.0,"status":"skipped"},"step":{"line":18,"prefix":"Then","index":2,"text":"status 200"}},{"result":{"nanos":0,"millis":0.0,"status":"skipped"},"step":{"line":19,"prefix":"Then","index":3,"text":"match response.name == \"Inbox\""}}],"line":14,"description":"","durationMillis":34.176203,"failed":true,"error":"http call failed after 1 milliseconds for url: \/projects\/2266692961\nclasspath:todoist-test\/getUserProjects.feature:17","executorName":"pool-1-thread-4","name":"Get one user project","startTime":1623214372544,"refId":"[2:14]","endTime":1623214372595,"exampleIndex":-1},{"sectionIndex":2,"stepResults":[{"result":{"nanos":178926,"millis":0.178926,"status":"passed"},"step":{"background":true,"line":5,"prefix":"*","index":0,"text":"configure headers = { 'Authorization': 'Bearer e4c291d63415c9d0f274cf9069d2b571f61a7137' }"},"stepLog":"10:22:52.555 karate.env system property was: null \n"},{"result":{"nanos":1644859,"millis":1.644859,"status":"passed"},"step":{"line":22,"prefix":"Given","index":0,"text":"path 'project\/'"}},{"result":{"nanos":3307025,"errorMessage":"http call failed after 2 milliseconds for url: \/project\/\nclasspath:todoist-test\/getUserProjects.feature:24","millis":3.307025,"status":"failed"},"step":{"comments":["# And header Authorization = 'Bearer e4c291d63415c9d0f274cf9069d2b571f61a7137'"],"line":24,"prefix":"When","index":1,"text":"method GET"},"stepLog":"10:22:52.562 karate.org.apache.http.ProtocolException: Target host is not specified, http call failed after 2 milliseconds for url: \/project\/\n10:22:52.563 classpath:todoist-test\/getUserProjects.feature:24\nWhen method GET\nhttp call failed after 2 milliseconds for url: \/project\/\nclasspath:todoist-test\/getUserProjects.feature:24\n"},{"result":{"nanos":0,"millis":0.0,"status":"skipped"},"step":{"line":25,"prefix":"Then","index":2,"text":"status 404"}},{"result":{"nanos":0,"millis":0.0,"status":"skipped"},"step":{"line":26,"prefix":"Then","index":3,"text":"match response == \"404 page not foung\\n\""}}],"line":21,"description":"","durationMillis":5.13081,"failed":true,"error":"http call failed after 2 milliseconds for url: \/project\/\nclasspath:todoist-test\/getUserProjects.feature:24","executorName":"pool-1-thread-3","name":"If error in project path","startTime":1623214372553,"refId":"[3:21]","endTime":1623214372563,"exampleIndex":-1},{"sectionIndex":3,"stepResults":[{"result":{"nanos":175358,"millis":0.175358,"status":"passed"},"step":{"background":true,"line":5,"prefix":"*","index":0,"text":"configure headers = { 'Authorization': 'Bearer e4c291d63415c9d0f274cf9069d2b571f61a7137' }"},"stepLog":"10:22:52.590 karate.env system property was: null \n"},{"result":{"nanos":1084049,"millis":1.084049,"status":"passed"},"step":{"line":29,"prefix":"Given","index":0,"text":"path 'projects\/22666'"}},{"result":{"nanos":1836313,"errorMessage":"http call failed after 2 milliseconds for url: \/projects\/22666\nclasspath:todoist-test\/getUserProjects.feature:31","millis":1.836313,"status":"failed"},"step":{"comments":["# And header Authorization = 'Bearer e4c291d63415c9d0f274cf9069d2b571f61a7137'"],"line":31,"prefix":"When","index":1,"text":"method GET"},"stepLog":"10:22:52.595 karate.org.apache.http.ProtocolException: Target host is not specified, http call failed after 2 milliseconds for url: \/projects\/22666\n10:22:52.595 classpath:todoist-test\/getUserProjects.feature:31\nWhen method GET\nhttp call failed after 2 milliseconds for url: \/projects\/22666\nclasspath:todoist-test\/getUserProjects.feature:31\n"},{"result":{"nanos":0,"millis":0.0,"status":"skipped"},"step":{"line":32,"prefix":"Then","index":2,"text":"status 404"}},{"result":{"nanos":0,"millis":0.0,"status":"skipped"},"step":{"line":33,"prefix":"Then","index":3,"text":"match response == \"Not Found\\n\""}}],"line":28,"description":"","durationMillis":3.09572,"failed":true,"error":"http call failed after 2 milliseconds for url: \/projects\/22666\nclasspath:todoist-test\/getUserProjects.feature:31","executorName":"pool-1-thread-1","name":"If error in project id","startTime":1623214372564,"refId":"[4:28]","endTime":1623214372596,"exampleIndex":-1}],"callDepth":0,"name":"Get User Projects","description":"","resultDate":"2021-06-09 10:22:53 am","durationMillis":65.903226,"passedCount":0}