{"failedCount":3,"prefixedPath":"classpath:todoist-test\/createAProject.feature","packageQualifiedName":"todoist-test.createAProject","loopIndex":-1,"relativePath":"todoist-test\/createAProject.feature","scenarioResults":[{"sectionIndex":0,"stepResults":[{"result":{"nanos":1406483,"millis":1.406483,"status":"passed"},"step":{"line":6,"prefix":"Given","index":0,"text":"path 'projects'"},"stepLog":"10:22:52.015 karate.env system property was: null \n"},{"result":{"nanos":61162947,"millis":61.162947,"status":"passed"},"step":{"endLine":13,"comments":["# And header Authorization = 'Bearer e4c291d63415c9d0f274cf9069d2b571f61a7137'"],"line":8,"prefix":"And","docString":"{\n\"name\": \"Shopping List\"\n}","index":1,"text":"request"}},{"result":{"nanos":413559522,"errorMessage":"http call failed after 296 milliseconds for url: \/projects\nclasspath:todoist-test\/createAProject.feature:14","millis":413.559522,"status":"failed"},"step":{"line":14,"prefix":"When","index":2,"text":"method POST"},"stepLog":"10:22:52.495 karate.org.apache.http.ProtocolException: Target host is not specified, http call failed after 296 milliseconds for url: \/projects\n10:22:52.496 classpath:todoist-test\/createAProject.feature:14\nWhen method POST\nhttp call failed after 296 milliseconds for url: \/projects\nclasspath:todoist-test\/createAProject.feature:14\n"},{"result":{"nanos":0,"millis":0.0,"status":"skipped"},"step":{"line":15,"prefix":"Then","index":3,"text":"status 200"}},{"result":{"nanos":0,"millis":0.0,"status":"skipped"},"step":{"line":16,"prefix":"*","index":4,"text":"def projectId = response.id"}},{"result":{"nanos":0,"millis":0.0,"status":"skipped"},"step":{"line":18,"prefix":"Given","index":5,"text":"path 'projects\/'+projectId"}},{"result":{"nanos":0,"millis":0.0,"status":"skipped"},"step":{"comments":["# And header Authorization = 'Bearer e4c291d63415c9d0f274cf9069d2b571f61a7137'"],"line":20,"prefix":"When","index":6,"text":"method get"}},{"result":{"nanos":0,"millis":0.0,"status":"skipped"},"step":{"line":21,"prefix":"Then","index":7,"text":"status 200"}}],"line":5,"description":"","durationMillis":476.128952,"failed":true,"error":"http call failed after 296 milliseconds for url: \/projects\nclasspath:todoist-test\/createAProject.feature:14","executorName":"pool-1-thread-1","name":"Create a New Post","startTime":1623214372011,"refId":"[1:5]","endTime":1623214372496,"exampleIndex":-1},{"sectionIndex":1,"stepResults":[{"result":{"nanos":1273823,"millis":1.273823,"status":"passed"},"step":{"line":24,"prefix":"Given","index":0,"text":"path 'projects'"},"stepLog":"10:22:52.523 karate.env system property was: null \n"},{"result":{"nanos":175879,"millis":0.175879,"status":"passed"},"step":{"endLine":31,"comments":["# And header Authorization = 'Bearer e4c291d63415c9d0f274cf9069d2b571f61a7137'"],"line":26,"prefix":"And","docString":"{\n\"nam\": \"Shopping List\"\n}","index":1,"text":"request"}},{"result":{"nanos":4744259,"errorMessage":"http call failed after 2 milliseconds for url: \/projects\nclasspath:todoist-test\/createAProject.feature:32","millis":4.744259,"status":"failed"},"step":{"line":32,"prefix":"When","index":2,"text":"method POST"},"stepLog":"10:22:52.531 karate.org.apache.http.ProtocolException: Target host is not specified, http call failed after 2 milliseconds for url: \/projects\n10:22:52.531 classpath:todoist-test\/createAProject.feature:32\nWhen method POST\nhttp call failed after 2 milliseconds for url: \/projects\nclasspath:todoist-test\/createAProject.feature:32\n"},{"result":{"nanos":0,"millis":0.0,"status":"skipped"},"step":{"line":33,"prefix":"Then","index":3,"text":"status 400"}}],"line":23,"description":"","durationMillis":6.193961,"failed":true,"error":"http call failed after 2 milliseconds for url: \/projects\nclasspath:todoist-test\/createAProject.feature:32","executorName":"pool-1-thread-3","name":"Error while creating(body mismatch)","startTime":1623214372518,"refId":"[2:23]","endTime":1623214372531,"exampleIndex":-1},{"sectionIndex":2,"stepResults":[{"result":{"nanos":1179431,"millis":1.179431,"status":"passed"},"step":{"line":36,"prefix":"Given","index":0,"text":"path 'projects'"},"stepLog":"10:22:52.490 karate.env system property was: null \n"},{"result":{"nanos":204363,"millis":0.204363,"status":"passed"},"step":{"endLine":43,"comments":["# And header Authorization = 'Bearer e4c291d63415c9d0f274cf9069d2b571f61a7137'"],"line":38,"prefix":"And","docString":"{\n\"name\": \"Shopping List\"\n}","index":1,"text":"request"}},{"result":{"nanos":11029652,"errorMessage":"http call failed after 10 milliseconds for url: \/projects\nclasspath:todoist-test\/createAProject.feature:44","millis":11.029652,"status":"failed"},"step":{"line":44,"prefix":"When","index":2,"text":"method POST"},"stepLog":"10:22:52.505 karate.org.apache.http.ProtocolException: Target host is not specified, http call failed after 10 milliseconds for url: \/projects\n10:22:52.520 classpath:todoist-test\/createAProject.feature:44\nWhen method POST\nhttp call failed after 10 milliseconds for url: \/projects\nclasspath:todoist-test\/createAProject.feature:44\n"},{"result":{"nanos":0,"millis":0.0,"status":"skipped"},"step":{"line":45,"prefix":"Then","index":3,"text":"status 400"}},{"result":{"nanos":0,"millis":0.0,"status":"skipped"},"step":{"line":46,"prefix":"Then","index":4,"text":"response == \"Sync item already processed. Ignored\""}}],"line":35,"description":"","durationMillis":12.413446,"failed":true,"error":"http call failed after 10 milliseconds for url: \/projects\nclasspath:todoist-test\/createAProject.feature:44","executorName":"pool-1-thread-4","name":"Creating same project","startTime":1623214372489,"refId":"[3:35]","endTime":1623214372520,"exampleIndex":-1}],"callDepth":0,"name":"Adding new project","description":"","resultDate":"2021-06-09 10:22:53 am","durationMillis":494.736359,"passedCount":0}