{"failedCount":4,"prefixedPath":"classpath:todoist-test\/getUserProjects.feature","packageQualifiedName":"todoist-test.getUserProjects","loopIndex":-1,"relativePath":"todoist-test\/getUserProjects.feature","scenarioResults":[{"sectionIndex":0,"stepResults":[{"result":{"nanos":2604487,"millis":2.604487,"status":"passed"},"step":{"line":7,"prefix":"Given","index":0,"text":"path 'projects\/'"},"stepLog":"10:02:29.292 karate.env system property was: null \n"},{"result":{"nanos":270157,"millis":0.270157,"status":"passed"},"step":{"line":8,"prefix":"And","index":1,"text":"header Authorization = 'Bearer e4c291d63415c9d0f274cf9069d2b571f61a7137'"}},{"result":{"nanos":17073075,"errorMessage":"http call failed after 15 milliseconds for url: \/projects\/\nclasspath:todoist-test\/getUserProjects.feature:9","millis":17.073075,"status":"failed"},"step":{"line":9,"prefix":"When","index":2,"text":"method GET"},"stepLog":"10:02:29.313 karate.org.apache.http.ProtocolException: Target host is not specified, http call failed after 15 milliseconds for url: \/projects\/\n10:02:29.314 classpath:todoist-test\/getUserProjects.feature:9\nWhen method GET\nhttp call failed after 15 milliseconds for url: \/projects\/\nclasspath:todoist-test\/getUserProjects.feature:9\n"},{"result":{"nanos":0,"millis":0.0,"status":"skipped"},"step":{"line":10,"prefix":"Then","index":3,"text":"status 200"}},{"result":{"nanos":0,"millis":0.0,"status":"skipped"},"step":{"line":11,"prefix":"Then","index":4,"text":"match response[0].name == \"Inbox\""}}],"line":6,"description":"","durationMillis":19.947719,"failed":true,"error":"http call failed after 15 milliseconds for url: \/projects\/\nclasspath:todoist-test\/getUserProjects.feature:9","executorName":"pool-1-thread-1","name":"Get all user projects","startTime":1623213149287,"refId":"[1:6]","endTime":1623213149314,"exampleIndex":-1},{"sectionIndex":1,"stepResults":[{"result":{"nanos":5406734,"millis":5.406734,"status":"passed"},"step":{"line":14,"prefix":"Given","index":0,"text":"path 'projects\/2266692961'"},"stepLog":"10:02:29.280 karate.env system property was: null \n"},{"result":{"nanos":259765,"millis":0.259765,"status":"passed"},"step":{"line":15,"prefix":"And","index":1,"text":"header Authorization = 'Bearer e4c291d63415c9d0f274cf9069d2b571f61a7137'"}},{"result":{"nanos":9231542,"errorMessage":"http call failed after 2 milliseconds for url: \/projects\/2266692961\nclasspath:todoist-test\/getUserProjects.feature:16","millis":9.231542,"status":"failed"},"step":{"line":16,"prefix":"When","index":2,"text":"method GET"},"stepLog":"10:02:29.297 karate.org.apache.http.ProtocolException: Target host is not specified, http call failed after 2 milliseconds for url: \/projects\/2266692961\n10:02:29.298 classpath:todoist-test\/getUserProjects.feature:16\nWhen method GET\nhttp call failed after 2 milliseconds for url: \/projects\/2266692961\nclasspath:todoist-test\/getUserProjects.feature:16\n"},{"result":{"nanos":0,"millis":0.0,"status":"skipped"},"step":{"line":17,"prefix":"Then","index":3,"text":"status 200"}},{"result":{"nanos":0,"millis":0.0,"status":"skipped"},"step":{"line":18,"prefix":"Then","index":4,"text":"match response.name == \"Inbox\""}}],"line":13,"description":"","durationMillis":14.898041,"failed":true,"error":"http call failed after 2 milliseconds for url: \/projects\/2266692961\nclasspath:todoist-test\/getUserProjects.feature:16","executorName":"pool-1-thread-4","name":"Get one user project","startTime":1623213149279,"refId":"[2:13]","endTime":1623213149299,"exampleIndex":-1},{"sectionIndex":2,"stepResults":[{"result":{"nanos":1534112,"millis":1.534112,"status":"passed"},"step":{"line":21,"prefix":"Given","index":0,"text":"path 'project\/'"},"stepLog":"10:02:29.275 karate.env system property was: null \n"},{"result":{"nanos":1132068,"millis":1.132068,"status":"passed"},"step":{"line":22,"prefix":"And","index":1,"text":"header Authorization = 'Bearer e4c291d63415c9d0f274cf9069d2b571f61a7137'"}},{"result":{"nanos":2795064,"errorMessage":"http call failed after 1 milliseconds for url: \/project\/\nclasspath:todoist-test\/getUserProjects.feature:23","millis":2.795064,"status":"failed"},"step":{"line":23,"prefix":"When","index":2,"text":"method GET"},"stepLog":"10:02:29.285 karate.org.apache.http.ProtocolException: Target host is not specified, http call failed after 1 milliseconds for url: \/project\/\n10:02:29.286 classpath:todoist-test\/getUserProjects.feature:23\nWhen method GET\nhttp call failed after 1 milliseconds for url: \/project\/\nclasspath:todoist-test\/getUserProjects.feature:23\n"},{"result":{"nanos":0,"millis":0.0,"status":"skipped"},"step":{"line":24,"prefix":"Then","index":3,"text":"status 404"}},{"result":{"nanos":0,"millis":0.0,"status":"skipped"},"step":{"line":25,"prefix":"Then","index":4,"text":"match response == \"404 page not foung\\n\""}}],"line":20,"description":"","durationMillis":5.461244,"failed":true,"error":"http call failed after 1 milliseconds for url: \/project\/\nclasspath:todoist-test\/getUserProjects.feature:23","executorName":"pool-1-thread-2","name":"If error in project path","startTime":1623213149271,"refId":"[3:20]","endTime":1623213149287,"exampleIndex":-1},{"sectionIndex":3,"stepResults":[{"result":{"nanos":21258436,"millis":21.258436,"status":"passed"},"step":{"line":28,"prefix":"Given","index":0,"text":"path 'projects\/22666'"},"stepLog":"10:02:29.303 karate.env system property was: null \n"},{"result":{"nanos":216198,"millis":0.216198,"status":"passed"},"step":{"line":29,"prefix":"And","index":1,"text":"header Authorization = 'Bearer e4c291d63415c9d0f274cf9069d2b571f61a7137'"}},{"result":{"nanos":1915657,"errorMessage":"http call failed after 2 milliseconds for url: \/projects\/22666\nclasspath:todoist-test\/getUserProjects.feature:30","millis":1.915657,"status":"failed"},"step":{"line":30,"prefix":"When","index":2,"text":"method GET"},"stepLog":"10:02:29.328 karate.org.apache.http.ProtocolException: Target host is not specified, http call failed after 2 milliseconds for url: \/projects\/22666\n10:02:29.329 classpath:todoist-test\/getUserProjects.feature:30\nWhen method GET\nhttp call failed after 2 milliseconds for url: \/projects\/22666\nclasspath:todoist-test\/getUserProjects.feature:30\n"},{"result":{"nanos":0,"millis":0.0,"status":"skipped"},"step":{"line":31,"prefix":"Then","index":3,"text":"status 404"}},{"result":{"nanos":0,"millis":0.0,"status":"skipped"},"step":{"line":32,"prefix":"Then","index":4,"text":"match response == \"Not Found\\n\""}}],"line":27,"description":"","durationMillis":23.390291,"failed":true,"error":"http call failed after 2 milliseconds for url: \/projects\/22666\nclasspath:todoist-test\/getUserProjects.feature:30","executorName":"pool-1-thread-5","name":"If error in project id","startTime":1623213149302,"refId":"[4:27]","endTime":1623213149329,"exampleIndex":-1}],"callDepth":0,"name":"Get User Projects","description":"","resultDate":"2021-06-09 10:02:30 am","durationMillis":63.697295,"passedCount":0}