{"failedCount":4,"prefixedPath":"classpath:todoist-test\/getUserProjects.feature","packageQualifiedName":"todoist-test.getUserProjects","loopIndex":-1,"relativePath":"todoist-test\/getUserProjects.feature","scenarioResults":[{"sectionIndex":0,"stepResults":[{"result":{"nanos":6318492,"millis":6.318492,"status":"passed"},"step":{"line":7,"prefix":"Given","index":0,"text":"path 'projects\/'"},"stepLog":"12:20:47.171 karate.env system property was: null \n"},{"result":{"nanos":3148040,"errorMessage":"http call failed after 2 milliseconds for url: \/projects\/\nclasspath:todoist-test\/getUserProjects.feature:8","millis":3.14804,"status":"failed"},"step":{"line":8,"prefix":"When","index":1,"text":"method GET"},"stepLog":"12:20:47.204 karate.org.apache.http.ProtocolException: Target host is not specified, http call failed after 2 milliseconds for url: \/projects\/\n12:20:47.205 classpath:todoist-test\/getUserProjects.feature:8\nWhen method GET\nhttp call failed after 2 milliseconds for url: \/projects\/\nclasspath:todoist-test\/getUserProjects.feature:8\n"},{"result":{"nanos":0,"millis":0.0,"status":"skipped"},"step":{"line":9,"prefix":"Then","index":2,"text":"status 200"}},{"result":{"nanos":0,"millis":0.0,"status":"skipped"},"step":{"line":10,"prefix":"Then","index":3,"text":"match response[0].name == \"Inbox\""}}],"line":6,"description":"","durationMillis":9.466532,"failed":true,"error":"http call failed after 2 milliseconds for url: \/projects\/\nclasspath:todoist-test\/getUserProjects.feature:8","executorName":"pool-1-thread-1","name":"Get all user projects","startTime":1623135047166,"refId":"[1:6]","endTime":1623135047205,"exampleIndex":-1},{"sectionIndex":1,"stepResults":[{"result":{"nanos":6180717,"millis":6.180717,"status":"passed"},"step":{"line":13,"prefix":"Given","index":0,"text":"path 'projects\/2266692961'"},"stepLog":"12:20:47.172 karate.env system property was: null \n"},{"result":{"nanos":25403081,"errorMessage":"http call failed after 2 milliseconds for url: \/projects\/2266692961\nclasspath:todoist-test\/getUserProjects.feature:14","millis":25.403081,"status":"failed"},"step":{"line":14,"prefix":"When","index":1,"text":"method GET"},"stepLog":"12:20:47.227 karate.org.apache.http.ProtocolException: Target host is not specified, http call failed after 2 milliseconds for url: \/projects\/2266692961\n12:20:47.228 classpath:todoist-test\/getUserProjects.feature:14\nWhen method GET\nhttp call failed after 2 milliseconds for url: \/projects\/2266692961\nclasspath:todoist-test\/getUserProjects.feature:14\n"},{"result":{"nanos":0,"millis":0.0,"status":"skipped"},"step":{"line":15,"prefix":"Then","index":2,"text":"status 200"}},{"result":{"nanos":0,"millis":0.0,"status":"skipped"},"step":{"line":16,"prefix":"Then","index":3,"text":"match response.name == \"Inbox\""}}],"line":12,"description":"","durationMillis":31.583798,"failed":true,"error":"http call failed after 2 milliseconds for url: \/projects\/2266692961\nclasspath:todoist-test\/getUserProjects.feature:14","executorName":"pool-1-thread-2","name":"Get one user project","startTime":1623135047165,"refId":"[2:12]","endTime":1623135047229,"exampleIndex":-1},{"sectionIndex":2,"stepResults":[{"result":{"nanos":1458508,"millis":1.458508,"status":"passed"},"step":{"line":19,"prefix":"Given","index":0,"text":"path 'project\/'"},"stepLog":"12:20:47.168 karate.env system property was: null \n"},{"result":{"nanos":19691067,"errorMessage":"http call failed after 15 milliseconds for url: \/project\/\nclasspath:todoist-test\/getUserProjects.feature:20","millis":19.691067,"status":"failed"},"step":{"line":20,"prefix":"When","index":1,"text":"method GET"},"stepLog":"12:20:47.191 karate.org.apache.http.ProtocolException: Target host is not specified, http call failed after 15 milliseconds for url: \/project\/\n12:20:47.191 classpath:todoist-test\/getUserProjects.feature:20\nWhen method GET\nhttp call failed after 15 milliseconds for url: \/project\/\nclasspath:todoist-test\/getUserProjects.feature:20\n"},{"result":{"nanos":0,"millis":0.0,"status":"skipped"},"step":{"line":21,"prefix":"Then","index":2,"text":"status 404"}},{"result":{"nanos":0,"millis":0.0,"status":"skipped"},"step":{"line":22,"prefix":"Then","index":3,"text":"match response == \"404 page not foung\\n\""}}],"line":18,"description":"","durationMillis":21.149575,"failed":true,"error":"http call failed after 15 milliseconds for url: \/project\/\nclasspath:todoist-test\/getUserProjects.feature:20","executorName":"pool-1-thread-4","name":"If error in project path","startTime":1623135047165,"refId":"[3:18]","endTime":1623135047191,"exampleIndex":-1},{"sectionIndex":3,"stepResults":[{"result":{"nanos":1086401,"millis":1.086401,"status":"passed"},"step":{"line":25,"prefix":"Given","index":0,"text":"path 'projects\/22666'"},"stepLog":"12:20:47.223 karate.env system property was: null \n"},{"result":{"nanos":4184924,"errorMessage":"http call failed after 3 milliseconds for url: \/projects\/22666\nclasspath:todoist-test\/getUserProjects.feature:26","millis":4.184924,"status":"failed"},"step":{"line":26,"prefix":"When","index":1,"text":"method GET"},"stepLog":"12:20:47.230 karate.org.apache.http.ProtocolException: Target host is not specified, http call failed after 3 milliseconds for url: \/projects\/22666\n12:20:47.231 classpath:todoist-test\/getUserProjects.feature:26\nWhen method GET\nhttp call failed after 3 milliseconds for url: \/projects\/22666\nclasspath:todoist-test\/getUserProjects.feature:26\n"},{"result":{"nanos":0,"millis":0.0,"status":"skipped"},"step":{"line":27,"prefix":"Then","index":2,"text":"status 404"}},{"result":{"nanos":0,"millis":0.0,"status":"skipped"},"step":{"line":28,"prefix":"Then","index":3,"text":"match response == \"Not Found\\n\""}}],"line":24,"description":"","durationMillis":5.271325,"failed":true,"error":"http call failed after 3 milliseconds for url: \/projects\/22666\nclasspath:todoist-test\/getUserProjects.feature:26","executorName":"pool-1-thread-3","name":"If error in project id","startTime":1623135047204,"refId":"[4:24]","endTime":1623135047231,"exampleIndex":-1}],"callDepth":0,"name":"Get User Projects","description":"","resultDate":"2021-06-08 12:20:48 pm","durationMillis":67.47123,"passedCount":0}