<?xml version="1.0" encoding="UTF-8"?>
<testsuite xmlns:xsi="http://www.w3.org/2001/XMLSchema-instance" xsi:noNamespaceSchemaLocation="https://maven.apache.org/surefire/maven-surefire-plugin/xsd/surefire-test-report.xsd" name="examples.TodoistTest" time="7.632" tests="1" errors="0" skipped="0" failures="1">
  <properties>
[...]
</properties>
  <testcase name="testParallel" classname="examples.TodoistTest" time="7.619">
    <failure message="status code was: 405, expected: 204, response time in milliseconds: 1350, url: https://api.todoist.com/rest/v1/tasks/487290266/reopen, response: &#10;&#10;classpath:todoist-test/closeATask.feature:12&#10;status code was: 405, expected: 204, response time in milliseconds: 1347, url: https://api.todoist.com/rest/v1/tasks/487290266/close, response: &#10;&#10;classpath:todoist-test/closeATask.feature:18&#10;java.lang.NullPointerException&#10;classpath:todoist-test/closeATask.feature:23&#10;status code was: 400, expected: 204, response time in milliseconds: 418, url: https://api.todoist.com/rest/v1/projects/2203306141, response: &#10;The token does not have sufficient scopes&#10;&#10;classpath:todoist-test/deleteAProject.feature:11&#10;status code was: 400, expected: 404, response time in milliseconds: 764, url: https://api.todoist.com/rest/v1/projects/2203306, response: &#10;The token does not have sufficient scopes&#10;&#10;classpath:todoist-test/deleteAProject.feature:17&#10;status code was: 400, expected: 200, response time in milliseconds: 1510, url: https://api.todoist.com/rest/v1/projects, response: &#10;Maximum number of projects per user limit reached&#10;&#10;classpath:todoist-test/createAProject.feature:17&#10;no step-definition method match found for: response == &quot;Sync item already processed. Ignored&quot;&#10;classpath:todoist-test/createAProject.feature:48 ==&gt; expected: &lt;0&gt; but was: &lt;7&gt;" type="org.opentest4j.AssertionFailedError"><![CDATA[org.opentest4j.AssertionFailedError: 
status code was: 405, expected: 204, response time in milliseconds: 1350, url: https://api.todoist.com/rest/v1/tasks/487290266/reopen, response: 

classpath:todoist-test/closeATask.feature:12
status code was: 405, expected: 204, response time in milliseconds: 1347, url: https://api.todoist.com/rest/v1/tasks/487290266/close, response: 

classpath:todoist-test/closeATask.feature:18
java.lang.NullPointerException
classpath:todoist-test/closeATask.feature:23
status code was: 400, expected: 204, response time in milliseconds: 418, url: https://api.todoist.com/rest/v1/projects/2203306141, response: 
The token does not have sufficient scopes

classpath:todoist-test/deleteAProject.feature:11
status code was: 400, expected: 404, response time in milliseconds: 764, url: https://api.todoist.com/rest/v1/projects/2203306, response: 
The token does not have sufficient scopes

classpath:todoist-test/deleteAProject.feature:17
status code was: 400, expected: 200, response time in milliseconds: 1510, url: https://api.todoist.com/rest/v1/projects, response: 
Maximum number of projects per user limit reached

classpath:todoist-test/createAProject.feature:17
no step-definition method match found for: response == "Sync item already processed. Ignored"
classpath:todoist-test/createAProject.feature:48 ==> expected: <0> but was: <7>
	at examples.TodoistTest.testParallel(TodoistTest.java:16)
]]></failure>
    <system-out><![CDATA[11:37:45.770 [main] DEBUG com.intuit.karate.Suite - [config] classpath:karate-config.js
11:37:45.778 [main] INFO  com.intuit.karate.Suite - backed up existing 'target/karate-reports' dir to: target/karate-reports_1623218865778
11:37:45.790 [main] DEBUG com.intuit.karate.Suite - waiting for 6 features to complete
11:37:47.615 [pool-1-thread-3] INFO  com.intuit.karate - karate.env system property was: null 
11:37:47.615 [pool-1-thread-2] INFO  com.intuit.karate - karate.env system property was: null 
11:37:47.616 [pool-1-thread-1] INFO  com.intuit.karate - karate.env system property was: null 
11:37:47.615 [pool-1-thread-4] INFO  com.intuit.karate - karate.env system property was: null 
11:37:47.615 [pool-1-thread-5] INFO  com.intuit.karate - karate.env system property was: null 
11:37:47.729 [pool-1-thread-1] INFO  com.intuit.karate - karate.env system property was: null 
11:37:47.810 [pool-1-thread-1] ERROR com.intuit.karate - classpath:todoist-test/closeATask.feature:23
Then status 400
java.lang.NullPointerException
classpath:todoist-test/closeATask.feature:23
11:37:47.856 [pool-1-thread-1] INFO  com.intuit.karate - karate.env system property was: null 
11:37:48.430 [pool-1-thread-4] DEBUG com.intuit.karate - request:
1 > GET https://api.todoist.com/rest/v1/tasks/487290266/reopen
1 > Authorization: Bearer e4c291d63415c9d0f274cf9069d2b571f61a7137
1 > Host: api.todoist.com
1 > Connection: Keep-Alive
1 > User-Agent: Apache-HttpClient/4.5.13 (Java/11.0.11)
1 > Accept-Encoding: gzip,deflate


11:37:48.431 [pool-1-thread-5] DEBUG com.intuit.karate - request:
1 > GET https://api.todoist.com/rest/v1/tasks/487290266/close
1 > Authorization: Bearer e4c291d63415c9d0f274cf9069d2b571f61a7137
1 > Host: api.todoist.com
1 > Connection: Keep-Alive
1 > User-Agent: Apache-HttpClient/4.5.13 (Java/11.0.11)
1 > Accept-Encoding: gzip,deflate


11:37:48.433 [pool-1-thread-1] DEBUG com.intuit.karate - request:
1 > POST https://api.todoist.com/rest/v1/projects
1 > Authorization: Bearer e4c291d63415c9d0f274cf9069d2b571f61a7137
1 > Content-Type: application/json; charset=UTF-8
1 > Content-Length: 24
1 > Host: api.todoist.com
1 > Connection: Keep-Alive
1 > User-Agent: Apache-HttpClient/4.5.13 (Java/11.0.11)
1 > Accept-Encoding: gzip,deflate
{"name":"Shopping List"}

11:37:48.436 [pool-1-thread-3] DEBUG com.intuit.karate - request:
1 > POST https://api.todoist.com/rest/v1/tasks
1 > Authorization: Bearer e4c291d63415c9d0f274cf9069d2b571f61a7137
1 > Content-Type: application/json; charset=UTF-8
1 > Content-Length: 25
1 > Host: api.todoist.com
1 > Connection: Keep-Alive
1 > User-Agent: Apache-HttpClient/4.5.13 (Java/11.0.11)
1 > Accept-Encoding: gzip,deflate
{"project_id":2203306141}

11:37:48.442 [pool-1-thread-2] DEBUG com.intuit.karate - request:
1 > POST https://api.todoist.com/rest/v1/tasks
1 > Authorization: Bearer e4c291d63415c9d0f274cf9069d2b571f61a7137
1 > Content-Type: application/json; charset=UTF-8
1 > Content-Length: 46
1 > Host: api.todoist.com
1 > Connection: Keep-Alive
1 > User-Agent: Apache-HttpClient/4.5.13 (Java/11.0.11)
1 > Accept-Encoding: gzip,deflate
{"project_id":2203306141,"content":"Buy Milk"}

---------------------------------------------------------
feature: classpath:todoist-test/OAuth.feature
scenarios:  1 | passed:  1 | failed:  0 | time: 0.0014
---------------------------------------------------------

11:37:49.105 [pool-2-thread-1] INFO  com.intuit.karate.Suite - <<pass>> feature 1 of 6 (5 remaining) classpath:todoist-test/OAuth.feature
11:37:49.783 [pool-1-thread-5] DEBUG com.intuit.karate - response time in milliseconds: 1347
1 < 405
1 < Content-Length: 0
1 < Connection: keep-alive
1 < Date: Wed, 09 Jun 2021 06:07:49 GMT
1 < X-Cache: Error from cloudfront
1 < Via: 1.1 73965a3df6a91e968e55d2d6ab5113be.cloudfront.net (CloudFront)
1 < X-Amz-Cf-Pop: HYD50-C1
1 < X-Amz-Cf-Id: -tKEUGUheA3c3tBifU_7R8BSxvbbHt5pVJ9XibNSRxGQvncoDv5ExQ==

11:37:49.783 [pool-1-thread-4] DEBUG com.intuit.karate - response time in milliseconds: 1350
1 < 405
1 < Content-Length: 0
1 < Connection: keep-alive
1 < Date: Wed, 09 Jun 2021 06:07:49 GMT
1 < X-Cache: Error from cloudfront
1 < Via: 1.1 f1d4e39bef236cf869562ee55cde3be5.cloudfront.net (CloudFront)
1 < X-Amz-Cf-Pop: HYD50-C1
1 < X-Amz-Cf-Id: EDIJOas-isfw3P10ntURynvY6FSDGAvyaWKmKxpvF9J2f0m5IZQ88A==

11:37:49.783 [pool-1-thread-3] DEBUG com.intuit.karate - response time in milliseconds: 1344
1 < 400
1 < Content-Type: text/plain; charset=utf-8
1 < Content-Length: 14
1 < Connection: keep-alive
1 < Date: Wed, 09 Jun 2021 06:07:49 GMT
1 < X-Content-Type-Options: nosniff
1 < X-Cache: Error from cloudfront
1 < Via: 1.1 61c8e84cb23f6e3bff5da088063e4b27.cloudfront.net (CloudFront)
1 < X-Amz-Cf-Pop: HYD50-C1
1 < X-Amz-Cf-Id: 6vw-ifXc5R6McEEZIoHehCjBKee2wC3CevdhPWo4ghCNdrh2FIL0vQ==
Empty content

11:37:49.785 [pool-1-thread-4] ERROR com.intuit.karate - classpath:todoist-test/closeATask.feature:12
Then status 204
status code was: 405, expected: 204, response time in milliseconds: 1350, url: https://api.todoist.com/rest/v1/tasks/487290266/reopen, response: 

classpath:todoist-test/closeATask.feature:12
11:37:49.788 [pool-1-thread-5] ERROR com.intuit.karate - classpath:todoist-test/closeATask.feature:18
Then status 204
status code was: 405, expected: 204, response time in milliseconds: 1347, url: https://api.todoist.com/rest/v1/tasks/487290266/close, response: 

classpath:todoist-test/closeATask.feature:18
11:37:49.809 [pool-1-thread-5] INFO  com.intuit.karate - karate.env system property was: null 
11:37:49.812 [pool-1-thread-4] INFO  com.intuit.karate - karate.env system property was: null 
11:37:49.828 [pool-1-thread-3] INFO  com.intuit.karate - karate.env system property was: null 
11:37:49.834 [pool-1-thread-4] DEBUG com.intuit.karate - request:
1 > POST https://api.todoist.com/rest/v1/projects
1 > Authorization: Bearer e4c291d63415c9d0f274cf9069d2b571f61a7137
1 > Content-Type: application/json; charset=UTF-8
1 > Content-Length: 23
1 > Host: api.todoist.com
1 > Connection: Keep-Alive
1 > User-Agent: Apache-HttpClient/4.5.13 (Java/11.0.11)
1 > Accept-Encoding: gzip,deflate
{"nam":"Shopping List"}

11:37:49.836 [pool-1-thread-5] DEBUG com.intuit.karate - request:
1 > POST https://api.todoist.com/rest/v1/projects
1 > Authorization: Bearer e4c291d63415c9d0f274cf9069d2b571f61a7137
1 > Content-Type: application/json; charset=UTF-8
1 > Content-Length: 24
1 > Host: api.todoist.com
1 > Connection: Keep-Alive
1 > User-Agent: Apache-HttpClient/4.5.13 (Java/11.0.11)
1 > Accept-Encoding: gzip,deflate
{"name":"Shopping List"}

11:37:49.843 [pool-1-thread-3] DEBUG com.intuit.karate - request:
1 > DELETE https://api.todoist.com/rest/v1/projects/2203306141
1 > Authorization: Bearer e4c291d63415c9d0f274cf9069d2b571f61a7137
1 > Host: api.todoist.com
1 > Connection: Keep-Alive
1 > User-Agent: Apache-HttpClient/4.5.13 (Java/11.0.11)
1 > Accept-Encoding: gzip,deflate


11:37:49.947 [pool-1-thread-1] DEBUG com.intuit.karate - response time in milliseconds: 1510
1 < 400
1 < Content-Type: text/plain; charset=utf-8
1 < Content-Length: 50
1 < Connection: keep-alive
1 < Date: Wed, 09 Jun 2021 06:07:49 GMT
1 < X-Content-Type-Options: nosniff
1 < X-Cache: Error from cloudfront
1 < Via: 1.1 73965a3df6a91e968e55d2d6ab5113be.cloudfront.net (CloudFront)
1 < X-Amz-Cf-Pop: HYD50-C1
1 < X-Amz-Cf-Id: 4i3tWEAb-It9Ne6HIbHVck5FBVZ4yc8gmu0wKwvbzA_xdKg9SiuqAA==
Maximum number of projects per user limit reached

11:37:49.949 [pool-1-thread-1] ERROR com.intuit.karate - classpath:todoist-test/createAProject.feature:17
Then status 200
status code was: 400, expected: 200, response time in milliseconds: 1510, url: https://api.todoist.com/rest/v1/projects, response: 
Maximum number of projects per user limit reached

classpath:todoist-test/createAProject.feature:17
11:37:49.958 [pool-1-thread-1] INFO  com.intuit.karate - karate.env system property was: null 
11:37:49.969 [pool-1-thread-1] DEBUG com.intuit.karate - request:
1 > DELETE https://api.todoist.com/rest/v1/projects/2203306
1 > Authorization: Bearer e4c291d63415c9d0f274cf9069d2b571f61a7137
1 > Host: api.todoist.com
1 > Connection: Keep-Alive
1 > User-Agent: Apache-HttpClient/4.5.13 (Java/11.0.11)
1 > Accept-Encoding: gzip,deflate


11:37:50.133 [pool-1-thread-2] DEBUG com.intuit.karate - response time in milliseconds: 1691
1 < 200
1 < Content-Type: application/json
1 < Content-Length: 328
1 < Connection: keep-alive
1 < Date: Wed, 09 Jun 2021 06:07:50 GMT
1 < X-Cache: Miss from cloudfront
1 < Via: 1.1 5c49044a9bbc82066ce04ae597e1a6a7.cloudfront.net (CloudFront)
1 < X-Amz-Cf-Pop: HYD50-C1
1 < X-Amz-Cf-Id: E-QU4qGeHWuf1f_ofm5VxRk3tuP1PCduCup3lhpwRS6NzWYhD_Po3A==
{"comment_count":0,"creator":34149327,"label_ids":[],"created":"2021-06-09T06:07:49Z","assigner":0,"description":"","completed":false,"priority":1,"content":"Buy Milk","url":"https:\/\/todoist.com\/showTask?id=4896107094","section_id":0,"project_id":2266692961,"id":4896107094,"order":4}
11:37:50.151 [pool-1-thread-2] DEBUG com.intuit.karate - request:
2 > GET https://api.todoist.com/rest/v1/tasks/4896107094
2 > Authorization: Bearer e4c291d63415c9d0f274cf9069d2b571f61a7137
2 > Host: api.todoist.com
2 > Connection: Keep-Alive
2 > User-Agent: Apache-HttpClient/4.5.13 (Java/11.0.11)
2 > Accept-Encoding: gzip,deflate


11:37:50.262 [pool-1-thread-3] DEBUG com.intuit.karate - response time in milliseconds: 418
1 < 400
1 < Content-Type: text/plain; charset=utf-8
1 < Content-Length: 42
1 < Connection: keep-alive
1 < Date: Wed, 09 Jun 2021 06:07:50 GMT
1 < X-Content-Type-Options: nosniff
1 < X-Cache: Error from cloudfront
1 < Via: 1.1 5d33745305d74a633a532a9b09259451.cloudfront.net (CloudFront)
1 < X-Amz-Cf-Pop: HYD50-C1
1 < X-Amz-Cf-Id: DdeqZYhccQBINbOg_MRLbFHwqSPIsfQddDGyeR2OyMsSD3G_YqVGuw==
The token does not have sufficient scopes

11:37:50.265 [pool-1-thread-3] ERROR com.intuit.karate - classpath:todoist-test/deleteAProject.feature:11
Then status 204
status code was: 400, expected: 204, response time in milliseconds: 418, url: https://api.todoist.com/rest/v1/projects/2203306141, response: 
The token does not have sufficient scopes

classpath:todoist-test/deleteAProject.feature:11
11:37:50.271 [pool-1-thread-3] INFO  com.intuit.karate - karate.env system property was: null 
11:37:50.279 [pool-1-thread-3] DEBUG com.intuit.karate - request:
1 > GET https://api.todoist.com/rest/v1/projects
1 > Authorization: Bearer e4c291d63415c9d0f274cf9069d2b571f61a7137
1 > Host: api.todoist.com
1 > Connection: Keep-Alive
1 > User-Agent: Apache-HttpClient/4.5.13 (Java/11.0.11)
1 > Accept-Encoding: gzip,deflate


11:37:50.601 [pool-1-thread-4] DEBUG com.intuit.karate - response time in milliseconds: 765
1 < 400
1 < Content-Type: text/plain; charset=utf-8
1 < Content-Length: 11
1 < Connection: keep-alive
1 < Date: Wed, 09 Jun 2021 06:07:50 GMT
1 < X-Content-Type-Options: nosniff
1 < X-Cache: Error from cloudfront
1 < Via: 1.1 601b50d44149223eb0103a4801dc88ba.cloudfront.net (CloudFront)
1 < X-Amz-Cf-Pop: HYD50-C1
1 < X-Amz-Cf-Id: xcmgRI5TbO-Wh5zUSBLeE6jDWaiTMwwOKJI8oM3vthoZelARfkypXA==
Empty name

11:37:50.619 [pool-1-thread-4] INFO  com.intuit.karate - karate.env system property was: null 
11:37:50.631 [pool-1-thread-4] DEBUG com.intuit.karate - request:
1 > GET https://api.todoist.com/rest/v1/projects/2266692961
1 > Authorization: Bearer e4c291d63415c9d0f274cf9069d2b571f61a7137
1 > Host: api.todoist.com
1 > Connection: Keep-Alive
1 > User-Agent: Apache-HttpClient/4.5.13 (Java/11.0.11)
1 > Accept-Encoding: gzip,deflate


11:37:50.683 [pool-1-thread-5] DEBUG com.intuit.karate - response time in milliseconds: 846
1 < 400
1 < Content-Type: text/plain; charset=utf-8
1 < Content-Length: 50
1 < Connection: keep-alive
1 < Date: Wed, 09 Jun 2021 06:07:50 GMT
1 < X-Content-Type-Options: nosniff
1 < X-Cache: Error from cloudfront
1 < Via: 1.1 e05b60f5871f298dbb2f73224ccaa683.cloudfront.net (CloudFront)
1 < X-Amz-Cf-Pop: HYD50-C1
1 < X-Amz-Cf-Id: ARI9U8OLY4PVlA2Tm6UZrjs36IvXz6uClH9e4e_W2sabRz162hOwng==
Maximum number of projects per user limit reached

11:37:50.689 [pool-1-thread-5] ERROR com.intuit.karate - classpath:todoist-test/createAProject.feature:48
Then response == "Sync item already processed. Ignored"
no step-definition method match found for: response == "Sync item already processed. Ignored"
classpath:todoist-test/createAProject.feature:48
11:37:50.700 [pool-1-thread-5] INFO  com.intuit.karate - karate.env system property was: null 
11:37:50.715 [pool-1-thread-5] DEBUG com.intuit.karate - request:
1 > GET https://api.todoist.com/rest/v1/project/
1 > Authorization: Bearer e4c291d63415c9d0f274cf9069d2b571f61a7137
1 > Host: api.todoist.com
1 > Connection: Keep-Alive
1 > User-Agent: Apache-HttpClient/4.5.13 (Java/11.0.11)
1 > Accept-Encoding: gzip,deflate


11:37:50.736 [pool-1-thread-1] DEBUG com.intuit.karate - response time in milliseconds: 764
1 < 400
1 < Content-Type: text/plain; charset=utf-8
1 < Content-Length: 42
1 < Connection: keep-alive
1 < Date: Wed, 09 Jun 2021 06:07:50 GMT
1 < X-Content-Type-Options: nosniff
1 < X-Cache: Error from cloudfront
1 < Via: 1.1 5a0b4545b6ccc93ea532871131fe29d5.cloudfront.net (CloudFront)
1 < X-Amz-Cf-Pop: HYD50-C1
1 < X-Amz-Cf-Id: czgcr8EnU-hIYgBkZGMecvrBKYO8xpU0lej5ibHlR2YbTvY1ie4WpA==
The token does not have sufficient scopes

11:37:50.739 [pool-1-thread-1] ERROR com.intuit.karate - classpath:todoist-test/deleteAProject.feature:17
Then status 404
status code was: 400, expected: 404, response time in milliseconds: 764, url: https://api.todoist.com/rest/v1/projects/2203306, response: 
The token does not have sufficient scopes

classpath:todoist-test/deleteAProject.feature:17
11:37:50.749 [pool-1-thread-1] INFO  com.intuit.karate - karate.env system property was: null 
11:37:50.763 [pool-1-thread-1] DEBUG com.intuit.karate - request:
1 > GET https://api.todoist.com/rest/v1/projects/22666
1 > Authorization: Bearer e4c291d63415c9d0f274cf9069d2b571f61a7137
1 > Host: api.todoist.com
1 > Connection: Keep-Alive
1 > User-Agent: Apache-HttpClient/4.5.13 (Java/11.0.11)
1 > Accept-Encoding: gzip,deflate


11:37:50.940 [pool-1-thread-2] DEBUG com.intuit.karate - response time in milliseconds: 786
2 < 200
2 < Content-Type: application/json
2 < Content-Length: 328
2 < Connection: keep-alive
2 < Date: Wed, 09 Jun 2021 06:07:50 GMT
2 < X-Cache: Miss from cloudfront
2 < Via: 1.1 895cdc72d0f882be5d53af58b9557570.cloudfront.net (CloudFront)
2 < X-Amz-Cf-Pop: HYD50-C1
2 < X-Amz-Cf-Id: 4iLCVvoMr8YlcpDLGB28gA6nBSvWO4hTkn0dNRpVxijii8flTFhaIQ==
{"comment_count":0,"creator":34149327,"label_ids":[],"created":"2021-06-09T06:07:49Z","assigner":0,"description":"","completed":false,"priority":1,"content":"Buy Milk","url":"https:\/\/todoist.com\/showTask?id=4896107094","section_id":0,"project_id":2266692961,"id":4896107094,"order":4}
11:37:51.070 [pool-1-thread-3] DEBUG com.intuit.karate - response time in milliseconds: 787
1 < 200
1 < Content-Type: application/json
1 < Transfer-Encoding: chunked
1 < Connection: keep-alive
1 < Vary: Accept-Encoding
1 < Date: Wed, 09 Jun 2021 06:07:51 GMT
1 < X-Cache: Miss from cloudfront
1 < Via: 1.1 3dad6ded2d7744bd551eb80dd12cce0b.cloudfront.net (CloudFront)
1 < X-Amz-Cf-Pop: HYD50-C1
1 < X-Amz-Cf-Id: BiXUNa1WJlp_fOQLIa9aoH4-raBjgDeYmSgN9x-xjFnLbSMU-1Pl-w==
[{"comment_count":0,"shared":false,"color":48,"name":"Inbox","id":2266692961,"inbox_project":true,"sync_id":0,"favorite":false,"url":"https:\/\/todoist.com\/showProject?id=2266692961"},{"comment_count":0,"shared":false,"color":48,"name":"Welcome 👋","id":2266692962,"sync_id":0,"favorite":false,"url":"https:\/\/todoist.com\/showProject?id=2266692962","order":1},{"comment_count":0,"shared":false,"color":48,"name":"Try Boards","id":2266692963,"sync_id":0,"favorite":false,"url":"https:\/\/todoist.com\/showProject?id=2266692963","order":2},{"comment_count":0,"shared":false,"color":47,"name":"Shopping List","id":2267257652,"sync_id":0,"favorite":false,"url":"https:\/\/todoist.com\/showProject?id=2267257652","order":3},{"comment_count":0,"shared":false,"color":47,"name":"Shopping List","id":2267257653,"sync_id":0,"favorite":false,"url":"https:\/\/todoist.com\/showProject?id=2267257653","order":4},{"comment_count":0,"shared":false,"color":47,"name":"Shopping List","id":2267257935,"sync_id":0,"favorite":false,"url":"https:\/\/todoist.com\/showProject?id=2267257935","order":5},{"comment_count":0,"shared":false,"color":47,"name":"Shopping List","id":2267257936,"sync_id":0,"favorite":false,"url":"https:\/\/todoist.com\/showProject?id=2267257936","order":6},{"comment_count":0,"shared":false,"color":47,"name":"Shopping List","id":2267260504,"sync_id":0,"favorite":false,"url":"https:\/\/todoist.com\/showProject?id=2267260504","order":7}]
---------------------------------------------------------
feature: classpath:todoist-test/addATask.feature
scenarios:  2 | passed:  2 | failed:  0 | time: 5.3485
---------------------------------------------------------

11:37:51.268 [pool-2-thread-1] INFO  com.intuit.karate.Suite - <<pass>> feature 2 of 6 (4 remaining) classpath:todoist-test/addATask.feature
11:37:51.415 [pool-1-thread-4] DEBUG com.intuit.karate - response time in milliseconds: 782
1 < 200
1 < Content-Type: application/json
1 < Content-Length: 209
1 < Connection: keep-alive
1 < Date: Wed, 09 Jun 2021 06:07:51 GMT
1 < X-Cache: Miss from cloudfront
1 < Via: 1.1 e969da2fdad94c11f618c9721b51b141.cloudfront.net (CloudFront)
1 < X-Amz-Cf-Pop: HYD50-C1
1 < X-Amz-Cf-Id: j6_ECruvmkGxL31mRv4zX6iGtrgSvXMbDU5EEmToTxUKhGpVMcjNAg==
{"comment_count":0,"shared":false,"color":48,"name":"Inbox","id":2266692961,"inbox_project":true,"sync_id":0,"favorite":false,"url":"https:\/\/todoist.com\/showProject?id=2266692961"}
---------------------------------------------------------
feature: classpath:todoist-test/closeATask.feature
scenarios:  3 | passed:  0 | failed:  3 | time: 4.2329
---------------------------------------------------------

11:37:51.434 [pool-2-thread-1] INFO  com.intuit.karate.Suite - <<fail>> feature 3 of 6 (3 remaining) classpath:todoist-test/closeATask.feature
11:37:51.449 [pool-1-thread-5] DEBUG com.intuit.karate - response time in milliseconds: 733
1 < 404
1 < Content-Type: text/plain; charset=utf-8
1 < Content-Length: 19
1 < Connection: keep-alive
1 < Date: Wed, 09 Jun 2021 06:07:51 GMT
1 < X-Content-Type-Options: nosniff
1 < X-Cache: Error from cloudfront
1 < Via: 1.1 62f2e56625f91dc13ed17b9eb89dabf7.cloudfront.net (CloudFront)
1 < X-Amz-Cf-Pop: HYD50-C1
1 < X-Amz-Cf-Id: 18YRnYGH4DyKa69U1hW480GtBVrGn-Wi3ZnJ7LAJ2-sPepmbSzW6Jg==
404 page not found

11:37:51.512 [pool-1-thread-1] DEBUG com.intuit.karate - response time in milliseconds: 749
1 < 404
1 < Content-Type: text/plain; charset=utf-8
1 < Content-Length: 10
1 < Connection: keep-alive
1 < Date: Wed, 09 Jun 2021 06:07:51 GMT
1 < X-Content-Type-Options: nosniff
1 < X-Cache: Error from cloudfront
1 < Via: 1.1 a8bfe9092ad5623dd7d816de23b5bf40.cloudfront.net (CloudFront)
1 < X-Amz-Cf-Pop: HYD50-C1
1 < X-Amz-Cf-Id: vCfLPw_0ZeTWu8iR2MxEVQj6lk4RrIFHT4pq21OGqmV41zsHaNEGPA==
Not Found

---------------------------------------------------------
feature: classpath:todoist-test/createAProject.feature
scenarios:  3 | passed:  1 | failed:  2 | time: 3.7215
---------------------------------------------------------

11:37:51.576 [pool-2-thread-1] INFO  com.intuit.karate.Suite - <<fail>> feature 4 of 6 (2 remaining) classpath:todoist-test/createAProject.feature
---------------------------------------------------------
feature: classpath:todoist-test/deleteAProject.feature
scenarios:  2 | passed:  0 | failed:  2 | time: 1.1978
---------------------------------------------------------

11:37:51.653 [pool-2-thread-1] INFO  com.intuit.karate.Suite - <<fail>> feature 5 of 6 (1 remaining) classpath:todoist-test/deleteAProject.feature
---------------------------------------------------------
feature: classpath:todoist-test/getUserProjects.feature
scenarios:  4 | passed:  4 | failed:  0 | time: 3.1247
---------------------------------------------------------

11:37:51.812 [pool-2-thread-1] INFO  com.intuit.karate.Suite - <<pass>> feature 6 of 6 (0 remaining) classpath:todoist-test/getUserProjects.feature
Karate version: 1.0.1
======================================================
elapsed:   6.99 | threads:    5 | thread time: 17.63 
features:     6 | skipped:    0 | efficiency: 0.50
scenarios:   15 | passed:     8 | failed: 7
======================================================
>>> failed features:
status code was: 405, expected: 204, response time in milliseconds: 1350, url: https://api.todoist.com/rest/v1/tasks/487290266/reopen, response: 

classpath:todoist-test/closeATask.feature:12
status code was: 405, expected: 204, response time in milliseconds: 1347, url: https://api.todoist.com/rest/v1/tasks/487290266/close, response: 

classpath:todoist-test/closeATask.feature:18
java.lang.NullPointerException
classpath:todoist-test/closeATask.feature:23
status code was: 400, expected: 204, response time in milliseconds: 418, url: https://api.todoist.com/rest/v1/projects/2203306141, response: 
The token does not have sufficient scopes

classpath:todoist-test/deleteAProject.feature:11
status code was: 400, expected: 404, response time in milliseconds: 764, url: https://api.todoist.com/rest/v1/projects/2203306, response: 
The token does not have sufficient scopes

classpath:todoist-test/deleteAProject.feature:17
status code was: 400, expected: 200, response time in milliseconds: 1510, url: https://api.todoist.com/rest/v1/projects, response: 
Maximum number of projects per user limit reached

classpath:todoist-test/createAProject.feature:17
no step-definition method match found for: response == "Sync item already processed. Ignored"
classpath:todoist-test/createAProject.feature:48
<<<

HTML report: (paste into browser to view) | Karate version: 1.0.1
file:///home/ayushc/Zemoso-training/Karate-framework/karateAssignment/todoist-testing/target/karate-reports/karate-summary.html
===================================================================

]]></system-out>
  </testcase>
</testsuite>