16:10:09.216 [main] DEBUG com.intuit.karate.Suite - [config] classpath:karate-config.js
16:32:15.275 [main] DEBUG com.intuit.karate.Suite - [config] classpath:karate-config.js
16:32:15.279 [main] INFO  com.intuit.karate.Suite - backed up existing 'target/karate-reports' dir to: target/karate-reports_1623063735278
16:33:18.262 [main] DEBUG com.intuit.karate.Suite - [config] classpath:karate-config.js
16:33:18.267 [main] INFO  com.intuit.karate.Suite - backed up existing 'target/karate-reports' dir to: target/karate-reports_1623063798267
16:34:11.636 [main] DEBUG com.intuit.karate.Suite - [config] classpath:karate-config.js
16:34:11.640 [main] INFO  com.intuit.karate.Suite - backed up existing 'target/karate-reports' dir to: target/karate-reports_1623063851640
16:37:06.030 [main] DEBUG com.intuit.karate.Suite - [config] classpath:karate-config.js
16:37:06.033 [main] INFO  com.intuit.karate.Suite - backed up existing 'target/karate-reports' dir to: target/karate-reports_1623064026032
16:37:06.775 [pool-1-thread-1] INFO  com.intuit.karate - karate.env system property was: null 
16:37:07.127 [pool-1-thread-1] DEBUG com.intuit.karate - request:
1 > POST https://todoist.com/oauth/authorize/token
1 > Content-Type: application/x-www-form-urlencoded
1 > Content-Length: 89
1 > Host: todoist.com
1 > Connection: Keep-Alive
1 > User-Agent: Apache-HttpClient/4.5.13 (Java/11.0.11)
1 > Accept-Encoding: gzip,deflate
client_id=6c96cd13f7784bd8a1137e901115d1c6&client_secret=0c3d5dbca4214cc0bec4373cfbbd4f0f

16:37:08.484 [pool-1-thread-1] DEBUG com.intuit.karate - response time in milliseconds: 1350
1 < 404
1 < Content-Type: text/html; charset=utf-8
1 < Transfer-Encoding: chunked
1 < Connection: keep-alive
1 < Date: Mon, 07 Jun 2021 11:07:08 GMT
1 < Cache-Control: no-cache
1 < Referrer-Policy: strict-origin-when-cross-origin
1 < Strict-Transport-Security: max-age=31536000; includeSubDomains; preload
1 < X-Cache: Error from cloudfront
1 < Via: 1.1 66a578d286581392fe27506451c1bd4f.cloudfront.net (CloudFront)
1 < X-Amz-Cf-Pop: BLR50-C2
1 < X-Amz-Cf-Id: AtoP3rMettXAFJhh16ZcI59ucealE9hfqfnDwKnmeq9I1vPfoK-6zQ==
1 < Set-Cookie: csrf=f249831e650a4d458dd9438cd3a56097; Max-Age=1938424028000; Expires=Tue, 24 Aug 63447 18:00:28 GMT; Domain=todoist.com; Secure
<!DOCTYPE html PUBLIC "-//W3C//DTD XHTML 1.0 Transitional//EN" "http://www.w3.org/TR/xhtml1/DTD/xhtml1-transitional.dtd">
<html xmlns="http://www.w3.org/1999/xhtml">
<head>
    <meta http-equiv="Content-Type" content="text/html; charset=utf-8" />
    <title>404 - Sorry, the page you're looking for isn’t here anymore</title>

    <meta name="viewport" content="width=device-width, initial-scale=1.0">

    

    <style type="text/css">
    body{
        text-align:center;
        font-family: -apple-system, BlinkMacSystemFont, "Segoe UI", Roboto, Helvetica, Arial, sans-serif, "Apple Color Emoji", "Segoe UI Emoji", "Segoe UI Symbol";
        font-size:small;
        color:#555;
        line-height: 20px;
    }

    h3 {
        font-size: 25px;
        line-height: 30px;
        font-weight: normal;
    }

    a {
        color: #db4c3f;
        text-decoration: none;
    }

    p {
        font-size:14px;
        margin:8px 0 0;
    }

    #container{
        margin:53px auto;
        max-width:400px;
        text-align:left;
        padding: 20px;
        background:#fff;
    }

    .logo {
        margin-bottom: 60px;
        margin-top: 0;
    }

    .button {
      border: 0;
      border-radius: 3px;
      font-size: 14px;
      font-weight: 600;
      letter-spacing: 0.05em;
      line-height: 1.2;
      padding: 10px 15px;
      color: white;
      cursor: pointer;
      background-color: #db4c3f;
      display: inline-block;
      margin-bottom: 10px;
    }

    .buttons {
      margin-top: 50px;
      text-align: center;
    }
    </style>

</head>

<body>

<body>




<div id="container">
    <p class="logo">
        <a href="https://todoist.com/">
            <img src="https://d3ptyyxy2at9ui.cloudfront.net/logo-todoist-b5b89f.svg" height="35" />
        </a>
    </p>

        <h3>Sorry, the page you're looking for isn’t here anymore</h3>

        <p>
            

            If you reached this page from another part of <a href="https://todoist.com/">todoist.com</a>,
            please <a href="https://get.todoist.help/">let us know</a> so we can correct our mistake.
        </p>
</div>

</body>

</body>
</html>

16:37:08.493 [pool-1-thread-1] ERROR com.intuit.karate - classpath:todoist-test/OAuth.feature:12
* status 200
status code was: 404, expected: 200, response time in milliseconds: 1350, url: https://todoist.com/oauth/authorize/token, response: 
<!DOCTYPE html PUBLIC "-//W3C//DTD XHTML 1.0 Transitional//EN" "http://www.w3.org/TR/xhtml1/DTD/xhtml1-transitional.dtd">
<html xmlns="http://www.w3.org/1999/xhtml">
<head>
    <meta http-equiv="Content-Type" content="text/html; charset=utf-8" />
    <title>404 - Sorry, the page you're looking for isn’t here anymore</title>

    <meta name="viewport" content="width=device-width, initial-scale=1.0">

    

    <style type="text/css">
    body{
        text-align:center;
        font-family: -apple-system, BlinkMacSystemFont, "Segoe UI", Roboto, Helvetica, Arial, sans-serif, "Apple Color Emoji", "Segoe UI Emoji", "Segoe UI Symbol";
        font-size:small;
        color:#555;
        line-height: 20px;
    }

    h3 {
        font-size: 25px;
        line-height: 30px;
        font-weight: normal;
    }

    a {
        color: #db4c3f;
        text-decoration: none;
    }

    p {
        font-size:14px;
        margin:8px 0 0;
    }

    #container{
        margin:53px auto;
        max-width:400px;
        text-align:left;
        padding: 20px;
        background:#fff;
    }

    .logo {
        margin-bottom: 60px;
        margin-top: 0;
    }

    .button {
      border: 0;
      border-radius: 3px;
      font-size: 14px;
      font-weight: 600;
      letter-spacing: 0.05em;
      line-height: 1.2;
      padding: 10px 15px;
      color: white;
      cursor: pointer;
      background-color: #db4c3f;
      display: inline-block;
      margin-bottom: 10px;
    }

    .buttons {
      margin-top: 50px;
      text-align: center;
    }
    </style>

</head>

<body>

<body>




<div id="container">
    <p class="logo">
        <a href="https://todoist.com/">
            <img src="https://d3ptyyxy2at9ui.cloudfront.net/logo-todoist-b5b89f.svg" height="35" />
        </a>
    </p>

        <h3>Sorry, the page you're looking for isn’t here anymore</h3>

        <p>
            

            If you reached this page from another part of <a href="https://todoist.com/">todoist.com</a>,
            please <a href="https://get.todoist.help/">let us know</a> so we can correct our mistake.
        </p>
</div>

</body>

</body>
</html>

classpath:todoist-test/OAuth.feature:12
16:37:08.989 [pool-2-thread-1] INFO  com.intuit.karate.Suite - <<fail>> feature 1 of 1 (0 remaining) classpath:todoist-test/OAuth.feature
12:11:14.820 [main] DEBUG com.intuit.karate.Suite - [config] classpath:karate-config.js
12:11:14.827 [main] INFO  com.intuit.karate.Suite - backed up existing 'target/karate-reports' dir to: target/karate-reports_1623134474826
12:11:14.840 [main] DEBUG com.intuit.karate.Suite - waiting for 6 features to complete
12:11:16.831 [pool-1-thread-5] INFO  com.intuit.karate - karate.env system property was: null 
12:11:16.831 [pool-1-thread-1] INFO  com.intuit.karate - karate.env system property was: null 
12:11:16.831 [pool-1-thread-2] INFO  com.intuit.karate - karate.env system property was: null 
12:11:16.831 [pool-1-thread-3] INFO  com.intuit.karate - karate.env system property was: null 
12:11:16.831 [pool-1-thread-4] INFO  com.intuit.karate - karate.env system property was: null 
12:11:16.951 [pool-1-thread-5] ERROR com.intuit.karate - classpath:todoist-test/closeATask.feature:19
Then status 400
java.lang.NullPointerException
classpath:todoist-test/closeATask.feature:19
12:11:16.979 [pool-1-thread-5] INFO  com.intuit.karate - karate.env system property was: null 
12:11:16.991 [pool-1-thread-5] ERROR com.intuit.karate - classpath:todoist-test/createAProject.feature:8
And request
"""
{
{"name": "Shopping List"}
}
"""
net.minidev.json.parser.ParseException: Unexpected character ({) at position 2.
classpath:todoist-test/createAProject.feature:8
12:11:17.004 [pool-1-thread-5] INFO  com.intuit.karate - karate.env system property was: null 
12:11:17.015 [pool-1-thread-5] ERROR com.intuit.karate - classpath:todoist-test/createAProject.feature:24
And request
"""
{
{"nam": "Shopping List"}
}
"""
net.minidev.json.parser.ParseException: Unexpected character ({) at position 2.
classpath:todoist-test/createAProject.feature:24
12:11:17.033 [pool-1-thread-5] INFO  com.intuit.karate - karate.env system property was: null 
12:11:17.042 [pool-1-thread-5] ERROR com.intuit.karate - classpath:todoist-test/createAProject.feature:35
And request
"""
{
{"name": "Shopping List"}
}
"""
net.minidev.json.parser.ParseException: Unexpected character ({) at position 2.
classpath:todoist-test/createAProject.feature:35
12:11:17.057 [pool-1-thread-5] INFO  com.intuit.karate - karate.env system property was: null 
12:11:17.537 [pool-1-thread-3] ERROR com.intuit.karate - karate.org.apache.http.ProtocolException: Target host is not specified, http call failed after 588 milliseconds for url: /tasks/487290266/reopen
12:11:17.537 [pool-1-thread-2] ERROR com.intuit.karate - karate.org.apache.http.ProtocolException: Target host is not specified, http call failed after 400 milliseconds for url: /tasks
12:11:17.537 [pool-1-thread-1] ERROR com.intuit.karate - karate.org.apache.http.ProtocolException: Target host is not specified, http call failed after 400 milliseconds for url: /tasks
12:11:17.540 [pool-1-thread-1] ERROR com.intuit.karate - classpath:todoist-test/addATask.feature:15
When method POST
http call failed after 400 milliseconds for url: /tasks
classpath:todoist-test/addATask.feature:15
12:11:17.540 [pool-1-thread-2] ERROR com.intuit.karate - classpath:todoist-test/addATask.feature:30
When method POST
http call failed after 400 milliseconds for url: /tasks
classpath:todoist-test/addATask.feature:30
12:11:17.537 [pool-1-thread-4] ERROR com.intuit.karate - karate.org.apache.http.ProtocolException: Target host is not specified, http call failed after 588 milliseconds for url: /tasks/487290266/close
12:11:17.537 [pool-1-thread-5] ERROR com.intuit.karate - karate.org.apache.http.ProtocolException: Target host is not specified, http call failed after 473 milliseconds for url: /projects/2203306141
12:11:17.542 [pool-1-thread-3] ERROR com.intuit.karate - classpath:todoist-test/closeATask.feature:9
When method GET
http call failed after 588 milliseconds for url: /tasks/487290266/reopen
classpath:todoist-test/closeATask.feature:9
12:11:17.551 [pool-1-thread-5] ERROR com.intuit.karate - classpath:todoist-test/deleteAProject.feature:8
When method DELETE
http call failed after 473 milliseconds for url: /projects/2203306141
classpath:todoist-test/deleteAProject.feature:8
12:11:17.550 [pool-1-thread-4] ERROR com.intuit.karate - classpath:todoist-test/closeATask.feature:14
When method GET
http call failed after 588 milliseconds for url: /tasks/487290266/close
classpath:todoist-test/closeATask.feature:14
12:11:17.581 [pool-1-thread-1] INFO  com.intuit.karate - karate.env system property was: null 
12:11:17.585 [pool-1-thread-5] INFO  com.intuit.karate - karate.env system property was: null 
12:11:17.587 [pool-1-thread-1] ERROR com.intuit.karate - karate.org.apache.http.ProtocolException: Target host is not specified, http call failed after 2 milliseconds for url: /projects/2203306
12:11:17.588 [pool-1-thread-1] ERROR com.intuit.karate - classpath:todoist-test/deleteAProject.feature:13
When method DELETE
http call failed after 2 milliseconds for url: /projects/2203306
classpath:todoist-test/deleteAProject.feature:13
12:11:17.596 [pool-1-thread-2] INFO  com.intuit.karate - karate.env system property was: null 
12:11:17.599 [pool-1-thread-4] INFO  com.intuit.karate - karate.env system property was: null 
12:11:17.608 [pool-1-thread-3] INFO  com.intuit.karate - karate.env system property was: null 
12:11:17.611 [pool-1-thread-5] ERROR com.intuit.karate - karate.org.apache.http.ProtocolException: Target host is not specified, http call failed after 8 milliseconds for url: /project/
12:11:17.615 [pool-1-thread-5] ERROR com.intuit.karate - classpath:todoist-test/getUserProjects.feature:20
When method GET
http call failed after 8 milliseconds for url: /project/
classpath:todoist-test/getUserProjects.feature:20
12:11:17.613 [pool-1-thread-4] ERROR com.intuit.karate - karate.org.apache.http.ProtocolException: Target host is not specified, http call failed after 6 milliseconds for url: /projects/22666
12:11:17.617 [pool-1-thread-4] ERROR com.intuit.karate - classpath:todoist-test/getUserProjects.feature:26
When method GET
http call failed after 6 milliseconds for url: /projects/22666
classpath:todoist-test/getUserProjects.feature:26
12:11:17.620 [pool-1-thread-3] ERROR com.intuit.karate - karate.org.apache.http.ProtocolException: Target host is not specified, http call failed after 2 milliseconds for url: /projects/2266692961
12:11:17.621 [pool-1-thread-3] ERROR com.intuit.karate - classpath:todoist-test/getUserProjects.feature:14
When method GET
http call failed after 2 milliseconds for url: /projects/2266692961
classpath:todoist-test/getUserProjects.feature:14
12:11:17.636 [pool-1-thread-2] ERROR com.intuit.karate - karate.org.apache.http.ProtocolException: Target host is not specified, http call failed after 32 milliseconds for url: /projects/
12:11:17.640 [pool-1-thread-2] ERROR com.intuit.karate - classpath:todoist-test/getUserProjects.feature:8
When method GET
http call failed after 32 milliseconds for url: /projects/
classpath:todoist-test/getUserProjects.feature:8
12:11:18.596 [pool-2-thread-1] INFO  com.intuit.karate.Suite - <<fail>> feature 2 of 6 (4 remaining) classpath:todoist-test/addATask.feature
12:11:18.838 [pool-2-thread-1] INFO  com.intuit.karate.Suite - <<fail>> feature 3 of 6 (3 remaining) classpath:todoist-test/closeATask.feature
12:11:19.001 [pool-2-thread-1] INFO  com.intuit.karate.Suite - <<fail>> feature 4 of 6 (2 remaining) classpath:todoist-test/createAProject.feature
12:11:19.090 [pool-2-thread-1] INFO  com.intuit.karate.Suite - <<fail>> feature 5 of 6 (1 remaining) classpath:todoist-test/deleteAProject.feature
12:11:19.229 [pool-2-thread-1] INFO  com.intuit.karate.Suite - <<fail>> feature 6 of 6 (0 remaining) classpath:todoist-test/getUserProjects.feature
12:12:42.090 [main] DEBUG com.intuit.karate.Suite - [config] classpath:karate-config.js
12:12:42.096 [main] INFO  com.intuit.karate.Suite - backed up existing 'target/karate-reports' dir to: target/karate-reports_1623134562096
12:12:42.109 [main] DEBUG com.intuit.karate.Suite - waiting for 6 features to complete
12:12:43.767 [pool-1-thread-1] INFO  com.intuit.karate - karate.env system property was: null 
12:12:43.767 [pool-1-thread-5] INFO  com.intuit.karate - karate.env system property was: null 
12:12:43.767 [pool-1-thread-3] INFO  com.intuit.karate - karate.env system property was: null 
12:12:43.767 [pool-1-thread-2] INFO  com.intuit.karate - karate.env system property was: null 
12:12:43.767 [pool-1-thread-4] INFO  com.intuit.karate - karate.env system property was: null 
12:12:43.904 [pool-1-thread-1] ERROR com.intuit.karate - classpath:todoist-test/OAuth.feature:21
* header Authorization = 'Bearer ' + e4c291d63415c9d0f274cf9069d2b571f61a7137
>>>> js failed:
01: 'Bearer ' + e4c291d63415c9d0f274cf9069d2b571f61a7137
<<<<
org.graalvm.polyglot.PolyglotException: ReferenceError: "e4c291d63415c9d0f274cf9069d2b571f61a7137" is not defined
- <js>.:program(Unnamed:1)

classpath:todoist-test/OAuth.feature:21
12:12:43.927 [pool-1-thread-1] INFO  com.intuit.karate - karate.env system property was: null 
12:12:43.949 [pool-1-thread-1] ERROR com.intuit.karate - classpath:todoist-test/closeATask.feature:19
Then status 400
java.lang.NullPointerException
classpath:todoist-test/closeATask.feature:19
12:12:43.974 [pool-1-thread-1] INFO  com.intuit.karate - karate.env system property was: null 
12:12:43.997 [pool-1-thread-1] ERROR com.intuit.karate - classpath:todoist-test/createAProject.feature:8
And request
"""
{
{"name": "Shopping List"}
}
"""
net.minidev.json.parser.ParseException: Unexpected character ({) at position 2.
classpath:todoist-test/createAProject.feature:8
12:12:44.024 [pool-1-thread-1] INFO  com.intuit.karate - karate.env system property was: null 
12:12:44.028 [pool-1-thread-1] ERROR com.intuit.karate - classpath:todoist-test/createAProject.feature:24
And request
"""
{
{"nam": "Shopping List"}
}
"""
net.minidev.json.parser.ParseException: Unexpected character ({) at position 2.
classpath:todoist-test/createAProject.feature:24
12:12:44.044 [pool-1-thread-1] INFO  com.intuit.karate - karate.env system property was: null 
12:12:44.050 [pool-1-thread-1] ERROR com.intuit.karate - classpath:todoist-test/createAProject.feature:35
And request
"""
{
{"name": "Shopping List"}
}
"""
net.minidev.json.parser.ParseException: Unexpected character ({) at position 2.
classpath:todoist-test/createAProject.feature:35
12:12:44.062 [pool-1-thread-1] INFO  com.intuit.karate - karate.env system property was: null 
12:12:44.483 [pool-1-thread-4] ERROR com.intuit.karate - karate.org.apache.http.ProtocolException: Target host is not specified, http call failed after 616 milliseconds for url: /tasks/487290266/reopen
12:12:44.484 [pool-1-thread-2] ERROR com.intuit.karate - karate.org.apache.http.ProtocolException: Target host is not specified, http call failed after 335 milliseconds for url: /tasks
12:12:44.484 [pool-1-thread-1] ERROR com.intuit.karate - karate.org.apache.http.ProtocolException: Target host is not specified, http call failed after 417 milliseconds for url: /projects/2203306141
12:12:44.484 [pool-1-thread-4] ERROR com.intuit.karate - classpath:todoist-test/closeATask.feature:9
When method GET
http call failed after 616 milliseconds for url: /tasks/487290266/reopen
classpath:todoist-test/closeATask.feature:9
12:12:44.484 [pool-1-thread-1] ERROR com.intuit.karate - classpath:todoist-test/deleteAProject.feature:8
When method DELETE
http call failed after 417 milliseconds for url: /projects/2203306141
classpath:todoist-test/deleteAProject.feature:8
12:12:44.485 [pool-1-thread-3] ERROR com.intuit.karate - karate.org.apache.http.ProtocolException: Target host is not specified, http call failed after 336 milliseconds for url: /tasks
12:12:44.485 [pool-1-thread-2] ERROR com.intuit.karate - classpath:todoist-test/addATask.feature:15
When method POST
http call failed after 335 milliseconds for url: /tasks
classpath:todoist-test/addATask.feature:15
12:12:44.485 [pool-1-thread-3] ERROR com.intuit.karate - classpath:todoist-test/addATask.feature:30
When method POST
http call failed after 336 milliseconds for url: /tasks
classpath:todoist-test/addATask.feature:30
12:12:44.488 [pool-1-thread-5] ERROR com.intuit.karate - karate.org.apache.http.ProtocolException: Target host is not specified, http call failed after 621 milliseconds for url: /tasks/487290266/close
12:12:44.498 [pool-1-thread-5] ERROR com.intuit.karate - classpath:todoist-test/closeATask.feature:14
When method GET
http call failed after 621 milliseconds for url: /tasks/487290266/close
classpath:todoist-test/closeATask.feature:14
12:12:44.514 [pool-1-thread-1] INFO  com.intuit.karate - karate.env system property was: null 
12:12:44.522 [pool-1-thread-1] ERROR com.intuit.karate - karate.org.apache.http.ProtocolException: Target host is not specified, http call failed after 4 milliseconds for url: /projects/2203306
12:12:44.527 [pool-1-thread-1] ERROR com.intuit.karate - classpath:todoist-test/deleteAProject.feature:13
When method DELETE
http call failed after 4 milliseconds for url: /projects/2203306
classpath:todoist-test/deleteAProject.feature:13
12:12:44.525 [pool-1-thread-4] INFO  com.intuit.karate - karate.env system property was: null 
12:12:44.530 [pool-1-thread-5] INFO  com.intuit.karate - karate.env system property was: null 
12:12:44.522 [pool-1-thread-2] INFO  com.intuit.karate - karate.env system property was: null 
12:12:44.525 [pool-1-thread-3] INFO  com.intuit.karate - karate.env system property was: null 
12:12:44.536 [pool-1-thread-2] ERROR com.intuit.karate - karate.org.apache.http.ProtocolException: Target host is not specified, http call failed after 3 milliseconds for url: /projects/22666
12:12:44.537 [pool-1-thread-2] ERROR com.intuit.karate - classpath:todoist-test/getUserProjects.feature:26
When method GET
http call failed after 3 milliseconds for url: /projects/22666
classpath:todoist-test/getUserProjects.feature:26
12:12:44.545 [pool-1-thread-5] ERROR com.intuit.karate - karate.org.apache.http.ProtocolException: Target host is not specified, http call failed after 12 milliseconds for url: /project/
12:12:44.545 [pool-1-thread-3] ERROR com.intuit.karate - karate.org.apache.http.ProtocolException: Target host is not specified, http call failed after 6 milliseconds for url: /projects/2266692961
12:12:44.545 [pool-1-thread-3] ERROR com.intuit.karate - classpath:todoist-test/getUserProjects.feature:14
When method GET
http call failed after 6 milliseconds for url: /projects/2266692961
classpath:todoist-test/getUserProjects.feature:14
12:12:44.545 [pool-1-thread-5] ERROR com.intuit.karate - classpath:todoist-test/getUserProjects.feature:20
When method GET
http call failed after 12 milliseconds for url: /project/
classpath:todoist-test/getUserProjects.feature:20
12:12:44.551 [pool-1-thread-4] ERROR com.intuit.karate - karate.org.apache.http.ProtocolException: Target host is not specified, http call failed after 16 milliseconds for url: /projects/
12:12:44.552 [pool-1-thread-4] ERROR com.intuit.karate - classpath:todoist-test/getUserProjects.feature:8
When method GET
http call failed after 16 milliseconds for url: /projects/
classpath:todoist-test/getUserProjects.feature:8
12:12:45.166 [pool-2-thread-1] INFO  com.intuit.karate.Suite - <<fail>> feature 1 of 6 (5 remaining) classpath:todoist-test/OAuth.feature
12:12:45.542 [pool-2-thread-1] INFO  com.intuit.karate.Suite - <<fail>> feature 2 of 6 (4 remaining) classpath:todoist-test/addATask.feature
12:12:45.699 [pool-2-thread-1] INFO  com.intuit.karate.Suite - <<fail>> feature 3 of 6 (3 remaining) classpath:todoist-test/closeATask.feature
12:12:45.846 [pool-2-thread-1] INFO  com.intuit.karate.Suite - <<fail>> feature 4 of 6 (2 remaining) classpath:todoist-test/createAProject.feature
12:12:45.922 [pool-2-thread-1] INFO  com.intuit.karate.Suite - <<fail>> feature 5 of 6 (1 remaining) classpath:todoist-test/deleteAProject.feature
12:12:46.045 [pool-2-thread-1] INFO  com.intuit.karate.Suite - <<fail>> feature 6 of 6 (0 remaining) classpath:todoist-test/getUserProjects.feature
12:20:44.748 [main] DEBUG com.intuit.karate.Suite - [config] classpath:karate-config.js
12:20:44.753 [main] INFO  com.intuit.karate.Suite - backed up existing 'target/karate-reports' dir to: target/karate-reports_1623135044753
12:20:44.766 [main] DEBUG com.intuit.karate.Suite - waiting for 6 features to complete
12:20:46.370 [pool-1-thread-2] INFO  com.intuit.karate - karate.env system property was: null 
12:20:46.371 [pool-1-thread-4] INFO  com.intuit.karate - karate.env system property was: null 
12:20:46.370 [pool-1-thread-3] INFO  com.intuit.karate - karate.env system property was: null 
12:20:46.370 [pool-1-thread-5] INFO  com.intuit.karate - karate.env system property was: null 
12:20:46.370 [pool-1-thread-1] INFO  com.intuit.karate - karate.env system property was: null 
12:20:46.520 [pool-1-thread-1] INFO  com.intuit.karate - karate.env system property was: null 
12:20:46.529 [pool-1-thread-1] ERROR com.intuit.karate - classpath:todoist-test/closeATask.feature:19
Then status 400
java.lang.NullPointerException
classpath:todoist-test/closeATask.feature:19
12:20:46.546 [pool-1-thread-1] INFO  com.intuit.karate - karate.env system property was: null 
12:20:46.599 [pool-1-thread-1] ERROR com.intuit.karate - classpath:todoist-test/createAProject.feature:8
And request
"""
{
{"name": "Shopping List"}
}
"""
net.minidev.json.parser.ParseException: Unexpected character ({) at position 2.
classpath:todoist-test/createAProject.feature:8
12:20:46.615 [pool-1-thread-1] INFO  com.intuit.karate - karate.env system property was: null 
12:20:46.620 [pool-1-thread-1] ERROR com.intuit.karate - classpath:todoist-test/createAProject.feature:24
And request
"""
{
{"nam": "Shopping List"}
}
"""
net.minidev.json.parser.ParseException: Unexpected character ({) at position 2.
classpath:todoist-test/createAProject.feature:24
12:20:46.632 [pool-1-thread-1] INFO  com.intuit.karate - karate.env system property was: null 
12:20:46.640 [pool-1-thread-1] ERROR com.intuit.karate - classpath:todoist-test/createAProject.feature:35
And request
"""
{
{"name": "Shopping List"}
}
"""
net.minidev.json.parser.ParseException: Unexpected character ({) at position 2.
classpath:todoist-test/createAProject.feature:35
12:20:46.653 [pool-1-thread-1] INFO  com.intuit.karate - karate.env system property was: null 
12:20:47.113 [pool-1-thread-1] ERROR com.intuit.karate - karate.org.apache.http.ProtocolException: Target host is not specified, http call failed after 454 milliseconds for url: /projects/2203306141
12:20:47.113 [pool-1-thread-5] ERROR com.intuit.karate - karate.org.apache.http.ProtocolException: Target host is not specified, http call failed after 606 milliseconds for url: /tasks/487290266/close
12:20:47.114 [pool-1-thread-2] ERROR com.intuit.karate - karate.org.apache.http.ProtocolException: Target host is not specified, http call failed after 351 milliseconds for url: /tasks
12:20:47.115 [pool-1-thread-5] ERROR com.intuit.karate - classpath:todoist-test/closeATask.feature:14
When method GET
http call failed after 606 milliseconds for url: /tasks/487290266/close
classpath:todoist-test/closeATask.feature:14
12:20:47.113 [pool-1-thread-3] ERROR com.intuit.karate - karate.org.apache.http.ProtocolException: Target host is not specified, http call failed after 350 milliseconds for url: /tasks
12:20:47.115 [pool-1-thread-1] ERROR com.intuit.karate - classpath:todoist-test/deleteAProject.feature:8
When method DELETE
http call failed after 454 milliseconds for url: /projects/2203306141
classpath:todoist-test/deleteAProject.feature:8
12:20:47.115 [pool-1-thread-2] ERROR com.intuit.karate - classpath:todoist-test/addATask.feature:15
When method POST
http call failed after 351 milliseconds for url: /tasks
classpath:todoist-test/addATask.feature:15
12:20:47.129 [pool-1-thread-4] ERROR com.intuit.karate - karate.org.apache.http.ProtocolException: Target host is not specified, http call failed after 611 milliseconds for url: /tasks/487290266/reopen
12:20:47.151 [pool-1-thread-4] ERROR com.intuit.karate - classpath:todoist-test/closeATask.feature:9
When method GET
http call failed after 611 milliseconds for url: /tasks/487290266/reopen
classpath:todoist-test/closeATask.feature:9
12:20:47.129 [pool-1-thread-3] ERROR com.intuit.karate - classpath:todoist-test/addATask.feature:30
When method POST
http call failed after 350 milliseconds for url: /tasks
classpath:todoist-test/addATask.feature:30
12:20:47.127 [pool-1-thread-5] INFO  com.intuit.karate - karate.env system property was: null 
12:20:47.165 [pool-1-thread-4] INFO  com.intuit.karate - karate.env system property was: null 
12:20:47.167 [pool-1-thread-1] INFO  com.intuit.karate - karate.env system property was: null 
12:20:47.165 [pool-1-thread-2] INFO  com.intuit.karate - karate.env system property was: null 
12:20:47.186 [pool-1-thread-4] ERROR com.intuit.karate - karate.org.apache.http.ProtocolException: Target host is not specified, http call failed after 15 milliseconds for url: /project/
12:20:47.191 [pool-1-thread-4] ERROR com.intuit.karate - classpath:todoist-test/getUserProjects.feature:20
When method GET
http call failed after 15 milliseconds for url: /project/
classpath:todoist-test/getUserProjects.feature:20
12:20:47.186 [pool-1-thread-5] ERROR com.intuit.karate - karate.org.apache.http.ProtocolException: Target host is not specified, http call failed after 1 milliseconds for url: /projects/2203306
12:20:47.193 [pool-1-thread-5] ERROR com.intuit.karate - classpath:todoist-test/deleteAProject.feature:13
When method DELETE
http call failed after 1 milliseconds for url: /projects/2203306
classpath:todoist-test/deleteAProject.feature:13
12:20:47.203 [pool-1-thread-1] ERROR com.intuit.karate - karate.org.apache.http.ProtocolException: Target host is not specified, http call failed after 2 milliseconds for url: /projects/
12:20:47.205 [pool-1-thread-1] ERROR com.intuit.karate - classpath:todoist-test/getUserProjects.feature:8
When method GET
http call failed after 2 milliseconds for url: /projects/
classpath:todoist-test/getUserProjects.feature:8
12:20:47.205 [pool-1-thread-3] INFO  com.intuit.karate - karate.env system property was: null 
12:20:47.227 [pool-1-thread-2] ERROR com.intuit.karate - karate.org.apache.http.ProtocolException: Target host is not specified, http call failed after 2 milliseconds for url: /projects/2266692961
12:20:47.228 [pool-1-thread-2] ERROR com.intuit.karate - classpath:todoist-test/getUserProjects.feature:14
When method GET
http call failed after 2 milliseconds for url: /projects/2266692961
classpath:todoist-test/getUserProjects.feature:14
12:20:47.229 [pool-1-thread-3] ERROR com.intuit.karate - karate.org.apache.http.ProtocolException: Target host is not specified, http call failed after 3 milliseconds for url: /projects/22666
12:20:47.230 [pool-1-thread-3] ERROR com.intuit.karate - classpath:todoist-test/getUserProjects.feature:26
When method GET
http call failed after 3 milliseconds for url: /projects/22666
classpath:todoist-test/getUserProjects.feature:26
12:20:47.743 [pool-2-thread-1] INFO  com.intuit.karate.Suite - <<pass>> feature 1 of 6 (5 remaining) classpath:todoist-test/OAuth.feature
12:20:47.980 [pool-2-thread-1] INFO  com.intuit.karate.Suite - <<fail>> feature 2 of 6 (4 remaining) classpath:todoist-test/addATask.feature
12:20:48.231 [pool-2-thread-1] INFO  com.intuit.karate.Suite - <<fail>> feature 3 of 6 (3 remaining) classpath:todoist-test/closeATask.feature
12:20:48.408 [pool-2-thread-1] INFO  com.intuit.karate.Suite - <<fail>> feature 4 of 6 (2 remaining) classpath:todoist-test/createAProject.feature
12:20:48.485 [pool-2-thread-1] INFO  com.intuit.karate.Suite - <<fail>> feature 5 of 6 (1 remaining) classpath:todoist-test/deleteAProject.feature
12:20:48.583 [pool-2-thread-1] INFO  com.intuit.karate.Suite - <<fail>> feature 6 of 6 (0 remaining) classpath:todoist-test/getUserProjects.feature
12:22:28.147 [main] DEBUG com.intuit.karate.Suite - [config] classpath:karate-config.js
12:22:28.154 [main] INFO  com.intuit.karate.Suite - backed up existing 'target/karate-reports' dir to: target/karate-reports_1623135148154
12:22:28.167 [main] DEBUG com.intuit.karate.Suite - waiting for 6 features to complete
12:22:29.896 [pool-1-thread-4] INFO  com.intuit.karate - karate.env system property was: null 
12:22:29.896 [pool-1-thread-1] INFO  com.intuit.karate - karate.env system property was: null 
12:22:29.896 [pool-1-thread-2] INFO  com.intuit.karate - karate.env system property was: null 
12:22:29.896 [pool-1-thread-3] INFO  com.intuit.karate - karate.env system property was: null 
12:22:29.896 [pool-1-thread-5] INFO  com.intuit.karate - karate.env system property was: null 
12:22:30.013 [pool-1-thread-1] INFO  com.intuit.karate - karate.env system property was: null 
12:22:30.028 [pool-1-thread-1] ERROR com.intuit.karate - classpath:todoist-test/closeATask.feature:19
Then status 400
java.lang.NullPointerException
classpath:todoist-test/closeATask.feature:19
12:22:30.049 [pool-1-thread-1] INFO  com.intuit.karate - karate.env system property was: null 
12:22:30.119 [pool-1-thread-1] ERROR com.intuit.karate - classpath:todoist-test/createAProject.feature:8
And request
"""
{
{"name": "Shopping List"}
}
"""
net.minidev.json.parser.ParseException: Unexpected character ({) at position 2.
classpath:todoist-test/createAProject.feature:8
12:22:30.143 [pool-1-thread-1] INFO  com.intuit.karate - karate.env system property was: null 
12:22:30.148 [pool-1-thread-1] ERROR com.intuit.karate - classpath:todoist-test/createAProject.feature:24
And request
"""
{
{"nam": "Shopping List"}
}
"""
net.minidev.json.parser.ParseException: Unexpected character ({) at position 2.
classpath:todoist-test/createAProject.feature:24
12:22:30.172 [pool-1-thread-1] INFO  com.intuit.karate - karate.env system property was: null 
12:22:30.178 [pool-1-thread-1] ERROR com.intuit.karate - classpath:todoist-test/createAProject.feature:35
And request
"""
{
{"name": "Shopping List"}
}
"""
net.minidev.json.parser.ParseException: Unexpected character ({) at position 2.
classpath:todoist-test/createAProject.feature:35
12:22:30.198 [pool-1-thread-1] INFO  com.intuit.karate - karate.env system property was: null 
12:22:30.629 [pool-1-thread-3] ERROR com.intuit.karate - karate.org.apache.http.ProtocolException: Target host is not specified, http call failed after 324 milliseconds for url: /tasks
12:22:30.630 [pool-1-thread-3] ERROR com.intuit.karate - classpath:todoist-test/addATask.feature:30
When method POST
http call failed after 324 milliseconds for url: /tasks
classpath:todoist-test/addATask.feature:30
12:22:30.634 [pool-1-thread-4] ERROR com.intuit.karate - karate.org.apache.http.ProtocolException: Target host is not specified, http call failed after 623 milliseconds for url: /tasks/487290266/reopen
12:22:30.635 [pool-1-thread-4] ERROR com.intuit.karate - classpath:todoist-test/closeATask.feature:9
When method GET
http call failed after 623 milliseconds for url: /tasks/487290266/reopen
classpath:todoist-test/closeATask.feature:9
12:22:30.629 [pool-1-thread-5] ERROR com.intuit.karate - karate.org.apache.http.ProtocolException: Target host is not specified, http call failed after 619 milliseconds for url: /tasks/487290266/close
12:22:30.629 [pool-1-thread-2] ERROR com.intuit.karate - karate.org.apache.http.ProtocolException: Target host is not specified, http call failed after 324 milliseconds for url: /tasks
12:22:30.629 [pool-1-thread-1] ERROR com.intuit.karate - karate.org.apache.http.ProtocolException: Target host is not specified, http call failed after 423 milliseconds for url: /projects/2203306141
12:22:30.645 [pool-1-thread-2] ERROR com.intuit.karate - classpath:todoist-test/addATask.feature:15
When method POST
http call failed after 324 milliseconds for url: /tasks
classpath:todoist-test/addATask.feature:15
12:22:30.646 [pool-1-thread-5] ERROR com.intuit.karate - classpath:todoist-test/closeATask.feature:14
When method GET
http call failed after 619 milliseconds for url: /tasks/487290266/close
classpath:todoist-test/closeATask.feature:14
12:22:30.660 [pool-1-thread-1] ERROR com.intuit.karate - classpath:todoist-test/deleteAProject.feature:8
When method DELETE
http call failed after 423 milliseconds for url: /projects/2203306141
classpath:todoist-test/deleteAProject.feature:8
12:22:30.670 [pool-1-thread-5] INFO  com.intuit.karate - karate.env system property was: null 
12:22:30.680 [pool-1-thread-3] INFO  com.intuit.karate - karate.env system property was: null 
12:22:30.680 [pool-1-thread-5] ERROR com.intuit.karate - karate.org.apache.http.ProtocolException: Target host is not specified, http call failed after 1 milliseconds for url: /projects/
12:22:30.689 [pool-1-thread-4] INFO  com.intuit.karate - karate.env system property was: null 
12:22:30.690 [pool-1-thread-5] ERROR com.intuit.karate - classpath:todoist-test/getUserProjects.feature:9
When method GET
http call failed after 1 milliseconds for url: /projects/
classpath:todoist-test/getUserProjects.feature:9
12:22:30.696 [pool-1-thread-3] ERROR com.intuit.karate - karate.org.apache.http.ProtocolException: Target host is not specified, http call failed after 7 milliseconds for url: /projects/2203306
12:22:30.696 [pool-1-thread-3] ERROR com.intuit.karate - classpath:todoist-test/deleteAProject.feature:13
When method DELETE
http call failed after 7 milliseconds for url: /projects/2203306
classpath:todoist-test/deleteAProject.feature:13
12:22:30.695 [pool-1-thread-2] INFO  com.intuit.karate - karate.env system property was: null 
12:22:30.706 [pool-1-thread-1] INFO  com.intuit.karate - karate.env system property was: null 
12:22:30.713 [pool-1-thread-2] ERROR com.intuit.karate - karate.org.apache.http.ProtocolException: Target host is not specified, http call failed after 4 milliseconds for url: /projects/22666
12:22:30.713 [pool-1-thread-4] ERROR com.intuit.karate - karate.org.apache.http.ProtocolException: Target host is not specified, http call failed after 9 milliseconds for url: /project/
12:22:30.716 [pool-1-thread-4] ERROR com.intuit.karate - classpath:todoist-test/getUserProjects.feature:21
When method GET
http call failed after 9 milliseconds for url: /project/
classpath:todoist-test/getUserProjects.feature:21
12:22:30.721 [pool-1-thread-2] ERROR com.intuit.karate - classpath:todoist-test/getUserProjects.feature:27
When method GET
http call failed after 4 milliseconds for url: /projects/22666
classpath:todoist-test/getUserProjects.feature:27
12:22:30.724 [pool-1-thread-1] ERROR com.intuit.karate - karate.org.apache.http.ProtocolException: Target host is not specified, http call failed after 9 milliseconds for url: /projects/2266692961
12:22:30.724 [pool-1-thread-1] ERROR com.intuit.karate - classpath:todoist-test/getUserProjects.feature:15
When method GET
http call failed after 9 milliseconds for url: /projects/2266692961
classpath:todoist-test/getUserProjects.feature:15
12:22:31.318 [pool-2-thread-1] INFO  com.intuit.karate.Suite - <<pass>> feature 1 of 6 (5 remaining) classpath:todoist-test/OAuth.feature
12:22:31.638 [pool-2-thread-1] INFO  com.intuit.karate.Suite - <<fail>> feature 2 of 6 (4 remaining) classpath:todoist-test/addATask.feature
12:22:31.789 [pool-2-thread-1] INFO  com.intuit.karate.Suite - <<fail>> feature 3 of 6 (3 remaining) classpath:todoist-test/closeATask.feature
12:22:31.945 [pool-2-thread-1] INFO  com.intuit.karate.Suite - <<fail>> feature 4 of 6 (2 remaining) classpath:todoist-test/createAProject.feature
12:22:32.031 [pool-2-thread-1] INFO  com.intuit.karate.Suite - <<fail>> feature 5 of 6 (1 remaining) classpath:todoist-test/deleteAProject.feature
12:22:32.150 [pool-2-thread-1] INFO  com.intuit.karate.Suite - <<fail>> feature 6 of 6 (0 remaining) classpath:todoist-test/getUserProjects.feature
12:50:01.473 [main] DEBUG com.intuit.karate.Suite - [config] classpath:karate-config.js
12:50:01.479 [main] INFO  com.intuit.karate.Suite - backed up existing 'target/karate-reports' dir to: target/karate-reports_1623136801479
12:50:01.489 [main] DEBUG com.intuit.karate.Suite - waiting for 6 features to complete
12:50:02.890 [pool-1-thread-3] INFO  com.intuit.karate - karate.env system property was: null 
12:50:02.889 [pool-1-thread-4] INFO  com.intuit.karate - karate.env system property was: null 
12:50:02.889 [pool-1-thread-2] INFO  com.intuit.karate - karate.env system property was: null 
12:50:02.889 [pool-1-thread-5] INFO  com.intuit.karate - karate.env system property was: null 
12:50:02.889 [pool-1-thread-1] INFO  com.intuit.karate - karate.env system property was: null 
12:50:03.442 [pool-1-thread-5] ERROR com.intuit.karate - karate.org.apache.http.ProtocolException: Target host is not specified, http call failed after 454 milliseconds for url: /tasks/487290266/close
12:50:03.442 [pool-1-thread-4] ERROR com.intuit.karate - karate.org.apache.http.ProtocolException: Target host is not specified, http call failed after 453 milliseconds for url: /tasks/487290266/reopen
12:50:03.442 [pool-1-thread-3] ERROR com.intuit.karate - karate.org.apache.http.ProtocolException: Target host is not specified, http call failed after 278 milliseconds for url: /tasks
12:50:03.443 [pool-1-thread-3] ERROR com.intuit.karate - classpath:todoist-test/addATask.feature:29
When method POST
http call failed after 278 milliseconds for url: /tasks
classpath:todoist-test/addATask.feature:29
12:50:03.443 [pool-1-thread-4] ERROR com.intuit.karate - classpath:todoist-test/closeATask.feature:8
When method GET
http call failed after 453 milliseconds for url: /tasks/487290266/reopen
classpath:todoist-test/closeATask.feature:8
12:50:03.443 [pool-1-thread-5] ERROR com.intuit.karate - classpath:todoist-test/closeATask.feature:13
When method GET
http call failed after 454 milliseconds for url: /tasks/487290266/close
classpath:todoist-test/closeATask.feature:13
12:50:03.442 [pool-1-thread-2] ERROR com.intuit.karate - karate.org.apache.http.ProtocolException: Target host is not specified, http call failed after 278 milliseconds for url: /tasks
12:50:03.450 [pool-1-thread-2] ERROR com.intuit.karate - classpath:todoist-test/addATask.feature:14
When method POST
http call failed after 278 milliseconds for url: /tasks
classpath:todoist-test/addATask.feature:14
12:50:03.469 [pool-1-thread-3] INFO  com.intuit.karate - karate.env system property was: null 
12:50:03.471 [pool-1-thread-2] INFO  com.intuit.karate - karate.env system property was: null 
12:50:03.473 [pool-1-thread-5] INFO  com.intuit.karate - karate.env system property was: null 
12:50:03.476 [pool-1-thread-3] ERROR com.intuit.karate - classpath:todoist-test/closeATask.feature:18
Then status 400
java.lang.NullPointerException
classpath:todoist-test/closeATask.feature:18
12:50:03.480 [pool-1-thread-4] INFO  com.intuit.karate - karate.env system property was: null 
12:50:03.484 [pool-1-thread-4] ERROR com.intuit.karate - classpath:todoist-test/createAProject.feature:7
And request
"""
{
{"name": "Shopping List"}
}
"""
net.minidev.json.parser.ParseException: Unexpected character ({) at position 2.
classpath:todoist-test/createAProject.feature:7
12:50:03.476 [pool-1-thread-2] ERROR com.intuit.karate - classpath:todoist-test/createAProject.feature:34
And request
"""
{
{"name": "Shopping List"}
}
"""
net.minidev.json.parser.ParseException: Unexpected character ({) at position 2.
classpath:todoist-test/createAProject.feature:34
12:50:03.476 [pool-1-thread-5] ERROR com.intuit.karate - classpath:todoist-test/createAProject.feature:23
And request
"""
{
{"nam": "Shopping List"}
}
"""
net.minidev.json.parser.ParseException: Unexpected character ({) at position 2.
classpath:todoist-test/createAProject.feature:23
12:50:03.505 [pool-1-thread-3] INFO  com.intuit.karate - karate.env system property was: null 
12:50:03.510 [pool-1-thread-2] INFO  com.intuit.karate - karate.env system property was: null 
12:50:03.517 [pool-1-thread-3] ERROR com.intuit.karate - karate.org.apache.http.ProtocolException: Target host is not specified, http call failed after 8 milliseconds for url: /projects/2203306141
12:50:03.518 [pool-1-thread-1] DEBUG com.intuit.karate - request:
1 > POST https://todoist.com/oauth/authorize/token
1 > Content-Type: application/x-www-form-urlencoded
1 > Content-Length: 148
1 > Host: todoist.com
1 > Connection: Keep-Alive
1 > User-Agent: Apache-HttpClient/4.5.13 (Java/11.0.11)
1 > Accept-Encoding: gzip,deflate
client_id=6c96cd13f7784bd8a1137e901115d1c6&client_secret=0c3d5dbca4214cc0bec4373cfbbd4f0f&scope=data%3Aread_write%2Cdata%3Adelete&state=secretstring

12:50:03.518 [pool-1-thread-3] ERROR com.intuit.karate - classpath:todoist-test/deleteAProject.feature:7
When method DELETE
http call failed after 8 milliseconds for url: /projects/2203306141
classpath:todoist-test/deleteAProject.feature:7
12:50:03.525 [pool-1-thread-5] INFO  com.intuit.karate - karate.env system property was: null 
12:50:03.531 [pool-1-thread-4] INFO  com.intuit.karate - karate.env system property was: null 
12:50:03.540 [pool-1-thread-2] ERROR com.intuit.karate - karate.org.apache.http.ProtocolException: Target host is not specified, http call failed after 20 milliseconds for url: /projects/
12:50:03.540 [pool-1-thread-2] ERROR com.intuit.karate - classpath:todoist-test/getUserProjects.feature:8
When method GET
http call failed after 20 milliseconds for url: /projects/
classpath:todoist-test/getUserProjects.feature:8
12:50:03.548 [pool-1-thread-5] ERROR com.intuit.karate - karate.org.apache.http.ProtocolException: Target host is not specified, http call failed after 13 milliseconds for url: /projects/2266692961
12:50:03.548 [pool-1-thread-5] ERROR com.intuit.karate - classpath:todoist-test/getUserProjects.feature:14
When method GET
http call failed after 13 milliseconds for url: /projects/2266692961
classpath:todoist-test/getUserProjects.feature:14
12:50:03.549 [pool-1-thread-4] ERROR com.intuit.karate - karate.org.apache.http.ProtocolException: Target host is not specified, http call failed after 10 milliseconds for url: /projects/2203306
12:50:03.552 [pool-1-thread-4] ERROR com.intuit.karate - classpath:todoist-test/deleteAProject.feature:12
When method DELETE
http call failed after 10 milliseconds for url: /projects/2203306
classpath:todoist-test/deleteAProject.feature:12
12:50:03.568 [pool-1-thread-3] INFO  com.intuit.karate - karate.env system property was: null 
12:50:03.568 [pool-1-thread-2] INFO  com.intuit.karate - karate.env system property was: null 
12:50:03.577 [pool-1-thread-3] ERROR com.intuit.karate - karate.org.apache.http.ProtocolException: Target host is not specified, http call failed after 3 milliseconds for url: /project/
12:50:03.580 [pool-1-thread-3] ERROR com.intuit.karate - classpath:todoist-test/getUserProjects.feature:20
When method GET
http call failed after 3 milliseconds for url: /project/
classpath:todoist-test/getUserProjects.feature:20
12:50:03.577 [pool-1-thread-2] ERROR com.intuit.karate - karate.org.apache.http.ProtocolException: Target host is not specified, http call failed after 5 milliseconds for url: /projects/22666
12:50:03.581 [pool-1-thread-2] ERROR com.intuit.karate - classpath:todoist-test/getUserProjects.feature:26
When method GET
http call failed after 5 milliseconds for url: /projects/22666
classpath:todoist-test/getUserProjects.feature:26
12:50:04.977 [pool-1-thread-1] DEBUG com.intuit.karate - response time in milliseconds: 1451
1 < 404
1 < Content-Type: text/html; charset=utf-8
1 < Transfer-Encoding: chunked
1 < Connection: keep-alive
1 < Date: Tue, 08 Jun 2021 07:20:04 GMT
1 < Cache-Control: no-cache
1 < Referrer-Policy: strict-origin-when-cross-origin
1 < Strict-Transport-Security: max-age=31536000; includeSubDomains; preload
1 < X-Cache: Error from cloudfront
1 < Via: 1.1 be3d7ac8ca6f264ed23d40684ed75b38.cloudfront.net (CloudFront)
1 < X-Amz-Cf-Pop: HYD50-C1
1 < X-Amz-Cf-Id: 1N2A3H14NIeH5HzGwB7qJ7VKqXZiXuyb7TamZmE2rQcgv-GdCQI2LA==
1 < Set-Cookie: csrf=e71488b0f1b041a99caa123d89285ba9; Max-Age=1938496804000; Expires=Fri, 14 Dec 63449 21:46:44 GMT; Domain=todoist.com; Secure
<!DOCTYPE html PUBLIC "-//W3C//DTD XHTML 1.0 Transitional//EN" "http://www.w3.org/TR/xhtml1/DTD/xhtml1-transitional.dtd">
<html xmlns="http://www.w3.org/1999/xhtml">
<head>
    <meta http-equiv="Content-Type" content="text/html; charset=utf-8" />
    <title>404 - Sorry, the page you're looking for isn’t here anymore</title>

    <meta name="viewport" content="width=device-width, initial-scale=1.0">

    

    <style type="text/css">
    body{
        text-align:center;
        font-family: -apple-system, BlinkMacSystemFont, "Segoe UI", Roboto, Helvetica, Arial, sans-serif, "Apple Color Emoji", "Segoe UI Emoji", "Segoe UI Symbol";
        font-size:small;
        color:#555;
        line-height: 20px;
    }

    h3 {
        font-size: 25px;
        line-height: 30px;
        font-weight: normal;
    }

    a {
        color: #db4c3f;
        text-decoration: none;
    }

    p {
        font-size:14px;
        margin:8px 0 0;
    }

    #container{
        margin:53px auto;
        max-width:400px;
        text-align:left;
        padding: 20px;
        background:#fff;
    }

    .logo {
        margin-bottom: 60px;
        margin-top: 0;
    }

    .button {
      border: 0;
      border-radius: 3px;
      font-size: 14px;
      font-weight: 600;
      letter-spacing: 0.05em;
      line-height: 1.2;
      padding: 10px 15px;
      color: white;
      cursor: pointer;
      background-color: #db4c3f;
      display: inline-block;
      margin-bottom: 10px;
    }

    .buttons {
      margin-top: 50px;
      text-align: center;
    }
    </style>

</head>

<body>

<body>




<div id="container">
    <p class="logo">
        <a href="https://todoist.com/">
            <img src="https://d3ptyyxy2at9ui.cloudfront.net/logo-todoist-b5b89f.svg" height="35" />
        </a>
    </p>

        <h3>Sorry, the page you're looking for isn’t here anymore</h3>

        <p>
            

            If you reached this page from another part of <a href="https://todoist.com/">todoist.com</a>,
            please <a href="https://get.todoist.help/">let us know</a> so we can correct our mistake.
        </p>
</div>

</body>

</body>
</html>

12:50:04.986 [pool-1-thread-1] ERROR com.intuit.karate - classpath:todoist-test/OAuth.feature:14
* status 200
status code was: 404, expected: 200, response time in milliseconds: 1451, url: https://todoist.com/oauth/authorize/token, response: 
<!DOCTYPE html PUBLIC "-//W3C//DTD XHTML 1.0 Transitional//EN" "http://www.w3.org/TR/xhtml1/DTD/xhtml1-transitional.dtd">
<html xmlns="http://www.w3.org/1999/xhtml">
<head>
    <meta http-equiv="Content-Type" content="text/html; charset=utf-8" />
    <title>404 - Sorry, the page you're looking for isn’t here anymore</title>

    <meta name="viewport" content="width=device-width, initial-scale=1.0">

    

    <style type="text/css">
    body{
        text-align:center;
        font-family: -apple-system, BlinkMacSystemFont, "Segoe UI", Roboto, Helvetica, Arial, sans-serif, "Apple Color Emoji", "Segoe UI Emoji", "Segoe UI Symbol";
        font-size:small;
        color:#555;
        line-height: 20px;
    }

    h3 {
        font-size: 25px;
        line-height: 30px;
        font-weight: normal;
    }

    a {
        color: #db4c3f;
        text-decoration: none;
    }

    p {
        font-size:14px;
        margin:8px 0 0;
    }

    #container{
        margin:53px auto;
        max-width:400px;
        text-align:left;
        padding: 20px;
        background:#fff;
    }

    .logo {
        margin-bottom: 60px;
        margin-top: 0;
    }

    .button {
      border: 0;
      border-radius: 3px;
      font-size: 14px;
      font-weight: 600;
      letter-spacing: 0.05em;
      line-height: 1.2;
      padding: 10px 15px;
      color: white;
      cursor: pointer;
      background-color: #db4c3f;
      display: inline-block;
      margin-bottom: 10px;
    }

    .buttons {
      margin-top: 50px;
      text-align: center;
    }
    </style>

</head>

<body>

<body>




<div id="container">
    <p class="logo">
        <a href="https://todoist.com/">
            <img src="https://d3ptyyxy2at9ui.cloudfront.net/logo-todoist-b5b89f.svg" height="35" />
        </a>
    </p>

        <h3>Sorry, the page you're looking for isn’t here anymore</h3>

        <p>
            

            If you reached this page from another part of <a href="https://todoist.com/">todoist.com</a>,
            please <a href="https://get.todoist.help/">let us know</a> so we can correct our mistake.
        </p>
</div>

</body>

</body>
</html>

classpath:todoist-test/OAuth.feature:14
12:50:05.980 [pool-2-thread-1] INFO  com.intuit.karate.Suite - <<fail>> feature 1 of 6 (5 remaining) classpath:todoist-test/OAuth.feature
12:50:06.149 [pool-2-thread-1] INFO  com.intuit.karate.Suite - <<fail>> feature 2 of 6 (4 remaining) classpath:todoist-test/addATask.feature
12:50:06.254 [pool-2-thread-1] INFO  com.intuit.karate.Suite - <<fail>> feature 3 of 6 (3 remaining) classpath:todoist-test/closeATask.feature
12:50:06.395 [pool-2-thread-1] INFO  com.intuit.karate.Suite - <<fail>> feature 4 of 6 (2 remaining) classpath:todoist-test/createAProject.feature
12:50:06.464 [pool-2-thread-1] INFO  com.intuit.karate.Suite - <<fail>> feature 5 of 6 (1 remaining) classpath:todoist-test/deleteAProject.feature
12:50:06.557 [pool-2-thread-1] INFO  com.intuit.karate.Suite - <<fail>> feature 6 of 6 (0 remaining) classpath:todoist-test/getUserProjects.feature
12:51:49.097 [main] DEBUG com.intuit.karate.Suite - [config] classpath:karate-config.js
12:51:49.104 [main] INFO  com.intuit.karate.Suite - backed up existing 'target/karate-reports' dir to: target/karate-reports_1623136909104
12:51:49.117 [main] DEBUG com.intuit.karate.Suite - waiting for 6 features to complete
12:51:50.668 [pool-1-thread-4] INFO  com.intuit.karate - karate.env system property was: null 
12:51:50.668 [pool-1-thread-1] INFO  com.intuit.karate - karate.env system property was: null 
12:51:50.668 [pool-1-thread-3] INFO  com.intuit.karate - karate.env system property was: null 
12:51:50.668 [pool-1-thread-2] INFO  com.intuit.karate - karate.env system property was: null 
12:51:50.668 [pool-1-thread-5] INFO  com.intuit.karate - karate.env system property was: null 
12:51:50.821 [pool-1-thread-1] ERROR com.intuit.karate - classpath:todoist-test/OAuth.feature:24
* header Authorization = 'Bearer ' + accessToken
>>>> js failed:
01: 'Bearer ' + accessToken
<<<<
org.graalvm.polyglot.PolyglotException: ReferenceError: "accessToken" is not defined
- <js>.:program(Unnamed:1)

classpath:todoist-test/OAuth.feature:24
12:51:50.867 [pool-1-thread-1] INFO  com.intuit.karate - karate.env system property was: null 
12:51:50.879 [pool-1-thread-1] ERROR com.intuit.karate - classpath:todoist-test/closeATask.feature:18
Then status 400
java.lang.NullPointerException
classpath:todoist-test/closeATask.feature:18
12:51:50.905 [pool-1-thread-1] INFO  com.intuit.karate - karate.env system property was: null 
12:51:50.912 [pool-1-thread-1] ERROR com.intuit.karate - classpath:todoist-test/createAProject.feature:7
And request
"""
{
{"name": "Shopping List"}
}
"""
net.minidev.json.parser.ParseException: Unexpected character ({) at position 2.
classpath:todoist-test/createAProject.feature:7
12:51:50.931 [pool-1-thread-1] INFO  com.intuit.karate - karate.env system property was: null 
12:51:50.935 [pool-1-thread-1] ERROR com.intuit.karate - classpath:todoist-test/createAProject.feature:23
And request
"""
{
{"nam": "Shopping List"}
}
"""
net.minidev.json.parser.ParseException: Unexpected character ({) at position 2.
classpath:todoist-test/createAProject.feature:23
12:51:50.951 [pool-1-thread-1] INFO  com.intuit.karate - karate.env system property was: null 
12:51:50.956 [pool-1-thread-1] ERROR com.intuit.karate - classpath:todoist-test/createAProject.feature:34
And request
"""
{
{"name": "Shopping List"}
}
"""
net.minidev.json.parser.ParseException: Unexpected character ({) at position 2.
classpath:todoist-test/createAProject.feature:34
12:51:50.976 [pool-1-thread-1] INFO  com.intuit.karate - karate.env system property was: null 
12:51:51.344 [pool-1-thread-1] ERROR com.intuit.karate - karate.org.apache.http.ProtocolException: Target host is not specified, http call failed after 360 milliseconds for url: /projects/2203306141
12:51:51.347 [pool-1-thread-1] ERROR com.intuit.karate - classpath:todoist-test/deleteAProject.feature:7
When method DELETE
http call failed after 360 milliseconds for url: /projects/2203306141
classpath:todoist-test/deleteAProject.feature:7
12:51:51.344 [pool-1-thread-4] ERROR com.intuit.karate - karate.org.apache.http.ProtocolException: Target host is not specified, http call failed after 573 milliseconds for url: /tasks/487290266/reopen
12:51:51.357 [pool-1-thread-4] ERROR com.intuit.karate - classpath:todoist-test/closeATask.feature:8
When method GET
http call failed after 573 milliseconds for url: /tasks/487290266/reopen
classpath:todoist-test/closeATask.feature:8
12:51:51.362 [pool-1-thread-1] INFO  com.intuit.karate - karate.env system property was: null 
12:51:51.369 [pool-1-thread-4] INFO  com.intuit.karate - karate.env system property was: null 
12:51:51.345 [pool-1-thread-5] ERROR com.intuit.karate - karate.org.apache.http.ProtocolException: Target host is not specified, http call failed after 573 milliseconds for url: /tasks/487290266/close
12:51:51.376 [pool-1-thread-5] ERROR com.intuit.karate - classpath:todoist-test/closeATask.feature:13
When method GET
http call failed after 573 milliseconds for url: /tasks/487290266/close
classpath:todoist-test/closeATask.feature:13
12:51:51.344 [pool-1-thread-3] ERROR com.intuit.karate - karate.org.apache.http.ProtocolException: Target host is not specified, http call failed after 277 milliseconds for url: /tasks
12:51:51.390 [pool-1-thread-3] ERROR com.intuit.karate - classpath:todoist-test/addATask.feature:29
When method POST
http call failed after 277 milliseconds for url: /tasks
classpath:todoist-test/addATask.feature:29
12:51:51.345 [pool-1-thread-2] ERROR com.intuit.karate - karate.org.apache.http.ProtocolException: Target host is not specified, http call failed after 278 milliseconds for url: /tasks
12:51:51.372 [pool-1-thread-1] ERROR com.intuit.karate - karate.org.apache.http.ProtocolException: Target host is not specified, http call failed after 3 milliseconds for url: /projects/2203306
12:51:51.391 [pool-1-thread-2] ERROR com.intuit.karate - classpath:todoist-test/addATask.feature:14
When method POST
http call failed after 278 milliseconds for url: /tasks
classpath:todoist-test/addATask.feature:14
12:51:51.390 [pool-1-thread-5] INFO  com.intuit.karate - karate.env system property was: null 
12:51:51.388 [pool-1-thread-4] ERROR com.intuit.karate - karate.org.apache.http.ProtocolException: Target host is not specified, http call failed after 15 milliseconds for url: /projects/
12:51:51.391 [pool-1-thread-1] ERROR com.intuit.karate - classpath:todoist-test/deleteAProject.feature:12
When method DELETE
http call failed after 3 milliseconds for url: /projects/2203306
classpath:todoist-test/deleteAProject.feature:12
12:51:51.400 [pool-1-thread-2] INFO  com.intuit.karate - karate.env system property was: null 
12:51:51.401 [pool-1-thread-4] ERROR com.intuit.karate - classpath:todoist-test/getUserProjects.feature:8
When method GET
http call failed after 15 milliseconds for url: /projects/
classpath:todoist-test/getUserProjects.feature:8
12:51:51.410 [pool-1-thread-5] ERROR com.intuit.karate - karate.org.apache.http.ProtocolException: Target host is not specified, http call failed after 2 milliseconds for url: /projects/2266692961
12:51:51.413 [pool-1-thread-5] ERROR com.intuit.karate - classpath:todoist-test/getUserProjects.feature:14
When method GET
http call failed after 2 milliseconds for url: /projects/2266692961
classpath:todoist-test/getUserProjects.feature:14
12:51:51.416 [pool-1-thread-2] ERROR com.intuit.karate - karate.org.apache.http.ProtocolException: Target host is not specified, http call failed after 6 milliseconds for url: /project/
12:51:51.417 [pool-1-thread-2] ERROR com.intuit.karate - classpath:todoist-test/getUserProjects.feature:20
When method GET
http call failed after 6 milliseconds for url: /project/
classpath:todoist-test/getUserProjects.feature:20
12:51:51.424 [pool-1-thread-1] INFO  com.intuit.karate - karate.env system property was: null 
12:51:51.434 [pool-1-thread-1] ERROR com.intuit.karate - karate.org.apache.http.ProtocolException: Target host is not specified, http call failed after 2 milliseconds for url: /projects/22666
12:51:51.437 [pool-1-thread-1] ERROR com.intuit.karate - classpath:todoist-test/getUserProjects.feature:26
When method GET
http call failed after 2 milliseconds for url: /projects/22666
classpath:todoist-test/getUserProjects.feature:26
12:51:52.064 [pool-2-thread-1] INFO  com.intuit.karate.Suite - <<fail>> feature 1 of 6 (5 remaining) classpath:todoist-test/OAuth.feature
12:51:52.405 [pool-2-thread-1] INFO  com.intuit.karate.Suite - <<fail>> feature 2 of 6 (4 remaining) classpath:todoist-test/addATask.feature
12:51:52.579 [pool-2-thread-1] INFO  com.intuit.karate.Suite - <<fail>> feature 3 of 6 (3 remaining) classpath:todoist-test/closeATask.feature
12:51:52.724 [pool-2-thread-1] INFO  com.intuit.karate.Suite - <<fail>> feature 4 of 6 (2 remaining) classpath:todoist-test/createAProject.feature
12:51:52.807 [pool-2-thread-1] INFO  com.intuit.karate.Suite - <<fail>> feature 5 of 6 (1 remaining) classpath:todoist-test/deleteAProject.feature
12:51:52.931 [pool-2-thread-1] INFO  com.intuit.karate.Suite - <<fail>> feature 6 of 6 (0 remaining) classpath:todoist-test/getUserProjects.feature
12:52:57.470 [main] DEBUG com.intuit.karate.Suite - [config] classpath:karate-config.js
12:52:57.476 [main] INFO  com.intuit.karate.Suite - backed up existing 'target/karate-reports' dir to: target/karate-reports_1623136977475
12:52:57.485 [main] DEBUG com.intuit.karate.Suite - waiting for 6 features to complete
12:52:58.850 [pool-1-thread-1] INFO  com.intuit.karate - karate.env system property was: null 
12:52:58.850 [pool-1-thread-3] INFO  com.intuit.karate - karate.env system property was: null 
12:52:58.850 [pool-1-thread-4] INFO  com.intuit.karate - karate.env system property was: null 
12:52:58.850 [pool-1-thread-5] INFO  com.intuit.karate - karate.env system property was: null 
12:52:58.850 [pool-1-thread-2] INFO  com.intuit.karate - karate.env system property was: null 
12:52:58.978 [pool-1-thread-1] INFO  com.intuit.karate - karate.env system property was: null 
12:52:58.990 [pool-1-thread-1] ERROR com.intuit.karate - classpath:todoist-test/closeATask.feature:18
Then status 400
java.lang.NullPointerException
classpath:todoist-test/closeATask.feature:18
12:52:59.013 [pool-1-thread-1] INFO  com.intuit.karate - karate.env system property was: null 
12:52:59.020 [pool-1-thread-1] ERROR com.intuit.karate - classpath:todoist-test/createAProject.feature:7
And request
"""
{
{"name": "Shopping List"}
}
"""
net.minidev.json.parser.ParseException: Unexpected character ({) at position 2.
classpath:todoist-test/createAProject.feature:7
12:52:59.034 [pool-1-thread-1] INFO  com.intuit.karate - karate.env system property was: null 
12:52:59.047 [pool-1-thread-1] ERROR com.intuit.karate - classpath:todoist-test/createAProject.feature:23
And request
"""
{
{"nam": "Shopping List"}
}
"""
net.minidev.json.parser.ParseException: Unexpected character ({) at position 2.
classpath:todoist-test/createAProject.feature:23
12:52:59.067 [pool-1-thread-1] INFO  com.intuit.karate - karate.env system property was: null 
12:52:59.073 [pool-1-thread-1] ERROR com.intuit.karate - classpath:todoist-test/createAProject.feature:34
And request
"""
{
{"name": "Shopping List"}
}
"""
net.minidev.json.parser.ParseException: Unexpected character ({) at position 2.
classpath:todoist-test/createAProject.feature:34
12:52:59.088 [pool-1-thread-1] INFO  com.intuit.karate - karate.env system property was: null 
12:52:59.488 [pool-1-thread-4] ERROR com.intuit.karate - karate.org.apache.http.ProtocolException: Target host is not specified, http call failed after 551 milliseconds for url: /tasks/487290266/reopen
12:52:59.491 [pool-1-thread-2] ERROR com.intuit.karate - karate.org.apache.http.ProtocolException: Target host is not specified, http call failed after 354 milliseconds for url: /tasks
12:52:59.491 [pool-1-thread-1] ERROR com.intuit.karate - karate.org.apache.http.ProtocolException: Target host is not specified, http call failed after 397 milliseconds for url: /projects/2203306141
12:52:59.497 [pool-1-thread-4] ERROR com.intuit.karate - classpath:todoist-test/closeATask.feature:8
When method GET
http call failed after 551 milliseconds for url: /tasks/487290266/reopen
classpath:todoist-test/closeATask.feature:8
12:52:59.492 [pool-1-thread-5] ERROR com.intuit.karate - karate.org.apache.http.ProtocolException: Target host is not specified, http call failed after 555 milliseconds for url: /tasks/487290266/close
12:52:59.514 [pool-1-thread-5] ERROR com.intuit.karate - classpath:todoist-test/closeATask.feature:13
When method GET
http call failed after 555 milliseconds for url: /tasks/487290266/close
classpath:todoist-test/closeATask.feature:13
12:52:59.491 [pool-1-thread-3] ERROR com.intuit.karate - karate.org.apache.http.ProtocolException: Target host is not specified, http call failed after 344 milliseconds for url: /tasks
12:52:59.500 [pool-1-thread-2] ERROR com.intuit.karate - classpath:todoist-test/addATask.feature:14
When method POST
http call failed after 354 milliseconds for url: /tasks
classpath:todoist-test/addATask.feature:14
12:52:59.500 [pool-1-thread-1] ERROR com.intuit.karate - classpath:todoist-test/deleteAProject.feature:7
When method DELETE
http call failed after 397 milliseconds for url: /projects/2203306141
classpath:todoist-test/deleteAProject.feature:7
12:52:59.518 [pool-1-thread-3] ERROR com.intuit.karate - classpath:todoist-test/addATask.feature:29
When method POST
http call failed after 344 milliseconds for url: /tasks
classpath:todoist-test/addATask.feature:29
12:52:59.535 [pool-1-thread-1] INFO  com.intuit.karate - karate.env system property was: null 
12:52:59.537 [pool-1-thread-5] INFO  com.intuit.karate - karate.env system property was: null 
12:52:59.542 [pool-1-thread-3] INFO  com.intuit.karate - karate.env system property was: null 
12:52:59.542 [pool-1-thread-2] INFO  com.intuit.karate - karate.env system property was: null 
12:52:59.568 [pool-1-thread-4] INFO  com.intuit.karate - karate.env system property was: null 
12:52:59.571 [pool-1-thread-1] ERROR com.intuit.karate - karate.org.apache.http.ProtocolException: Target host is not specified, http call failed after 1 milliseconds for url: /project/
12:52:59.581 [pool-1-thread-1] ERROR com.intuit.karate - classpath:todoist-test/getUserProjects.feature:20
When method GET
http call failed after 1 milliseconds for url: /project/
classpath:todoist-test/getUserProjects.feature:20
12:52:59.565 [pool-1-thread-5] ERROR com.intuit.karate - karate.org.apache.http.ProtocolException: Target host is not specified, http call failed after 18 milliseconds for url: /projects/
12:52:59.589 [pool-1-thread-5] ERROR com.intuit.karate - classpath:todoist-test/getUserProjects.feature:8
When method GET
http call failed after 18 milliseconds for url: /projects/
classpath:todoist-test/getUserProjects.feature:8
12:52:59.578 [pool-1-thread-2] ERROR com.intuit.karate - karate.org.apache.http.ProtocolException: Target host is not specified, http call failed after 5 milliseconds for url: /projects/2266692961
12:52:59.594 [pool-1-thread-2] ERROR com.intuit.karate - classpath:todoist-test/getUserProjects.feature:14
When method GET
http call failed after 5 milliseconds for url: /projects/2266692961
classpath:todoist-test/getUserProjects.feature:14
12:52:59.572 [pool-1-thread-3] ERROR com.intuit.karate - karate.org.apache.http.ProtocolException: Target host is not specified, http call failed after 2 milliseconds for url: /projects/22666
12:52:59.596 [pool-1-thread-3] ERROR com.intuit.karate - classpath:todoist-test/getUserProjects.feature:26
When method GET
http call failed after 2 milliseconds for url: /projects/22666
classpath:todoist-test/getUserProjects.feature:26
12:52:59.605 [pool-1-thread-4] ERROR com.intuit.karate - karate.org.apache.http.ProtocolException: Target host is not specified, http call failed after 2 milliseconds for url: /projects/2203306
12:52:59.608 [pool-1-thread-4] ERROR com.intuit.karate - classpath:todoist-test/deleteAProject.feature:12
When method DELETE
http call failed after 2 milliseconds for url: /projects/2203306
classpath:todoist-test/deleteAProject.feature:12
12:53:00.113 [pool-2-thread-1] INFO  com.intuit.karate.Suite - <<pass>> feature 1 of 6 (5 remaining) classpath:todoist-test/OAuth.feature
12:53:00.372 [pool-2-thread-1] INFO  com.intuit.karate.Suite - <<fail>> feature 2 of 6 (4 remaining) classpath:todoist-test/addATask.feature
12:53:00.517 [pool-2-thread-1] INFO  com.intuit.karate.Suite - <<fail>> feature 3 of 6 (3 remaining) classpath:todoist-test/closeATask.feature
12:53:00.666 [pool-2-thread-1] INFO  com.intuit.karate.Suite - <<fail>> feature 4 of 6 (2 remaining) classpath:todoist-test/createAProject.feature
12:53:00.739 [pool-2-thread-1] INFO  com.intuit.karate.Suite - <<fail>> feature 5 of 6 (1 remaining) classpath:todoist-test/deleteAProject.feature
12:53:00.845 [pool-2-thread-1] INFO  com.intuit.karate.Suite - <<fail>> feature 6 of 6 (0 remaining) classpath:todoist-test/getUserProjects.feature
22:48:28.312 [main] ERROR com.intuit.karate.core.FeatureParser - not a valid feature file: todoist-test/OAuth.feature - mismatched input '<EOF>' expecting {FEATURE_TAGS, FEATURE}
22:49:39.558 [main] ERROR com.intuit.karate.core.FeatureParser - not a valid feature file: todoist-test/OAuth.feature - mismatched input '<EOF>' expecting {FEATURE_TAGS, FEATURE}
22:50:16.681 [main] ERROR com.intuit.karate.core.FeatureParser - not a valid feature file: todoist-test/OAuth.feature - mismatched input '<EOF>' expecting {FEATURE_TAGS, FEATURE}
22:51:51.105 [main] ERROR com.intuit.karate.core.FeatureParser - not a valid feature file: todoist-test/OAuth.feature - mismatched input '<EOF>' expecting {FEATURE_TAGS, FEATURE}
22:53:04.620 [main] ERROR com.intuit.karate.core.FeatureParser - not a valid feature file: todoist-test/OAuth.feature - mismatched input '<EOF>' expecting {FEATURE_TAGS, FEATURE}
23:09:37.958 [main] ERROR com.intuit.karate.core.FeatureParser - not a valid feature file: todoist-test/OAuth.feature - mismatched input '<EOF>' expecting {FEATURE_TAGS, FEATURE}
09:45:33.696 [main] ERROR com.intuit.karate.core.FeatureParser - not a valid feature file: todoist-test/OAuth.feature - mismatched input '<EOF>' expecting {FEATURE_TAGS, FEATURE}
09:47:12.808 [main] DEBUG com.intuit.karate.Suite - [config] classpath:karate-config.js
09:47:12.814 [main] INFO  com.intuit.karate.Suite - backed up existing 'target/karate-reports' dir to: target/karate-reports_1623212232814
09:47:12.824 [main] DEBUG com.intuit.karate.Suite - waiting for 6 features to complete
09:47:14.394 [pool-1-thread-2] INFO  com.intuit.karate - karate.env system property was: null 
09:47:14.394 [pool-1-thread-1] INFO  com.intuit.karate - karate.env system property was: null 
09:47:14.394 [pool-1-thread-3] INFO  com.intuit.karate - karate.env system property was: null 
09:47:14.394 [pool-1-thread-4] INFO  com.intuit.karate - karate.env system property was: null 
09:47:14.394 [pool-1-thread-5] INFO  com.intuit.karate - karate.env system property was: null 
09:47:14.507 [pool-1-thread-1] INFO  com.intuit.karate - karate.env system property was: null 
09:47:14.516 [pool-1-thread-1] ERROR com.intuit.karate - classpath:todoist-test/closeATask.feature:21
Then status 400
java.lang.NullPointerException
classpath:todoist-test/closeATask.feature:21
09:47:14.545 [pool-1-thread-1] INFO  com.intuit.karate - karate.env system property was: null 
09:47:14.581 [pool-1-thread-1] ERROR com.intuit.karate - classpath:todoist-test/createAProject.feature:8
And request
"""
{
{"name": "Shopping List"}
}
"""
net.minidev.json.parser.ParseException: Unexpected character ({) at position 2.
classpath:todoist-test/createAProject.feature:8
09:47:14.598 [pool-1-thread-1] INFO  com.intuit.karate - karate.env system property was: null 
09:47:14.611 [pool-1-thread-1] ERROR com.intuit.karate - classpath:todoist-test/createAProject.feature:26
And request
"""
{
{"nam": "Shopping List"}
}
"""
net.minidev.json.parser.ParseException: Unexpected character ({) at position 2.
classpath:todoist-test/createAProject.feature:26
09:47:14.626 [pool-1-thread-1] INFO  com.intuit.karate - karate.env system property was: null 
09:47:14.643 [pool-1-thread-1] ERROR com.intuit.karate - classpath:todoist-test/createAProject.feature:38
And request
"""
{
{"name": "Shopping List"}
}
"""
net.minidev.json.parser.ParseException: Unexpected character ({) at position 2.
classpath:todoist-test/createAProject.feature:38
09:47:14.663 [pool-1-thread-1] INFO  com.intuit.karate - karate.env system property was: null 
09:47:15.057 [pool-1-thread-1] ERROR com.intuit.karate - karate.org.apache.http.ProtocolException: Target host is not specified, http call failed after 389 milliseconds for url: /projects/2203306141
09:47:15.064 [pool-1-thread-1] ERROR com.intuit.karate - classpath:todoist-test/deleteAProject.feature:8
When method DELETE
http call failed after 389 milliseconds for url: /projects/2203306141
classpath:todoist-test/deleteAProject.feature:8
09:47:15.057 [pool-1-thread-4] ERROR com.intuit.karate - karate.org.apache.http.ProtocolException: Target host is not specified, http call failed after 560 milliseconds for url: /tasks/487290266/reopen
09:47:15.057 [pool-1-thread-5] ERROR com.intuit.karate - karate.org.apache.http.ProtocolException: Target host is not specified, http call failed after 560 milliseconds for url: /tasks/487290266/close
09:47:15.068 [pool-1-thread-5] ERROR com.intuit.karate - classpath:todoist-test/closeATask.feature:15
When method GET
http call failed after 560 milliseconds for url: /tasks/487290266/close
classpath:todoist-test/closeATask.feature:15
09:47:15.068 [pool-1-thread-4] ERROR com.intuit.karate - classpath:todoist-test/closeATask.feature:9
When method GET
http call failed after 560 milliseconds for url: /tasks/487290266/reopen
classpath:todoist-test/closeATask.feature:9
09:47:15.057 [pool-1-thread-3] ERROR com.intuit.karate - karate.org.apache.http.ProtocolException: Target host is not specified, http call failed after 295 milliseconds for url: /tasks
09:47:15.105 [pool-1-thread-3] ERROR com.intuit.karate - classpath:todoist-test/addATask.feature:31
When method POST
http call failed after 295 milliseconds for url: /tasks
classpath:todoist-test/addATask.feature:31
09:47:15.057 [pool-1-thread-2] ERROR com.intuit.karate - karate.org.apache.http.ProtocolException: Target host is not specified, http call failed after 295 milliseconds for url: /tasks
09:47:15.118 [pool-1-thread-4] INFO  com.intuit.karate - karate.env system property was: null 
09:47:15.121 [pool-1-thread-2] ERROR com.intuit.karate - classpath:todoist-test/addATask.feature:15
When method POST
http call failed after 295 milliseconds for url: /tasks
classpath:todoist-test/addATask.feature:15
09:47:15.123 [pool-1-thread-4] ERROR com.intuit.karate - karate.org.apache.http.ProtocolException: Target host is not specified, http call failed after 1 milliseconds for url: /projects/
09:47:15.123 [pool-1-thread-1] INFO  com.intuit.karate - karate.env system property was: null 
09:47:15.130 [pool-1-thread-5] INFO  com.intuit.karate - karate.env system property was: null 
09:47:15.147 [pool-1-thread-4] ERROR com.intuit.karate - classpath:todoist-test/getUserProjects.feature:9
When method GET
http call failed after 1 milliseconds for url: /projects/
classpath:todoist-test/getUserProjects.feature:9
09:47:15.148 [pool-1-thread-5] ERROR com.intuit.karate - karate.org.apache.http.ProtocolException: Target host is not specified, http call failed after 14 milliseconds for url: /project/
09:47:15.150 [pool-1-thread-5] ERROR com.intuit.karate - classpath:todoist-test/getUserProjects.feature:23
When method GET
http call failed after 14 milliseconds for url: /project/
classpath:todoist-test/getUserProjects.feature:23
09:47:15.149 [pool-1-thread-3] INFO  com.intuit.karate - karate.env system property was: null 
09:47:15.151 [pool-1-thread-1] ERROR com.intuit.karate - karate.org.apache.http.ProtocolException: Target host is not specified, http call failed after 21 milliseconds for url: /projects/2203306
09:47:15.152 [pool-1-thread-1] ERROR com.intuit.karate - classpath:todoist-test/deleteAProject.feature:14
When method DELETE
http call failed after 21 milliseconds for url: /projects/2203306
classpath:todoist-test/deleteAProject.feature:14
09:47:15.157 [pool-1-thread-3] ERROR com.intuit.karate - karate.org.apache.http.ProtocolException: Target host is not specified, http call failed after 2 milliseconds for url: /projects/2266692961
09:47:15.159 [pool-1-thread-3] ERROR com.intuit.karate - classpath:todoist-test/getUserProjects.feature:16
When method GET
http call failed after 2 milliseconds for url: /projects/2266692961
classpath:todoist-test/getUserProjects.feature:16
09:47:15.154 [pool-1-thread-2] INFO  com.intuit.karate - karate.env system property was: null 
09:47:15.173 [pool-1-thread-2] ERROR com.intuit.karate - karate.org.apache.http.ProtocolException: Target host is not specified, http call failed after 1 milliseconds for url: /projects/22666
09:47:15.173 [pool-1-thread-2] ERROR com.intuit.karate - classpath:todoist-test/getUserProjects.feature:30
When method GET
http call failed after 1 milliseconds for url: /projects/22666
classpath:todoist-test/getUserProjects.feature:30
09:47:15.676 [pool-2-thread-1] INFO  com.intuit.karate.Suite - <<pass>> feature 1 of 6 (5 remaining) classpath:todoist-test/OAuth.feature
09:47:15.923 [pool-2-thread-1] INFO  com.intuit.karate.Suite - <<fail>> feature 2 of 6 (4 remaining) classpath:todoist-test/addATask.feature
09:47:16.065 [pool-2-thread-1] INFO  com.intuit.karate.Suite - <<fail>> feature 3 of 6 (3 remaining) classpath:todoist-test/closeATask.feature
09:47:16.194 [pool-2-thread-1] INFO  com.intuit.karate.Suite - <<fail>> feature 4 of 6 (2 remaining) classpath:todoist-test/createAProject.feature
09:47:16.266 [pool-2-thread-1] INFO  com.intuit.karate.Suite - <<fail>> feature 5 of 6 (1 remaining) classpath:todoist-test/deleteAProject.feature
09:47:16.345 [pool-2-thread-1] INFO  com.intuit.karate.Suite - <<fail>> feature 6 of 6 (0 remaining) classpath:todoist-test/getUserProjects.feature
09:48:05.343 [main] DEBUG com.intuit.karate.Suite - [config] classpath:karate-config.js
09:48:05.348 [main] INFO  com.intuit.karate.Suite - backed up existing 'target/karate-reports' dir to: target/karate-reports_1623212285348
09:48:05.360 [main] DEBUG com.intuit.karate.Suite - waiting for 6 features to complete
09:48:06.792 [pool-1-thread-1] INFO  com.intuit.karate - karate.env system property was: null 
09:48:06.792 [pool-1-thread-4] INFO  com.intuit.karate - karate.env system property was: null 
09:48:06.792 [pool-1-thread-5] INFO  com.intuit.karate - karate.env system property was: null 
09:48:06.792 [pool-1-thread-3] INFO  com.intuit.karate - karate.env system property was: null 
09:48:06.792 [pool-1-thread-2] INFO  com.intuit.karate - karate.env system property was: null 
09:48:06.894 [pool-1-thread-1] INFO  com.intuit.karate - karate.env system property was: null 
09:48:06.909 [pool-1-thread-1] ERROR com.intuit.karate - classpath:todoist-test/closeATask.feature:21
Then status 400
java.lang.NullPointerException
classpath:todoist-test/closeATask.feature:21
09:48:06.933 [pool-1-thread-1] INFO  com.intuit.karate - karate.env system property was: null 
09:48:06.960 [pool-1-thread-1] ERROR com.intuit.karate - classpath:todoist-test/createAProject.feature:8
And request
"""
{
{"name": "Shopping List"}
}
"""
net.minidev.json.parser.ParseException: Unexpected character ({) at position 2.
classpath:todoist-test/createAProject.feature:8
09:48:06.974 [pool-1-thread-1] INFO  com.intuit.karate - karate.env system property was: null 
09:48:06.994 [pool-1-thread-1] ERROR com.intuit.karate - classpath:todoist-test/createAProject.feature:26
And request
"""
{
{"nam": "Shopping List"}
}
"""
net.minidev.json.parser.ParseException: Unexpected character ({) at position 2.
classpath:todoist-test/createAProject.feature:26
09:48:07.006 [pool-1-thread-1] INFO  com.intuit.karate - karate.env system property was: null 
09:48:07.010 [pool-1-thread-1] ERROR com.intuit.karate - classpath:todoist-test/createAProject.feature:38
And request
"""
{
{"name": "Shopping List"}
}
"""
net.minidev.json.parser.ParseException: Unexpected character ({) at position 2.
classpath:todoist-test/createAProject.feature:38
09:48:07.024 [pool-1-thread-1] INFO  com.intuit.karate - karate.env system property was: null 
09:48:07.460 [pool-1-thread-4] ERROR com.intuit.karate - karate.org.apache.http.ProtocolException: Target host is not specified, http call failed after 569 milliseconds for url: /tasks/487290266/reopen
09:48:07.461 [pool-1-thread-1] ERROR com.intuit.karate - karate.org.apache.http.ProtocolException: Target host is not specified, http call failed after 433 milliseconds for url: /projects/2203306141
09:48:07.460 [pool-1-thread-2] ERROR com.intuit.karate - karate.org.apache.http.ProtocolException: Target host is not specified, http call failed after 320 milliseconds for url: /tasks
09:48:07.461 [pool-1-thread-5] ERROR com.intuit.karate - karate.org.apache.http.ProtocolException: Target host is not specified, http call failed after 570 milliseconds for url: /tasks/487290266/close
09:48:07.461 [pool-1-thread-1] ERROR com.intuit.karate - classpath:todoist-test/deleteAProject.feature:8
When method DELETE
http call failed after 433 milliseconds for url: /projects/2203306141
classpath:todoist-test/deleteAProject.feature:8
09:48:07.460 [pool-1-thread-3] ERROR com.intuit.karate - karate.org.apache.http.ProtocolException: Target host is not specified, http call failed after 320 milliseconds for url: /tasks
09:48:07.462 [pool-1-thread-5] ERROR com.intuit.karate - classpath:todoist-test/closeATask.feature:15
When method GET
http call failed after 570 milliseconds for url: /tasks/487290266/close
classpath:todoist-test/closeATask.feature:15
09:48:07.462 [pool-1-thread-2] ERROR com.intuit.karate - classpath:todoist-test/addATask.feature:15
When method POST
http call failed after 320 milliseconds for url: /tasks
classpath:todoist-test/addATask.feature:15
09:48:07.461 [pool-1-thread-4] ERROR com.intuit.karate - classpath:todoist-test/closeATask.feature:9
When method GET
http call failed after 569 milliseconds for url: /tasks/487290266/reopen
classpath:todoist-test/closeATask.feature:9
09:48:07.462 [pool-1-thread-3] ERROR com.intuit.karate - classpath:todoist-test/addATask.feature:31
When method POST
http call failed after 320 milliseconds for url: /tasks
classpath:todoist-test/addATask.feature:31
09:48:07.481 [pool-1-thread-1] INFO  com.intuit.karate - karate.env system property was: null 
09:48:07.484 [pool-1-thread-2] INFO  com.intuit.karate - karate.env system property was: null 
09:48:07.497 [pool-1-thread-4] INFO  com.intuit.karate - karate.env system property was: null 
09:48:07.501 [pool-1-thread-1] ERROR com.intuit.karate - karate.org.apache.http.ProtocolException: Target host is not specified, http call failed after 15 milliseconds for url: /projects/2203306
09:48:07.502 [pool-1-thread-1] ERROR com.intuit.karate - classpath:todoist-test/deleteAProject.feature:14
When method DELETE
http call failed after 15 milliseconds for url: /projects/2203306
classpath:todoist-test/deleteAProject.feature:14
09:48:07.514 [pool-1-thread-3] INFO  com.intuit.karate - karate.env system property was: null 
09:48:07.514 [pool-1-thread-5] INFO  com.intuit.karate - karate.env system property was: null 
09:48:07.515 [pool-1-thread-2] ERROR com.intuit.karate - karate.org.apache.http.ProtocolException: Target host is not specified, http call failed after 5 milliseconds for url: /projects/2266692961
09:48:07.515 [pool-1-thread-2] ERROR com.intuit.karate - classpath:todoist-test/getUserProjects.feature:16
When method GET
http call failed after 5 milliseconds for url: /projects/2266692961
classpath:todoist-test/getUserProjects.feature:16
09:48:07.521 [pool-1-thread-4] ERROR com.intuit.karate - karate.org.apache.http.ProtocolException: Target host is not specified, http call failed after 7 milliseconds for url: /project/
09:48:07.521 [pool-1-thread-5] ERROR com.intuit.karate - karate.org.apache.http.ProtocolException: Target host is not specified, http call failed after 4 milliseconds for url: /projects/
09:48:07.523 [pool-1-thread-5] ERROR com.intuit.karate - classpath:todoist-test/getUserProjects.feature:9
When method GET
http call failed after 4 milliseconds for url: /projects/
classpath:todoist-test/getUserProjects.feature:9
09:48:07.523 [pool-1-thread-3] ERROR com.intuit.karate - karate.org.apache.http.ProtocolException: Target host is not specified, http call failed after 6 milliseconds for url: /projects/22666
09:48:07.531 [pool-1-thread-4] ERROR com.intuit.karate - classpath:todoist-test/getUserProjects.feature:23
When method GET
http call failed after 7 milliseconds for url: /project/
classpath:todoist-test/getUserProjects.feature:23
09:48:07.533 [pool-1-thread-3] ERROR com.intuit.karate - classpath:todoist-test/getUserProjects.feature:30
When method GET
http call failed after 6 milliseconds for url: /projects/22666
classpath:todoist-test/getUserProjects.feature:30
09:48:08.014 [pool-2-thread-1] INFO  com.intuit.karate.Suite - <<pass>> feature 1 of 6 (5 remaining) classpath:todoist-test/OAuth.feature
09:48:08.238 [pool-2-thread-1] INFO  com.intuit.karate.Suite - <<fail>> feature 2 of 6 (4 remaining) classpath:todoist-test/addATask.feature
09:48:08.475 [pool-2-thread-1] INFO  com.intuit.karate.Suite - <<fail>> feature 3 of 6 (3 remaining) classpath:todoist-test/closeATask.feature
09:48:08.613 [pool-2-thread-1] INFO  com.intuit.karate.Suite - <<fail>> feature 4 of 6 (2 remaining) classpath:todoist-test/createAProject.feature
09:48:08.692 [pool-2-thread-1] INFO  com.intuit.karate.Suite - <<fail>> feature 5 of 6 (1 remaining) classpath:todoist-test/deleteAProject.feature
09:48:08.812 [pool-2-thread-1] INFO  com.intuit.karate.Suite - <<fail>> feature 6 of 6 (0 remaining) classpath:todoist-test/getUserProjects.feature
10:02:27.152 [main] DEBUG com.intuit.karate.Suite - [config] classpath:karate-config.js
10:02:27.158 [main] INFO  com.intuit.karate.Suite - backed up existing 'target/karate-reports' dir to: target/karate-reports_1623213147158
10:02:27.169 [main] DEBUG com.intuit.karate.Suite - waiting for 6 features to complete
10:02:28.540 [pool-1-thread-3] INFO  com.intuit.karate - karate.env system property was: null 
10:02:28.540 [pool-1-thread-4] INFO  com.intuit.karate - karate.env system property was: null 
10:02:28.540 [pool-1-thread-5] INFO  com.intuit.karate - karate.env system property was: null 
10:02:28.540 [pool-1-thread-2] INFO  com.intuit.karate - karate.env system property was: null 
10:02:28.540 [pool-1-thread-1] INFO  com.intuit.karate - karate.env system property was: null 
10:02:28.667 [pool-1-thread-1] INFO  com.intuit.karate - karate.env system property was: null 
10:02:28.681 [pool-1-thread-1] ERROR com.intuit.karate - classpath:todoist-test/closeATask.feature:21
Then status 400
java.lang.NullPointerException
classpath:todoist-test/closeATask.feature:21
10:02:28.713 [pool-1-thread-1] INFO  com.intuit.karate - karate.env system property was: null 
10:02:28.749 [pool-1-thread-1] ERROR com.intuit.karate - classpath:todoist-test/createAProject.feature:8
And request
"""
{
{"name": "Shopping List"}
}
"""
net.minidev.json.parser.ParseException: Unexpected character ({) at position 2.
classpath:todoist-test/createAProject.feature:8
10:02:28.771 [pool-1-thread-1] INFO  com.intuit.karate - karate.env system property was: null 
10:02:28.775 [pool-1-thread-1] ERROR com.intuit.karate - classpath:todoist-test/createAProject.feature:26
And request
"""
{
{"nam": "Shopping List"}
}
"""
net.minidev.json.parser.ParseException: Unexpected character ({) at position 2.
classpath:todoist-test/createAProject.feature:26
10:02:28.789 [pool-1-thread-1] INFO  com.intuit.karate - karate.env system property was: null 
10:02:28.809 [pool-1-thread-1] ERROR com.intuit.karate - classpath:todoist-test/createAProject.feature:38
And request
"""
{
{"name": "Shopping List"}
}
"""
net.minidev.json.parser.ParseException: Unexpected character ({) at position 2.
classpath:todoist-test/createAProject.feature:38
10:02:28.818 [pool-1-thread-1] INFO  com.intuit.karate - karate.env system property was: null 
10:02:29.234 [pool-1-thread-3] ERROR com.intuit.karate - karate.org.apache.http.ProtocolException: Target host is not specified, http call failed after 330 milliseconds for url: /tasks
10:02:29.234 [pool-1-thread-5] ERROR com.intuit.karate - karate.org.apache.http.ProtocolException: Target host is not specified, http call failed after 570 milliseconds for url: /tasks/487290266/close
10:02:29.235 [pool-1-thread-3] ERROR com.intuit.karate - classpath:todoist-test/addATask.feature:31
When method POST
http call failed after 330 milliseconds for url: /tasks
classpath:todoist-test/addATask.feature:31
10:02:29.234 [pool-1-thread-1] ERROR com.intuit.karate - karate.org.apache.http.ProtocolException: Target host is not specified, http call failed after 410 milliseconds for url: /projects/2203306141
10:02:29.248 [pool-1-thread-1] ERROR com.intuit.karate - classpath:todoist-test/deleteAProject.feature:8
When method DELETE
http call failed after 410 milliseconds for url: /projects/2203306141
classpath:todoist-test/deleteAProject.feature:8
10:02:29.234 [pool-1-thread-4] ERROR com.intuit.karate - karate.org.apache.http.ProtocolException: Target host is not specified, http call failed after 565 milliseconds for url: /tasks/487290266/reopen
10:02:29.255 [pool-1-thread-4] ERROR com.intuit.karate - classpath:todoist-test/closeATask.feature:9
When method GET
http call failed after 565 milliseconds for url: /tasks/487290266/reopen
classpath:todoist-test/closeATask.feature:9
10:02:29.243 [pool-1-thread-3] INFO  com.intuit.karate - karate.env system property was: null 
10:02:29.234 [pool-1-thread-2] ERROR com.intuit.karate - karate.org.apache.http.ProtocolException: Target host is not specified, http call failed after 330 milliseconds for url: /tasks
10:02:29.263 [pool-1-thread-2] ERROR com.intuit.karate - classpath:todoist-test/addATask.feature:15
When method POST
http call failed after 330 milliseconds for url: /tasks
classpath:todoist-test/addATask.feature:15
10:02:29.235 [pool-1-thread-5] ERROR com.intuit.karate - classpath:todoist-test/closeATask.feature:15
When method GET
http call failed after 570 milliseconds for url: /tasks/487290266/close
classpath:todoist-test/closeATask.feature:15
10:02:29.271 [pool-1-thread-2] INFO  com.intuit.karate - karate.env system property was: null 
10:02:29.280 [pool-1-thread-4] INFO  com.intuit.karate - karate.env system property was: null 
10:02:29.284 [pool-1-thread-2] ERROR com.intuit.karate - karate.org.apache.http.ProtocolException: Target host is not specified, http call failed after 1 milliseconds for url: /project/
10:02:29.285 [pool-1-thread-2] ERROR com.intuit.karate - classpath:todoist-test/getUserProjects.feature:23
When method GET
http call failed after 1 milliseconds for url: /project/
classpath:todoist-test/getUserProjects.feature:23
10:02:29.288 [pool-1-thread-1] INFO  com.intuit.karate - karate.env system property was: null 
10:02:29.273 [pool-1-thread-3] ERROR com.intuit.karate - karate.org.apache.http.ProtocolException: Target host is not specified, http call failed after 2 milliseconds for url: /projects/2203306
10:02:29.291 [pool-1-thread-4] ERROR com.intuit.karate - karate.org.apache.http.ProtocolException: Target host is not specified, http call failed after 2 milliseconds for url: /projects/2266692961
10:02:29.298 [pool-1-thread-4] ERROR com.intuit.karate - classpath:todoist-test/getUserProjects.feature:16
When method GET
http call failed after 2 milliseconds for url: /projects/2266692961
classpath:todoist-test/getUserProjects.feature:16
10:02:29.299 [pool-1-thread-3] ERROR com.intuit.karate - classpath:todoist-test/deleteAProject.feature:14
When method DELETE
http call failed after 2 milliseconds for url: /projects/2203306
classpath:todoist-test/deleteAProject.feature:14
10:02:29.302 [pool-1-thread-5] INFO  com.intuit.karate - karate.env system property was: null 
10:02:29.312 [pool-1-thread-1] ERROR com.intuit.karate - karate.org.apache.http.ProtocolException: Target host is not specified, http call failed after 15 milliseconds for url: /projects/
10:02:29.314 [pool-1-thread-1] ERROR com.intuit.karate - classpath:todoist-test/getUserProjects.feature:9
When method GET
http call failed after 15 milliseconds for url: /projects/
classpath:todoist-test/getUserProjects.feature:9
10:02:29.328 [pool-1-thread-5] ERROR com.intuit.karate - karate.org.apache.http.ProtocolException: Target host is not specified, http call failed after 2 milliseconds for url: /projects/22666
10:02:29.328 [pool-1-thread-5] ERROR com.intuit.karate - classpath:todoist-test/getUserProjects.feature:30
When method GET
http call failed after 2 milliseconds for url: /projects/22666
classpath:todoist-test/getUserProjects.feature:30
10:02:29.773 [pool-2-thread-1] INFO  com.intuit.karate.Suite - <<pass>> feature 1 of 6 (5 remaining) classpath:todoist-test/OAuth.feature
10:02:30.019 [pool-2-thread-1] INFO  com.intuit.karate.Suite - <<fail>> feature 2 of 6 (4 remaining) classpath:todoist-test/addATask.feature
10:02:30.162 [pool-2-thread-1] INFO  com.intuit.karate.Suite - <<fail>> feature 3 of 6 (3 remaining) classpath:todoist-test/closeATask.feature
10:02:30.424 [pool-2-thread-1] INFO  com.intuit.karate.Suite - <<fail>> feature 4 of 6 (2 remaining) classpath:todoist-test/createAProject.feature
10:02:30.508 [pool-2-thread-1] INFO  com.intuit.karate.Suite - <<fail>> feature 5 of 6 (1 remaining) classpath:todoist-test/deleteAProject.feature
10:02:30.617 [pool-2-thread-1] INFO  com.intuit.karate.Suite - <<fail>> feature 6 of 6 (0 remaining) classpath:todoist-test/getUserProjects.feature
10:04:22.237 [main] DEBUG com.intuit.karate.Suite - [config] classpath:karate-config.js
10:04:22.243 [main] INFO  com.intuit.karate.Suite - backed up existing 'target/karate-reports' dir to: target/karate-reports_1623213262243
10:04:22.256 [main] DEBUG com.intuit.karate.Suite - waiting for 6 features to complete
10:04:23.648 [pool-1-thread-1] INFO  com.intuit.karate - karate.env system property was: null 
10:04:23.648 [pool-1-thread-2] INFO  com.intuit.karate - karate.env system property was: null 
10:04:23.648 [pool-1-thread-3] INFO  com.intuit.karate - karate.env system property was: null 
10:04:23.648 [pool-1-thread-5] INFO  com.intuit.karate - karate.env system property was: null 
10:04:23.648 [pool-1-thread-4] INFO  com.intuit.karate - karate.env system property was: null 
10:04:23.753 [pool-1-thread-1] INFO  com.intuit.karate - karate.env system property was: null 
10:04:23.762 [pool-1-thread-1] ERROR com.intuit.karate - classpath:todoist-test/closeATask.feature:21
Then status 400
java.lang.NullPointerException
classpath:todoist-test/closeATask.feature:21
10:04:23.785 [pool-1-thread-1] INFO  com.intuit.karate - karate.env system property was: null 
10:04:23.803 [pool-1-thread-1] ERROR com.intuit.karate - classpath:todoist-test/createAProject.feature:8
And request
"""
{
{"name": "Shopping List"}
}
"""
net.minidev.json.parser.ParseException: Unexpected character ({) at position 2.
classpath:todoist-test/createAProject.feature:8
10:04:23.846 [pool-1-thread-1] INFO  com.intuit.karate - karate.env system property was: null 
10:04:23.854 [pool-1-thread-1] ERROR com.intuit.karate - classpath:todoist-test/createAProject.feature:26
And request
"""
{
{"nam": "Shopping List"}
}
"""
net.minidev.json.parser.ParseException: Unexpected character ({) at position 2.
classpath:todoist-test/createAProject.feature:26
10:04:23.867 [pool-1-thread-1] INFO  com.intuit.karate - karate.env system property was: null 
10:04:23.871 [pool-1-thread-1] ERROR com.intuit.karate - classpath:todoist-test/createAProject.feature:38
And request
"""
{
{"name": "Shopping List"}
}
"""
net.minidev.json.parser.ParseException: Unexpected character ({) at position 2.
classpath:todoist-test/createAProject.feature:38
10:04:23.886 [pool-1-thread-1] INFO  com.intuit.karate - karate.env system property was: null 
10:04:24.257 [pool-1-thread-5] ERROR com.intuit.karate - karate.org.apache.http.ProtocolException: Target host is not specified, http call failed after 511 milliseconds for url: /tasks/487290266/close
10:04:24.257 [pool-1-thread-4] ERROR com.intuit.karate - karate.org.apache.http.ProtocolException: Target host is not specified, http call failed after 512 milliseconds for url: /tasks/487290266/reopen
10:04:24.257 [pool-1-thread-5] ERROR com.intuit.karate - classpath:todoist-test/closeATask.feature:15
When method GET
http call failed after 511 milliseconds for url: /tasks/487290266/close
classpath:todoist-test/closeATask.feature:15
10:04:24.257 [pool-1-thread-1] ERROR com.intuit.karate - karate.org.apache.http.ProtocolException: Target host is not specified, http call failed after 364 milliseconds for url: /projects/2203306141
10:04:24.262 [pool-1-thread-1] ERROR com.intuit.karate - classpath:todoist-test/deleteAProject.feature:8
When method DELETE
http call failed after 364 milliseconds for url: /projects/2203306141
classpath:todoist-test/deleteAProject.feature:8
10:04:24.257 [pool-1-thread-3] ERROR com.intuit.karate - karate.org.apache.http.ProtocolException: Target host is not specified, http call failed after 284 milliseconds for url: /tasks
10:04:24.264 [pool-1-thread-3] ERROR com.intuit.karate - classpath:todoist-test/addATask.feature:31
When method POST
http call failed after 284 milliseconds for url: /tasks
classpath:todoist-test/addATask.feature:31
10:04:24.257 [pool-1-thread-4] ERROR com.intuit.karate - classpath:todoist-test/closeATask.feature:9
When method GET
http call failed after 512 milliseconds for url: /tasks/487290266/reopen
classpath:todoist-test/closeATask.feature:9
10:04:24.257 [pool-1-thread-2] ERROR com.intuit.karate - karate.org.apache.http.ProtocolException: Target host is not specified, http call failed after 284 milliseconds for url: /tasks
10:04:24.273 [pool-1-thread-2] ERROR com.intuit.karate - classpath:todoist-test/addATask.feature:15
When method POST
http call failed after 284 milliseconds for url: /tasks
classpath:todoist-test/addATask.feature:15
10:04:24.287 [pool-1-thread-4] INFO  com.intuit.karate - karate.env system property was: null 
10:04:24.287 [pool-1-thread-5] INFO  com.intuit.karate - karate.env system property was: null 
10:04:24.293 [pool-1-thread-1] INFO  com.intuit.karate - karate.env system property was: null 
10:04:24.295 [pool-1-thread-5] ERROR com.intuit.karate - karate.org.apache.http.ProtocolException: Target host is not specified, http call failed after 2 milliseconds for url: /projects/2203306
10:04:24.296 [pool-1-thread-5] ERROR com.intuit.karate - classpath:todoist-test/deleteAProject.feature:14
When method DELETE
http call failed after 2 milliseconds for url: /projects/2203306
classpath:todoist-test/deleteAProject.feature:14
10:04:24.300 [pool-1-thread-4] ERROR com.intuit.karate - karate.org.apache.http.ProtocolException: Target host is not specified, http call failed after 1 milliseconds for url: /project/
10:04:24.301 [pool-1-thread-2] INFO  com.intuit.karate - karate.env system property was: null 
10:04:24.301 [pool-1-thread-4] ERROR com.intuit.karate - classpath:todoist-test/getUserProjects.feature:23
When method GET
http call failed after 1 milliseconds for url: /project/
classpath:todoist-test/getUserProjects.feature:23
10:04:24.308 [pool-1-thread-3] INFO  com.intuit.karate - karate.env system property was: null 
10:04:24.315 [pool-1-thread-1] ERROR com.intuit.karate - karate.org.apache.http.ProtocolException: Target host is not specified, http call failed after 5 milliseconds for url: /projects/
10:04:24.319 [pool-1-thread-1] ERROR com.intuit.karate - classpath:todoist-test/getUserProjects.feature:9
When method GET
http call failed after 5 milliseconds for url: /projects/
classpath:todoist-test/getUserProjects.feature:9
10:04:24.316 [pool-1-thread-3] ERROR com.intuit.karate - karate.org.apache.http.ProtocolException: Target host is not specified, http call failed after 2 milliseconds for url: /projects/2266692961
10:04:24.322 [pool-1-thread-3] ERROR com.intuit.karate - classpath:todoist-test/getUserProjects.feature:16
When method GET
http call failed after 2 milliseconds for url: /projects/2266692961
classpath:todoist-test/getUserProjects.feature:16
10:04:24.326 [pool-1-thread-2] ERROR com.intuit.karate - karate.org.apache.http.ProtocolException: Target host is not specified, http call failed after 1 milliseconds for url: /projects/22666
10:04:24.337 [pool-1-thread-2] ERROR com.intuit.karate - classpath:todoist-test/getUserProjects.feature:30
When method GET
http call failed after 1 milliseconds for url: /projects/22666
classpath:todoist-test/getUserProjects.feature:30
10:04:24.854 [pool-2-thread-1] INFO  com.intuit.karate.Suite - <<pass>> feature 1 of 6 (5 remaining) classpath:todoist-test/OAuth.feature
10:04:25.108 [pool-2-thread-1] INFO  com.intuit.karate.Suite - <<fail>> feature 2 of 6 (4 remaining) classpath:todoist-test/addATask.feature
10:04:25.365 [pool-2-thread-1] INFO  com.intuit.karate.Suite - <<fail>> feature 3 of 6 (3 remaining) classpath:todoist-test/closeATask.feature
10:04:25.508 [pool-2-thread-1] INFO  com.intuit.karate.Suite - <<fail>> feature 4 of 6 (2 remaining) classpath:todoist-test/createAProject.feature
10:04:25.596 [pool-2-thread-1] INFO  com.intuit.karate.Suite - <<fail>> feature 5 of 6 (1 remaining) classpath:todoist-test/deleteAProject.feature
10:04:25.713 [pool-2-thread-1] INFO  com.intuit.karate.Suite - <<fail>> feature 6 of 6 (0 remaining) classpath:todoist-test/getUserProjects.feature
10:22:50.473 [main] DEBUG com.intuit.karate.Suite - [config] classpath:karate-config.js
10:22:50.478 [main] INFO  com.intuit.karate.Suite - backed up existing 'target/karate-reports' dir to: target/karate-reports_1623214370478
10:22:50.488 [main] DEBUG com.intuit.karate.Suite - waiting for 6 features to complete
10:22:51.872 [pool-1-thread-5] INFO  com.intuit.karate - karate.env system property was: null 
10:22:51.872 [pool-1-thread-3] INFO  com.intuit.karate - karate.env system property was: null 
10:22:51.872 [pool-1-thread-4] INFO  com.intuit.karate - karate.env system property was: null 
10:22:51.872 [pool-1-thread-1] INFO  com.intuit.karate - karate.env system property was: null 
10:22:51.872 [pool-1-thread-2] INFO  com.intuit.karate - karate.env system property was: null 
10:22:51.981 [pool-1-thread-1] INFO  com.intuit.karate - karate.env system property was: null 
10:22:51.993 [pool-1-thread-1] ERROR com.intuit.karate - classpath:todoist-test/closeATask.feature:21
Then status 400
java.lang.NullPointerException
classpath:todoist-test/closeATask.feature:21
10:22:52.011 [pool-1-thread-1] INFO  com.intuit.karate - karate.env system property was: null 
10:22:52.471 [pool-1-thread-4] ERROR com.intuit.karate - karate.org.apache.http.ProtocolException: Target host is not specified, http call failed after 502 milliseconds for url: /tasks/487290266/reopen
10:22:52.471 [pool-1-thread-2] ERROR com.intuit.karate - karate.org.apache.http.ProtocolException: Target host is not specified, http call failed after 296 milliseconds for url: /tasks
10:22:52.471 [pool-1-thread-3] ERROR com.intuit.karate - karate.org.apache.http.ProtocolException: Target host is not specified, http call failed after 296 milliseconds for url: /tasks
10:22:52.471 [pool-1-thread-4] ERROR com.intuit.karate - classpath:todoist-test/closeATask.feature:9
When method GET
http call failed after 502 milliseconds for url: /tasks/487290266/reopen
classpath:todoist-test/closeATask.feature:9
10:22:52.472 [pool-1-thread-3] ERROR com.intuit.karate - classpath:todoist-test/addATask.feature:31
When method POST
http call failed after 296 milliseconds for url: /tasks
classpath:todoist-test/addATask.feature:31
10:22:52.472 [pool-1-thread-5] ERROR com.intuit.karate - karate.org.apache.http.ProtocolException: Target host is not specified, http call failed after 503 milliseconds for url: /tasks/487290266/close
10:22:52.490 [pool-1-thread-4] INFO  com.intuit.karate - karate.env system property was: null 
10:22:52.471 [pool-1-thread-1] ERROR com.intuit.karate - karate.org.apache.http.ProtocolException: Target host is not specified, http call failed after 296 milliseconds for url: /projects
10:22:52.472 [pool-1-thread-5] ERROR com.intuit.karate - classpath:todoist-test/closeATask.feature:15
When method GET
http call failed after 503 milliseconds for url: /tasks/487290266/close
classpath:todoist-test/closeATask.feature:15
10:22:52.495 [pool-1-thread-2] ERROR com.intuit.karate - classpath:todoist-test/addATask.feature:15
When method POST
http call failed after 296 milliseconds for url: /tasks
classpath:todoist-test/addATask.feature:15
10:22:52.496 [pool-1-thread-1] ERROR com.intuit.karate - classpath:todoist-test/createAProject.feature:14
When method POST
http call failed after 296 milliseconds for url: /projects
classpath:todoist-test/createAProject.feature:14
10:22:52.504 [pool-1-thread-4] ERROR com.intuit.karate - karate.org.apache.http.ProtocolException: Target host is not specified, http call failed after 10 milliseconds for url: /projects
10:22:52.514 [pool-1-thread-4] ERROR com.intuit.karate - classpath:todoist-test/createAProject.feature:44
When method POST
http call failed after 10 milliseconds for url: /projects
classpath:todoist-test/createAProject.feature:44
10:22:52.519 [pool-1-thread-3] INFO  com.intuit.karate - karate.env system property was: null 
10:22:52.528 [pool-1-thread-3] ERROR com.intuit.karate - karate.org.apache.http.ProtocolException: Target host is not specified, http call failed after 2 milliseconds for url: /projects
10:22:52.531 [pool-1-thread-1] INFO  com.intuit.karate - karate.env system property was: null 
10:22:52.531 [pool-1-thread-3] ERROR com.intuit.karate - classpath:todoist-test/createAProject.feature:32
When method POST
http call failed after 2 milliseconds for url: /projects
classpath:todoist-test/createAProject.feature:32
10:22:52.522 [pool-1-thread-5] INFO  com.intuit.karate - karate.env system property was: null 
10:22:52.536 [pool-1-thread-2] INFO  com.intuit.karate - karate.env system property was: null 
10:22:52.540 [pool-1-thread-1] ERROR com.intuit.karate - karate.org.apache.http.ProtocolException: Target host is not specified, http call failed after 4 milliseconds for url: /projects/2203306
10:22:52.541 [pool-1-thread-1] ERROR com.intuit.karate - classpath:todoist-test/deleteAProject.feature:14
When method DELETE
http call failed after 4 milliseconds for url: /projects/2203306
classpath:todoist-test/deleteAProject.feature:14
10:22:52.545 [pool-1-thread-4] INFO  com.intuit.karate - karate.env system property was: null 
10:22:52.554 [pool-1-thread-3] INFO  com.intuit.karate - karate.env system property was: null 
10:22:52.556 [pool-1-thread-5] ERROR com.intuit.karate - karate.org.apache.http.ProtocolException: Target host is not specified, http call failed after 20 milliseconds for url: /projects/2203306141
10:22:52.560 [pool-1-thread-5] ERROR com.intuit.karate - classpath:todoist-test/deleteAProject.feature:8
When method DELETE
http call failed after 20 milliseconds for url: /projects/2203306141
classpath:todoist-test/deleteAProject.feature:8
10:22:52.561 [pool-1-thread-3] ERROR com.intuit.karate - karate.org.apache.http.ProtocolException: Target host is not specified, http call failed after 2 milliseconds for url: /project/
10:22:52.556 [pool-1-thread-2] ERROR com.intuit.karate - karate.org.apache.http.ProtocolException: Target host is not specified, http call failed after 15 milliseconds for url: /projects/
10:22:52.563 [pool-1-thread-3] ERROR com.intuit.karate - classpath:todoist-test/getUserProjects.feature:24
When method GET
http call failed after 2 milliseconds for url: /project/
classpath:todoist-test/getUserProjects.feature:24
10:22:52.563 [pool-1-thread-2] ERROR com.intuit.karate - classpath:todoist-test/getUserProjects.feature:10
When method GET
http call failed after 15 milliseconds for url: /projects/
classpath:todoist-test/getUserProjects.feature:10
10:22:52.564 [pool-1-thread-1] INFO  com.intuit.karate - karate.env system property was: null 
10:22:52.573 [pool-1-thread-4] ERROR com.intuit.karate - karate.org.apache.http.ProtocolException: Target host is not specified, http call failed after 1 milliseconds for url: /projects/2266692961
10:22:52.594 [pool-1-thread-4] ERROR com.intuit.karate - classpath:todoist-test/getUserProjects.feature:17
When method GET
http call failed after 1 milliseconds for url: /projects/2266692961
classpath:todoist-test/getUserProjects.feature:17
10:22:52.595 [pool-1-thread-1] ERROR com.intuit.karate - karate.org.apache.http.ProtocolException: Target host is not specified, http call failed after 2 milliseconds for url: /projects/22666
10:22:52.595 [pool-1-thread-1] ERROR com.intuit.karate - classpath:todoist-test/getUserProjects.feature:31
When method GET
http call failed after 2 milliseconds for url: /projects/22666
classpath:todoist-test/getUserProjects.feature:31
10:22:53.218 [pool-2-thread-1] INFO  com.intuit.karate.Suite - <<pass>> feature 1 of 6 (5 remaining) classpath:todoist-test/OAuth.feature
10:22:53.514 [pool-2-thread-1] INFO  com.intuit.karate.Suite - <<fail>> feature 2 of 6 (4 remaining) classpath:todoist-test/addATask.feature
10:22:53.751 [pool-2-thread-1] INFO  com.intuit.karate.Suite - <<fail>> feature 3 of 6 (3 remaining) classpath:todoist-test/closeATask.feature
10:22:53.925 [pool-2-thread-1] INFO  com.intuit.karate.Suite - <<fail>> feature 4 of 6 (2 remaining) classpath:todoist-test/createAProject.feature
10:22:53.996 [pool-2-thread-1] INFO  com.intuit.karate.Suite - <<fail>> feature 5 of 6 (1 remaining) classpath:todoist-test/deleteAProject.feature
10:22:54.111 [pool-2-thread-1] INFO  com.intuit.karate.Suite - <<fail>> feature 6 of 6 (0 remaining) classpath:todoist-test/getUserProjects.feature
10:26:37.684 [main] DEBUG com.intuit.karate.Suite - [config] classpath:karate-config.js
10:26:37.690 [main] INFO  com.intuit.karate.Suite - backed up existing 'target/karate-reports' dir to: target/karate-reports_1623214597690
10:26:37.700 [main] DEBUG com.intuit.karate.Suite - waiting for 6 features to complete
10:26:39.078 [pool-1-thread-4] INFO  com.intuit.karate - karate.env system property was: null 
10:26:39.078 [pool-1-thread-5] INFO  com.intuit.karate - karate.env system property was: null 
10:26:39.078 [pool-1-thread-3] INFO  com.intuit.karate - karate.env system property was: null 
10:26:39.078 [pool-1-thread-1] INFO  com.intuit.karate - karate.env system property was: null 
10:26:39.078 [pool-1-thread-2] INFO  com.intuit.karate - karate.env system property was: null 
10:26:39.175 [pool-1-thread-1] INFO  com.intuit.karate - karate.env system property was: null 
10:26:39.255 [pool-1-thread-1] ERROR com.intuit.karate - classpath:todoist-test/closeATask.feature:23
Then status 400
java.lang.NullPointerException
classpath:todoist-test/closeATask.feature:23
10:26:39.273 [pool-1-thread-1] INFO  com.intuit.karate - karate.env system property was: null 
10:26:39.769 [pool-1-thread-5] DEBUG com.intuit.karate - request:
1 > GET https://api.todoist.com/rest/v1/tasks/487290266/close
1 > Authorization: Bearer e4c291d63415c9d0f274cf9069d2b571f61a7137
1 > Host: api.todoist.com
1 > Connection: Keep-Alive
1 > User-Agent: Apache-HttpClient/4.5.13 (Java/11.0.11)
1 > Accept-Encoding: gzip,deflate


10:26:39.770 [pool-1-thread-2] DEBUG com.intuit.karate - request:
1 > POST https://api.todoist.com/rest/v1/tasks
1 > Authorization: Bearer e4c291d63415c9d0f274cf9069d2b571f61a7137
1 > Content-Type: application/json; charset=UTF-8
1 > Content-Length: 46
1 > Host: api.todoist.com
1 > Connection: Keep-Alive
1 > User-Agent: Apache-HttpClient/4.5.13 (Java/11.0.11)
1 > Accept-Encoding: gzip,deflate
{"project_id":2203306141,"content":"Buy Milk"}

10:26:39.770 [pool-1-thread-1] DEBUG com.intuit.karate - request:
1 > POST https://api.todoist.com/rest/v1/projects
1 > Authorization: Bearer e4c291d63415c9d0f274cf9069d2b571f61a7137
1 > Content-Type: application/json; charset=UTF-8
1 > Content-Length: 24
1 > Host: api.todoist.com
1 > Connection: Keep-Alive
1 > User-Agent: Apache-HttpClient/4.5.13 (Java/11.0.11)
1 > Accept-Encoding: gzip,deflate
{"name":"Shopping List"}

10:26:39.771 [pool-1-thread-4] DEBUG com.intuit.karate - request:
1 > GET https://api.todoist.com/rest/v1/tasks/487290266/reopen
1 > Authorization: Bearer e4c291d63415c9d0f274cf9069d2b571f61a7137
1 > Host: api.todoist.com
1 > Connection: Keep-Alive
1 > User-Agent: Apache-HttpClient/4.5.13 (Java/11.0.11)
1 > Accept-Encoding: gzip,deflate


10:26:39.788 [pool-1-thread-3] DEBUG com.intuit.karate - request:
1 > POST https://api.todoist.com/rest/v1/tasks
1 > Authorization: Bearer e4c291d63415c9d0f274cf9069d2b571f61a7137
1 > Content-Type: application/json; charset=UTF-8
1 > Content-Length: 25
1 > Host: api.todoist.com
1 > Connection: Keep-Alive
1 > User-Agent: Apache-HttpClient/4.5.13 (Java/11.0.11)
1 > Accept-Encoding: gzip,deflate
{"project_id":2203306141}

10:26:40.323 [pool-2-thread-1] INFO  com.intuit.karate.Suite - <<pass>> feature 1 of 6 (5 remaining) classpath:todoist-test/OAuth.feature
10:26:41.616 [pool-1-thread-4] DEBUG com.intuit.karate - response time in milliseconds: 1832
1 < 405
1 < Content-Length: 0
1 < Connection: keep-alive
1 < Date: Wed, 09 Jun 2021 04:56:41 GMT
1 < X-Cache: Error from cloudfront
1 < Via: 1.1 0270e78a5681f3aa88750b0af1b3d870.cloudfront.net (CloudFront)
1 < X-Amz-Cf-Pop: HYD50-C1
1 < X-Amz-Cf-Id: e0kOi-Gewp6ARsEzOkFowK4Nw-XIiZkmyDxJRpQwz71ci1HTbivraA==

10:26:41.616 [pool-1-thread-5] DEBUG com.intuit.karate - response time in milliseconds: 1841
1 < 405
1 < Content-Length: 0
1 < Connection: keep-alive
1 < Date: Wed, 09 Jun 2021 04:56:41 GMT
1 < X-Cache: Error from cloudfront
1 < Via: 1.1 78ca6cf79543bb91c755728d3f2d68b7.cloudfront.net (CloudFront)
1 < X-Amz-Cf-Pop: HYD50-C1
1 < X-Amz-Cf-Id: j_9uXOL_b54rZBrSkgeETASv51AVmLxP5-aU9350rROkNTUxWNlv9A==

10:26:41.616 [pool-1-thread-3] DEBUG com.intuit.karate - response time in milliseconds: 1824
1 < 400
1 < Content-Type: text/plain; charset=utf-8
1 < Content-Length: 14
1 < Connection: keep-alive
1 < Date: Wed, 09 Jun 2021 04:56:41 GMT
1 < X-Content-Type-Options: nosniff
1 < X-Cache: Error from cloudfront
1 < Via: 1.1 932ff11be8ea9893fe1627fa0b1f3231.cloudfront.net (CloudFront)
1 < X-Amz-Cf-Pop: HYD50-C1
1 < X-Amz-Cf-Id: eoYY5FWI_6kEd1dJDSfjtm2OtTUPwd9UTBl-BgfUweBz1qk_7GPPZQ==
Empty content

10:26:41.624 [pool-1-thread-5] ERROR com.intuit.karate - classpath:todoist-test/closeATask.feature:18
Then status 204
status code was: 405, expected: 204, response time in milliseconds: 1841, url: https://api.todoist.com/rest/v1/tasks/487290266/close, response: 

classpath:todoist-test/closeATask.feature:18
10:26:41.624 [pool-1-thread-4] ERROR com.intuit.karate - classpath:todoist-test/closeATask.feature:12
Then status 204
status code was: 405, expected: 204, response time in milliseconds: 1832, url: https://api.todoist.com/rest/v1/tasks/487290266/reopen, response: 

classpath:todoist-test/closeATask.feature:12
10:26:41.660 [pool-1-thread-2] DEBUG com.intuit.karate - response time in milliseconds: 1886
1 < 200
1 < Content-Type: application/json
1 < Content-Length: 328
1 < Connection: keep-alive
1 < Date: Wed, 09 Jun 2021 04:56:41 GMT
1 < X-Cache: Miss from cloudfront
1 < Via: 1.1 40c23085497f2c1d2144b309a98cb76f.cloudfront.net (CloudFront)
1 < X-Amz-Cf-Pop: HYD50-C1
1 < X-Amz-Cf-Id: rxCfWt02kCxYiO93Yx0I-daznz77l0qzwu9CT6-phPrGEE_eDyL7Fg==
{"comment_count":0,"creator":34149327,"label_ids":[],"created":"2021-06-09T04:56:41Z","assigner":0,"description":"","completed":false,"priority":1,"content":"Buy Milk","url":"https:\/\/todoist.com\/showTask?id=4895990982","section_id":0,"project_id":2266692961,"id":4895990982,"order":1}
10:26:41.663 [pool-1-thread-4] INFO  com.intuit.karate - karate.env system property was: null 
10:26:41.686 [pool-1-thread-5] INFO  com.intuit.karate - karate.env system property was: null 
10:26:41.708 [pool-1-thread-5] DEBUG com.intuit.karate - request:
1 > POST https://api.todoist.com/rest/v1/projects
1 > Authorization: Bearer e4c291d63415c9d0f274cf9069d2b571f61a7137
1 > Content-Type: application/json; charset=UTF-8
1 > Content-Length: 23
1 > Host: api.todoist.com
1 > Connection: Keep-Alive
1 > User-Agent: Apache-HttpClient/4.5.13 (Java/11.0.11)
1 > Accept-Encoding: gzip,deflate
{"nam":"Shopping List"}

10:26:41.719 [pool-1-thread-4] DEBUG com.intuit.karate - request:
1 > POST https://api.todoist.com/rest/v1/projects
1 > Authorization: Bearer e4c291d63415c9d0f274cf9069d2b571f61a7137
1 > Content-Type: application/json; charset=UTF-8
1 > Content-Length: 24
1 > Host: api.todoist.com
1 > Connection: Keep-Alive
1 > User-Agent: Apache-HttpClient/4.5.13 (Java/11.0.11)
1 > Accept-Encoding: gzip,deflate
{"name":"Shopping List"}

10:26:41.731 [pool-1-thread-3] INFO  com.intuit.karate - karate.env system property was: null 
10:26:41.733 [pool-1-thread-2] DEBUG com.intuit.karate - request:
2 > GET https://api.todoist.com/rest/v1/tasks/4895990982
2 > Authorization: Bearer e4c291d63415c9d0f274cf9069d2b571f61a7137
2 > Host: api.todoist.com
2 > Connection: Keep-Alive
2 > User-Agent: Apache-HttpClient/4.5.13 (Java/11.0.11)
2 > Accept-Encoding: gzip,deflate


10:26:41.741 [pool-1-thread-3] DEBUG com.intuit.karate - request:
1 > DELETE https://api.todoist.com/rest/v1/projects/2203306141
1 > Authorization: Bearer e4c291d63415c9d0f274cf9069d2b571f61a7137
1 > Host: api.todoist.com
1 > Connection: Keep-Alive
1 > User-Agent: Apache-HttpClient/4.5.13 (Java/11.0.11)
1 > Accept-Encoding: gzip,deflate


10:26:41.856 [pool-1-thread-1] DEBUG com.intuit.karate - response time in milliseconds: 2082
1 < 200
1 < Content-Type: application/json
1 < Content-Length: 206
1 < Connection: keep-alive
1 < Date: Wed, 09 Jun 2021 04:56:41 GMT
1 < X-Cache: Miss from cloudfront
1 < Via: 1.1 d9bab5a54319127f122d9d30bbc30bef.cloudfront.net (CloudFront)
1 < X-Amz-Cf-Pop: HYD50-C1
1 < X-Amz-Cf-Id: waoMVuygzXzuGY72xqDQYz52jOy2hbbcBHIIy-SwvGe3AfCozNdNwQ==
{"comment_count":0,"shared":false,"color":47,"name":"Shopping List","id":2267257652,"sync_id":0,"favorite":false,"url":"https:\/\/todoist.com\/showProject?id=2267257652","order":3}
10:26:41.864 [pool-1-thread-1] DEBUG com.intuit.karate - request:
2 > GET https://api.todoist.com/rest/v1/projects/2267257652
2 > Authorization: Bearer e4c291d63415c9d0f274cf9069d2b571f61a7137
2 > Host: api.todoist.com
2 > Connection: Keep-Alive
2 > User-Agent: Apache-HttpClient/4.5.13 (Java/11.0.11)
2 > Accept-Encoding: gzip,deflate


10:26:43.437 [pool-1-thread-5] DEBUG com.intuit.karate - response time in milliseconds: 1729
1 < 400
1 < Content-Type: text/plain; charset=utf-8
1 < Content-Length: 11
1 < Connection: keep-alive
1 < Date: Wed, 09 Jun 2021 04:56:42 GMT
1 < X-Content-Type-Options: nosniff
1 < X-Cache: Error from cloudfront
1 < Via: 1.1 dfb17c36dfafe4598c7a3110ec984d90.cloudfront.net (CloudFront)
1 < X-Amz-Cf-Pop: HYD50-C1
1 < X-Amz-Cf-Id: KqlLBbBBk8F-K9V9q3mXMEBsIW_BeKX5j4phFHdvBnRxWzeJsjtJlA==
Empty name

10:26:43.437 [pool-1-thread-4] DEBUG com.intuit.karate - response time in milliseconds: 1717
1 < 200
1 < Content-Type: application/json
1 < Content-Length: 206
1 < Connection: keep-alive
1 < Date: Wed, 09 Jun 2021 04:56:43 GMT
1 < X-Cache: Miss from cloudfront
1 < Via: 1.1 73965a3df6a91e968e55d2d6ab5113be.cloudfront.net (CloudFront)
1 < X-Amz-Cf-Pop: HYD50-C1
1 < X-Amz-Cf-Id: dbs5ssaQBzvgx9eXlHZJj_m-ZQHKXvQHoV1PjAp10aRkJqbyB__y9A==
{"comment_count":0,"shared":false,"color":47,"name":"Shopping List","id":2267257653,"sync_id":0,"favorite":false,"url":"https:\/\/todoist.com\/showProject?id=2267257653","order":4}
10:26:43.437 [pool-1-thread-3] DEBUG com.intuit.karate - response time in milliseconds: 1694
1 < 400
1 < Content-Type: text/plain; charset=utf-8
1 < Content-Length: 42
1 < Connection: keep-alive
1 < Date: Wed, 09 Jun 2021 04:56:43 GMT
1 < X-Content-Type-Options: nosniff
1 < X-Cache: Error from cloudfront
1 < Via: 1.1 a222f7d3d2272b7c6bdcbbe4f695b008.cloudfront.net (CloudFront)
1 < X-Amz-Cf-Pop: HYD50-C1
1 < X-Amz-Cf-Id: XUA3JSBSLtwIXR4BvFpjoUErZBGRXhji-lElZgyXYwMknDEhJhNUag==
The token does not have sufficient scopes

10:26:43.437 [pool-1-thread-1] DEBUG com.intuit.karate - response time in milliseconds: 1571
2 < 200
2 < Content-Type: application/json
2 < Content-Length: 206
2 < Connection: keep-alive
2 < Date: Wed, 09 Jun 2021 04:56:42 GMT
2 < X-Cache: Miss from cloudfront
2 < Via: 1.1 5c49044a9bbc82066ce04ae597e1a6a7.cloudfront.net (CloudFront)
2 < X-Amz-Cf-Pop: HYD50-C1
2 < X-Amz-Cf-Id: QMJPsDKfMlRil1Gyx_9LKL4PrT7jVvZwB5VN4jjvp2LakAywrE4Djg==
{"comment_count":0,"shared":false,"color":47,"name":"Shopping List","id":2267257652,"sync_id":0,"favorite":false,"url":"https:\/\/todoist.com\/showProject?id=2267257652","order":3}
10:26:43.438 [pool-1-thread-2] DEBUG com.intuit.karate - response time in milliseconds: 1695
2 < 200
2 < Content-Type: application/json
2 < Content-Length: 328
2 < Connection: keep-alive
2 < Date: Wed, 09 Jun 2021 04:56:42 GMT
2 < X-Cache: Miss from cloudfront
2 < Via: 1.1 86154f2ffb271b0606c3dad147e9b0eb.cloudfront.net (CloudFront)
2 < X-Amz-Cf-Pop: HYD50-C1
2 < X-Amz-Cf-Id: cpue2jjy1VBD343ZJawKDevDbOAQZJaaLaJO35xGc1FxSx9hRPnaBw==
{"comment_count":0,"creator":34149327,"label_ids":[],"created":"2021-06-09T04:56:41Z","assigner":0,"description":"","completed":false,"priority":1,"content":"Buy Milk","url":"https:\/\/todoist.com\/showTask?id=4895990982","section_id":0,"project_id":2266692961,"id":4895990982,"order":1}
10:26:43.441 [pool-1-thread-3] ERROR com.intuit.karate - classpath:todoist-test/deleteAProject.feature:11
Then status 204
status code was: 400, expected: 204, response time in milliseconds: 1694, url: https://api.todoist.com/rest/v1/projects/2203306141, response: 
The token does not have sufficient scopes

classpath:todoist-test/deleteAProject.feature:11
10:26:43.452 [pool-1-thread-4] ERROR com.intuit.karate - classpath:todoist-test/createAProject.feature:47
Then status 400
status code was: 200, expected: 400, response time in milliseconds: 1717, url: https://api.todoist.com/rest/v1/projects, response: 
{
	"id": 2267257653,
	"order": 4,
	"color": 47,
	"name": "Shopping List",
	"comment_count": 0,
	"shared": false,
	"favorite": false,
	"sync_id": 0,
	"url": "https://todoist.com/showProject?id=2267257653"
}

classpath:todoist-test/createAProject.feature:47
10:26:43.477 [pool-1-thread-3] INFO  com.intuit.karate - karate.env system property was: null 
10:26:43.481 [pool-1-thread-4] INFO  com.intuit.karate - karate.env system property was: null 
10:26:43.491 [pool-1-thread-3] DEBUG com.intuit.karate - request:
1 > GET https://api.todoist.com/rest/v1/projects/
1 > Authorization: Bearer e4c291d63415c9d0f274cf9069d2b571f61a7137
1 > Host: api.todoist.com
1 > Connection: Keep-Alive
1 > User-Agent: Apache-HttpClient/4.5.13 (Java/11.0.11)
1 > Accept-Encoding: gzip,deflate


10:26:43.494 [pool-1-thread-2] INFO  com.intuit.karate - karate.env system property was: null 
10:26:43.497 [pool-1-thread-5] INFO  com.intuit.karate - karate.env system property was: null 
10:26:43.499 [pool-1-thread-4] DEBUG com.intuit.karate - request:
1 > GET https://api.todoist.com/rest/v1/project/
1 > Authorization: Bearer e4c291d63415c9d0f274cf9069d2b571f61a7137
1 > Host: api.todoist.com
1 > Connection: Keep-Alive
1 > User-Agent: Apache-HttpClient/4.5.13 (Java/11.0.11)
1 > Accept-Encoding: gzip,deflate


10:26:43.500 [pool-1-thread-1] INFO  com.intuit.karate - karate.env system property was: null 
10:26:43.507 [pool-1-thread-2] DEBUG com.intuit.karate - request:
1 > GET https://api.todoist.com/rest/v1/projects/2266692961
1 > Authorization: Bearer e4c291d63415c9d0f274cf9069d2b571f61a7137
1 > Host: api.todoist.com
1 > Connection: Keep-Alive
1 > User-Agent: Apache-HttpClient/4.5.13 (Java/11.0.11)
1 > Accept-Encoding: gzip,deflate


10:26:43.508 [pool-1-thread-5] DEBUG com.intuit.karate - request:
1 > DELETE https://api.todoist.com/rest/v1/projects/2203306
1 > Authorization: Bearer e4c291d63415c9d0f274cf9069d2b571f61a7137
1 > Host: api.todoist.com
1 > Connection: Keep-Alive
1 > User-Agent: Apache-HttpClient/4.5.13 (Java/11.0.11)
1 > Accept-Encoding: gzip,deflate


10:26:43.509 [pool-1-thread-1] DEBUG com.intuit.karate - request:
1 > GET https://api.todoist.com/rest/v1/projects/22666
1 > Authorization: Bearer e4c291d63415c9d0f274cf9069d2b571f61a7137
1 > Host: api.todoist.com
1 > Connection: Keep-Alive
1 > User-Agent: Apache-HttpClient/4.5.13 (Java/11.0.11)
1 > Accept-Encoding: gzip,deflate


10:26:43.811 [pool-2-thread-1] INFO  com.intuit.karate.Suite - <<pass>> feature 2 of 6 (4 remaining) classpath:todoist-test/addATask.feature
10:26:43.977 [pool-2-thread-1] INFO  com.intuit.karate.Suite - <<fail>> feature 3 of 6 (3 remaining) classpath:todoist-test/closeATask.feature
10:26:44.048 [pool-1-thread-3] DEBUG com.intuit.karate - response time in milliseconds: 556
1 < 404
1 < Content-Type: text/plain; charset=utf-8
1 < Content-Length: 19
1 < Connection: keep-alive
1 < Date: Wed, 09 Jun 2021 04:56:43 GMT
1 < X-Content-Type-Options: nosniff
1 < X-Cache: Error from cloudfront
1 < Via: 1.1 78ca6cf79543bb91c755728d3f2d68b7.cloudfront.net (CloudFront)
1 < X-Amz-Cf-Pop: HYD50-C1
1 < X-Amz-Cf-Id: a8sOeI1DZv5SvQ6iO5iee7STYcueYdj5CK6OHpkOzB4_j24Ja3GUjg==
404 page not found

10:26:44.051 [pool-1-thread-3] ERROR com.intuit.karate - classpath:todoist-test/getUserProjects.feature:11
Then status 200
status code was: 404, expected: 200, response time in milliseconds: 556, url: https://api.todoist.com/rest/v1/projects/, response: 
404 page not found

classpath:todoist-test/getUserProjects.feature:11
10:26:44.137 [pool-2-thread-1] INFO  com.intuit.karate.Suite - <<fail>> feature 4 of 6 (2 remaining) classpath:todoist-test/createAProject.feature
10:26:44.665 [pool-1-thread-1] DEBUG com.intuit.karate - response time in milliseconds: 1154
1 < 404
1 < Content-Type: text/plain; charset=utf-8
1 < Content-Length: 10
1 < Connection: keep-alive
1 < Date: Wed, 09 Jun 2021 04:56:44 GMT
1 < X-Content-Type-Options: nosniff
1 < X-Cache: Error from cloudfront
1 < Via: 1.1 3dad6ded2d7744bd551eb80dd12cce0b.cloudfront.net (CloudFront)
1 < X-Amz-Cf-Pop: HYD50-C1
1 < X-Amz-Cf-Id: AFdrz406-551LpNGftjylKYW_XaEAyGf8Z0B0_sZ0WwAKHt8pZXWCg==
Not Found

10:26:44.665 [pool-1-thread-2] DEBUG com.intuit.karate - response time in milliseconds: 1156
1 < 200
1 < Content-Type: application/json
1 < Content-Length: 209
1 < Connection: keep-alive
1 < Date: Wed, 09 Jun 2021 04:56:44 GMT
1 < X-Cache: Miss from cloudfront
1 < Via: 1.1 10e8755e3b7b587e2495a5aadba65bc6.cloudfront.net (CloudFront)
1 < X-Amz-Cf-Pop: HYD50-C1
1 < X-Amz-Cf-Id: rJ3k1zUpa2iAaWZSnUgc1pImBuQjGZqfvTEEHKl3dg7PHRDjASm7xw==
{"comment_count":0,"shared":false,"color":48,"name":"Inbox","id":2266692961,"inbox_project":true,"sync_id":0,"favorite":false,"url":"https:\/\/todoist.com\/showProject?id=2266692961"}
10:26:44.665 [pool-1-thread-5] DEBUG com.intuit.karate - response time in milliseconds: 1155
1 < 400
1 < Content-Type: text/plain; charset=utf-8
1 < Content-Length: 42
1 < Connection: keep-alive
1 < Date: Wed, 09 Jun 2021 04:56:44 GMT
1 < X-Content-Type-Options: nosniff
1 < X-Cache: Error from cloudfront
1 < Via: 1.1 e969da2fdad94c11f618c9721b51b141.cloudfront.net (CloudFront)
1 < X-Amz-Cf-Pop: HYD50-C1
1 < X-Amz-Cf-Id: 9R9RqR7A75z89uapsi_mH3kLJZtcpjnQ-klwpY-fPuMA0Y8AZ9hmcQ==
The token does not have sufficient scopes

10:26:44.665 [pool-1-thread-4] DEBUG com.intuit.karate - response time in milliseconds: 1164
1 < 404
1 < Content-Type: text/plain; charset=utf-8
1 < Content-Length: 19
1 < Connection: keep-alive
1 < Date: Wed, 09 Jun 2021 04:56:44 GMT
1 < X-Content-Type-Options: nosniff
1 < X-Cache: Error from cloudfront
1 < Via: 1.1 b72519ee5ed84e4e3db077b5b7e93d38.cloudfront.net (CloudFront)
1 < X-Amz-Cf-Pop: HYD50-C1
1 < X-Amz-Cf-Id: YUxc2GI1WDKrtOHTwy7q5my7Xm90ojvNAGujcRlA4l42ABOXqocmcg==
404 page not found

10:26:44.671 [pool-1-thread-5] ERROR com.intuit.karate - classpath:todoist-test/deleteAProject.feature:17
Then status 404
status code was: 400, expected: 404, response time in milliseconds: 1155, url: https://api.todoist.com/rest/v1/projects/2203306, response: 
The token does not have sufficient scopes

classpath:todoist-test/deleteAProject.feature:17
10:26:44.681 [pool-1-thread-4] ERROR com.intuit.karate - classpath:todoist-test/getUserProjects.feature:26
Then match response == "404 page not foung\n"
match failed: EQUALS
  $ | not equal (STRING:STRING)
  '404 page not found
'
  '404 page not foung
'

classpath:todoist-test/getUserProjects.feature:26
10:26:44.836 [pool-2-thread-1] INFO  com.intuit.karate.Suite - <<fail>> feature 5 of 6 (1 remaining) classpath:todoist-test/deleteAProject.feature
10:26:44.955 [pool-2-thread-1] INFO  com.intuit.karate.Suite - <<fail>> feature 6 of 6 (0 remaining) classpath:todoist-test/getUserProjects.feature
10:33:28.227 [main] DEBUG com.intuit.karate.Suite - [config] classpath:karate-config.js
10:33:28.232 [main] INFO  com.intuit.karate.Suite - backed up existing 'target/karate-reports' dir to: target/karate-reports_1623215008232
10:33:28.247 [main] DEBUG com.intuit.karate.Suite - waiting for 6 features to complete
10:33:29.653 [pool-1-thread-5] INFO  com.intuit.karate - karate.env system property was: null 
10:33:29.653 [pool-1-thread-3] INFO  com.intuit.karate - karate.env system property was: null 
10:33:29.653 [pool-1-thread-4] INFO  com.intuit.karate - karate.env system property was: null 
10:33:29.653 [pool-1-thread-1] INFO  com.intuit.karate - karate.env system property was: null 
10:33:29.653 [pool-1-thread-2] INFO  com.intuit.karate - karate.env system property was: null 
10:33:29.760 [pool-1-thread-1] INFO  com.intuit.karate - karate.env system property was: null 
10:33:29.826 [pool-1-thread-1] ERROR com.intuit.karate - classpath:todoist-test/closeATask.feature:23
Then status 400
java.lang.NullPointerException
classpath:todoist-test/closeATask.feature:23
10:33:29.842 [pool-1-thread-1] INFO  com.intuit.karate - karate.env system property was: null 
10:33:30.335 [pool-1-thread-5] DEBUG com.intuit.karate - request:
1 > GET https://api.todoist.com/rest/v1/tasks/487290266/close
1 > Authorization: Bearer e4c291d63415c9d0f274cf9069d2b571f61a7137
1 > Host: api.todoist.com
1 > Connection: Keep-Alive
1 > User-Agent: Apache-HttpClient/4.5.13 (Java/11.0.11)
1 > Accept-Encoding: gzip,deflate


10:33:30.335 [pool-1-thread-4] DEBUG com.intuit.karate - request:
1 > GET https://api.todoist.com/rest/v1/tasks/487290266/reopen
1 > Authorization: Bearer e4c291d63415c9d0f274cf9069d2b571f61a7137
1 > Host: api.todoist.com
1 > Connection: Keep-Alive
1 > User-Agent: Apache-HttpClient/4.5.13 (Java/11.0.11)
1 > Accept-Encoding: gzip,deflate


10:33:30.337 [pool-1-thread-1] DEBUG com.intuit.karate - request:
1 > POST https://api.todoist.com/rest/v1/projects
1 > Authorization: Bearer e4c291d63415c9d0f274cf9069d2b571f61a7137
1 > Content-Type: application/json; charset=UTF-8
1 > Content-Length: 24
1 > Host: api.todoist.com
1 > Connection: Keep-Alive
1 > User-Agent: Apache-HttpClient/4.5.13 (Java/11.0.11)
1 > Accept-Encoding: gzip,deflate
{"name":"Shopping List"}

10:33:30.337 [pool-1-thread-3] DEBUG com.intuit.karate - request:
1 > POST https://api.todoist.com/rest/v1/tasks
1 > Authorization: Bearer e4c291d63415c9d0f274cf9069d2b571f61a7137
1 > Content-Type: application/json; charset=UTF-8
1 > Content-Length: 25
1 > Host: api.todoist.com
1 > Connection: Keep-Alive
1 > User-Agent: Apache-HttpClient/4.5.13 (Java/11.0.11)
1 > Accept-Encoding: gzip,deflate
{"project_id":2203306141}

10:33:30.337 [pool-1-thread-2] DEBUG com.intuit.karate - request:
1 > POST https://api.todoist.com/rest/v1/tasks
1 > Authorization: Bearer e4c291d63415c9d0f274cf9069d2b571f61a7137
1 > Content-Type: application/json; charset=UTF-8
1 > Content-Length: 46
1 > Host: api.todoist.com
1 > Connection: Keep-Alive
1 > User-Agent: Apache-HttpClient/4.5.13 (Java/11.0.11)
1 > Accept-Encoding: gzip,deflate
{"project_id":2203306141,"content":"Buy Milk"}

10:33:30.907 [pool-2-thread-1] INFO  com.intuit.karate.Suite - <<pass>> feature 1 of 6 (5 remaining) classpath:todoist-test/OAuth.feature
10:33:31.875 [pool-1-thread-5] DEBUG com.intuit.karate - response time in milliseconds: 1536
1 < 405
1 < Content-Length: 0
1 < Connection: keep-alive
1 < Date: Wed, 09 Jun 2021 05:03:31 GMT
1 < X-Cache: Error from cloudfront
1 < Via: 1.1 b72519ee5ed84e4e3db077b5b7e93d38.cloudfront.net (CloudFront)
1 < X-Amz-Cf-Pop: HYD50-C1
1 < X-Amz-Cf-Id: rMF0FFBCqXbzUBqxIbq-O2zpVP4mk49oXhZU0VfxG1j6vkjH-muTUg==

10:33:31.876 [pool-1-thread-4] DEBUG com.intuit.karate - response time in milliseconds: 1535
1 < 405
1 < Content-Length: 0
1 < Connection: keep-alive
1 < Date: Wed, 09 Jun 2021 05:03:31 GMT
1 < X-Cache: Error from cloudfront
1 < Via: 1.1 f1d4e39bef236cf869562ee55cde3be5.cloudfront.net (CloudFront)
1 < X-Amz-Cf-Pop: HYD50-C1
1 < X-Amz-Cf-Id: I1MU4GaV-f703vZEshc5xhb84vjhzEz5N-62Su-EOGNPXIyLJzlogw==

10:33:31.876 [pool-1-thread-3] DEBUG com.intuit.karate - response time in milliseconds: 1535
1 < 400
1 < Content-Type: text/plain; charset=utf-8
1 < Content-Length: 14
1 < Connection: keep-alive
1 < Date: Wed, 09 Jun 2021 05:03:31 GMT
1 < X-Content-Type-Options: nosniff
1 < X-Cache: Error from cloudfront
1 < Via: 1.1 5c49044a9bbc82066ce04ae597e1a6a7.cloudfront.net (CloudFront)
1 < X-Amz-Cf-Pop: HYD50-C1
1 < X-Amz-Cf-Id: TuRRnjYPCYWWo_-kQZrz3U6D--5gueLWMLHb9jA9ey-n3U9OXfneJA==
Empty content

10:33:31.886 [pool-1-thread-4] ERROR com.intuit.karate - classpath:todoist-test/closeATask.feature:12
Then status 204
status code was: 405, expected: 204, response time in milliseconds: 1535, url: https://api.todoist.com/rest/v1/tasks/487290266/reopen, response: 

classpath:todoist-test/closeATask.feature:12
10:33:31.886 [pool-1-thread-5] ERROR com.intuit.karate - classpath:todoist-test/closeATask.feature:18
Then status 204
status code was: 405, expected: 204, response time in milliseconds: 1536, url: https://api.todoist.com/rest/v1/tasks/487290266/close, response: 

classpath:todoist-test/closeATask.feature:18
10:33:31.928 [pool-1-thread-4] INFO  com.intuit.karate - karate.env system property was: null 
10:33:31.940 [pool-1-thread-5] INFO  com.intuit.karate - karate.env system property was: null 
10:33:31.960 [pool-1-thread-4] DEBUG com.intuit.karate - request:
1 > POST https://api.todoist.com/rest/v1/projects
1 > Authorization: Bearer e4c291d63415c9d0f274cf9069d2b571f61a7137
1 > Content-Type: application/json; charset=UTF-8
1 > Content-Length: 23
1 > Host: api.todoist.com
1 > Connection: Keep-Alive
1 > User-Agent: Apache-HttpClient/4.5.13 (Java/11.0.11)
1 > Accept-Encoding: gzip,deflate
{"nam":"Shopping List"}

10:33:31.979 [pool-1-thread-5] DEBUG com.intuit.karate - request:
1 > POST https://api.todoist.com/rest/v1/projects
1 > Authorization: Bearer e4c291d63415c9d0f274cf9069d2b571f61a7137
1 > Content-Type: application/json; charset=UTF-8
1 > Content-Length: 24
1 > Host: api.todoist.com
1 > Connection: Keep-Alive
1 > User-Agent: Apache-HttpClient/4.5.13 (Java/11.0.11)
1 > Accept-Encoding: gzip,deflate
{"name":"Shopping List"}

10:33:31.980 [pool-1-thread-3] INFO  com.intuit.karate - karate.env system property was: null 
10:33:32.000 [pool-1-thread-3] DEBUG com.intuit.karate - request:
1 > DELETE https://api.todoist.com/rest/v1/projects/2203306141
1 > Authorization: Bearer e4c291d63415c9d0f274cf9069d2b571f61a7137
1 > Host: api.todoist.com
1 > Connection: Keep-Alive
1 > User-Agent: Apache-HttpClient/4.5.13 (Java/11.0.11)
1 > Accept-Encoding: gzip,deflate


10:33:32.053 [pool-1-thread-1] DEBUG com.intuit.karate - response time in milliseconds: 1716
1 < 200
1 < Content-Type: application/json
1 < Content-Length: 206
1 < Connection: keep-alive
1 < Date: Wed, 09 Jun 2021 05:03:31 GMT
1 < X-Cache: Miss from cloudfront
1 < Via: 1.1 4e656b07a362875a3bbb29e1d795ab32.cloudfront.net (CloudFront)
1 < X-Amz-Cf-Pop: HYD50-C1
1 < X-Amz-Cf-Id: q5ijLytwJflHsD7inALUCqTgZCvABPBVz51QFODRD2zLAsTp8FvXtg==
{"comment_count":0,"shared":false,"color":47,"name":"Shopping List","id":2267257935,"sync_id":0,"favorite":false,"url":"https:\/\/todoist.com\/showProject?id=2267257935","order":5}
10:33:32.072 [pool-1-thread-1] DEBUG com.intuit.karate - request:
2 > GET https://api.todoist.com/rest/v1/projects/2267257935
2 > Authorization: Bearer e4c291d63415c9d0f274cf9069d2b571f61a7137
2 > Host: api.todoist.com
2 > Connection: Keep-Alive
2 > User-Agent: Apache-HttpClient/4.5.13 (Java/11.0.11)
2 > Accept-Encoding: gzip,deflate


10:33:32.243 [pool-1-thread-2] DEBUG com.intuit.karate - response time in milliseconds: 1905
1 < 200
1 < Content-Type: application/json
1 < Content-Length: 328
1 < Connection: keep-alive
1 < Date: Wed, 09 Jun 2021 05:03:32 GMT
1 < X-Cache: Miss from cloudfront
1 < Via: 1.1 7dda57f7e6978046952c757eba986c68.cloudfront.net (CloudFront)
1 < X-Amz-Cf-Pop: HYD50-C1
1 < X-Amz-Cf-Id: ZtpvnSqxjGrAcGamHN8Nf9y9JQrFTBosQVyubAmFeztAtGcWv5SVpw==
{"comment_count":0,"creator":34149327,"label_ids":[],"created":"2021-06-09T05:03:31Z","assigner":0,"description":"","completed":false,"priority":1,"content":"Buy Milk","url":"https:\/\/todoist.com\/showTask?id=4896000438","section_id":0,"project_id":2266692961,"id":4896000438,"order":2}
10:33:32.249 [pool-1-thread-2] DEBUG com.intuit.karate - request:
2 > GET https://api.todoist.com/rest/v1/tasks/4896000438
2 > Authorization: Bearer e4c291d63415c9d0f274cf9069d2b571f61a7137
2 > Host: api.todoist.com
2 > Connection: Keep-Alive
2 > User-Agent: Apache-HttpClient/4.5.13 (Java/11.0.11)
2 > Accept-Encoding: gzip,deflate


10:33:32.772 [pool-1-thread-2] DEBUG com.intuit.karate - response time in milliseconds: 522
2 < 200
2 < Content-Type: application/json
2 < Content-Length: 328
2 < Connection: keep-alive
2 < Date: Wed, 09 Jun 2021 05:03:32 GMT
2 < X-Cache: Miss from cloudfront
2 < Via: 1.1 b72519ee5ed84e4e3db077b5b7e93d38.cloudfront.net (CloudFront)
2 < X-Amz-Cf-Pop: HYD50-C1
2 < X-Amz-Cf-Id: JmArmVD53XCITdy_FJNLL1QSAdEKosFN4qIv33ZuT9_G6GBLQ_TZ1w==
{"comment_count":0,"creator":34149327,"label_ids":[],"created":"2021-06-09T05:03:31Z","assigner":0,"description":"","completed":false,"priority":1,"content":"Buy Milk","url":"https:\/\/todoist.com\/showTask?id=4896000438","section_id":0,"project_id":2266692961,"id":4896000438,"order":2}
10:33:32.799 [pool-1-thread-2] INFO  com.intuit.karate - karate.env system property was: null 
10:33:32.815 [pool-1-thread-4] DEBUG com.intuit.karate - response time in milliseconds: 837
1 < 400
1 < Content-Type: text/plain; charset=utf-8
1 < Content-Length: 11
1 < Connection: keep-alive
1 < Date: Wed, 09 Jun 2021 05:03:32 GMT
1 < X-Content-Type-Options: nosniff
1 < X-Cache: Error from cloudfront
1 < Via: 1.1 be3d7ac8ca6f264ed23d40684ed75b38.cloudfront.net (CloudFront)
1 < X-Amz-Cf-Pop: HYD50-C1
1 < X-Amz-Cf-Id: Ug21ZvLDPJVquY-lFf03YL3OfSOokEK7bzDCG3NHyVGyaXA4l9Om6g==
Empty name

10:33:32.836 [pool-1-thread-2] DEBUG com.intuit.karate - request:
1 > DELETE https://api.todoist.com/rest/v1/projects/2203306
1 > Authorization: Bearer e4c291d63415c9d0f274cf9069d2b571f61a7137
1 > Host: api.todoist.com
1 > Connection: Keep-Alive
1 > User-Agent: Apache-HttpClient/4.5.13 (Java/11.0.11)
1 > Accept-Encoding: gzip,deflate


10:33:32.854 [pool-1-thread-1] DEBUG com.intuit.karate - response time in milliseconds: 775
2 < 200
2 < Content-Type: application/json
2 < Content-Length: 206
2 < Connection: keep-alive
2 < Date: Wed, 09 Jun 2021 05:03:32 GMT
2 < X-Cache: Miss from cloudfront
2 < Via: 1.1 b72519ee5ed84e4e3db077b5b7e93d38.cloudfront.net (CloudFront)
2 < X-Amz-Cf-Pop: HYD50-C1
2 < X-Amz-Cf-Id: M58BucJPVynTWP1FbBJjQFtNrzaPgP4rQSauQ0vEU4mHx9gL6EBVBg==
{"comment_count":0,"shared":false,"color":47,"name":"Shopping List","id":2267257935,"sync_id":0,"favorite":false,"url":"https:\/\/todoist.com\/showProject?id=2267257935","order":5}
10:33:32.855 [pool-1-thread-4] INFO  com.intuit.karate - karate.env system property was: null 
10:33:32.903 [pool-1-thread-1] INFO  com.intuit.karate - karate.env system property was: null 
10:33:32.906 [pool-1-thread-4] DEBUG com.intuit.karate - request:
1 > GET https://api.todoist.com/rest/v1/projects/
1 > Authorization: Bearer e4c291d63415c9d0f274cf9069d2b571f61a7137
1 > Host: api.todoist.com
1 > Connection: Keep-Alive
1 > User-Agent: Apache-HttpClient/4.5.13 (Java/11.0.11)
1 > Accept-Encoding: gzip,deflate


10:33:32.911 [pool-1-thread-1] DEBUG com.intuit.karate - request:
1 > GET https://api.todoist.com/rest/v1/projects/2266692961
1 > Authorization: Bearer e4c291d63415c9d0f274cf9069d2b571f61a7137
1 > Host: api.todoist.com
1 > Connection: Keep-Alive
1 > User-Agent: Apache-HttpClient/4.5.13 (Java/11.0.11)
1 > Accept-Encoding: gzip,deflate


10:33:33.128 [pool-1-thread-5] DEBUG com.intuit.karate - response time in milliseconds: 1138
1 < 200
1 < Content-Type: application/json
1 < Content-Length: 206
1 < Connection: keep-alive
1 < Date: Wed, 09 Jun 2021 05:03:33 GMT
1 < X-Cache: Miss from cloudfront
1 < Via: 1.1 73965a3df6a91e968e55d2d6ab5113be.cloudfront.net (CloudFront)
1 < X-Amz-Cf-Pop: HYD50-C1
1 < X-Amz-Cf-Id: fbT1q8tp9KxUWfQoWAyOUV4ufzFEqBqKsWYtPaczmxlnCmmEx79tNw==
{"comment_count":0,"shared":false,"color":47,"name":"Shopping List","id":2267257936,"sync_id":0,"favorite":false,"url":"https:\/\/todoist.com\/showProject?id=2267257936","order":6}
10:33:33.131 [pool-1-thread-5] ERROR com.intuit.karate - classpath:todoist-test/createAProject.feature:47
Then status 400
status code was: 200, expected: 400, response time in milliseconds: 1138, url: https://api.todoist.com/rest/v1/projects, response: 
{
	"id": 2267257936,
	"order": 6,
	"color": 47,
	"name": "Shopping List",
	"comment_count": 0,
	"shared": false,
	"favorite": false,
	"sync_id": 0,
	"url": "https://todoist.com/showProject?id=2267257936"
}

classpath:todoist-test/createAProject.feature:47
10:33:33.142 [pool-1-thread-5] INFO  com.intuit.karate - karate.env system property was: null 
10:33:33.151 [pool-1-thread-5] DEBUG com.intuit.karate - request:
1 > GET https://api.todoist.com/rest/v1/project/
1 > Authorization: Bearer e4c291d63415c9d0f274cf9069d2b571f61a7137
1 > Host: api.todoist.com
1 > Connection: Keep-Alive
1 > User-Agent: Apache-HttpClient/4.5.13 (Java/11.0.11)
1 > Accept-Encoding: gzip,deflate


10:33:33.180 [pool-2-thread-1] INFO  com.intuit.karate.Suite - <<pass>> feature 2 of 6 (4 remaining) classpath:todoist-test/addATask.feature
10:33:33.187 [pool-1-thread-3] DEBUG com.intuit.karate - response time in milliseconds: 1183
1 < 400
1 < Content-Type: text/plain; charset=utf-8
1 < Content-Length: 42
1 < Connection: keep-alive
1 < Date: Wed, 09 Jun 2021 05:03:33 GMT
1 < X-Content-Type-Options: nosniff
1 < X-Cache: Error from cloudfront
1 < Via: 1.1 11bda279a9e6aa2f34e957379f64a2ae.cloudfront.net (CloudFront)
1 < X-Amz-Cf-Pop: HYD50-C1
1 < X-Amz-Cf-Id: zxCdMbvZlL99Zen5WjOIxkDEi0BgdursuiAa8iSNDs93qUfNX8AkCw==
The token does not have sufficient scopes

10:33:33.189 [pool-1-thread-3] ERROR com.intuit.karate - classpath:todoist-test/deleteAProject.feature:11
Then status 204
status code was: 400, expected: 204, response time in milliseconds: 1183, url: https://api.todoist.com/rest/v1/projects/2203306141, response: 
The token does not have sufficient scopes

classpath:todoist-test/deleteAProject.feature:11
10:33:33.195 [pool-1-thread-3] INFO  com.intuit.karate - karate.env system property was: null 
10:33:33.200 [pool-1-thread-3] DEBUG com.intuit.karate - request:
1 > GET https://api.todoist.com/rest/v1/projects/22666
1 > Authorization: Bearer e4c291d63415c9d0f274cf9069d2b571f61a7137
1 > Host: api.todoist.com
1 > Connection: Keep-Alive
1 > User-Agent: Apache-HttpClient/4.5.13 (Java/11.0.11)
1 > Accept-Encoding: gzip,deflate


10:33:33.348 [pool-2-thread-1] INFO  com.intuit.karate.Suite - <<fail>> feature 3 of 6 (3 remaining) classpath:todoist-test/closeATask.feature
10:33:33.494 [pool-2-thread-1] INFO  com.intuit.karate.Suite - <<fail>> feature 4 of 6 (2 remaining) classpath:todoist-test/createAProject.feature
10:33:33.511 [pool-1-thread-5] DEBUG com.intuit.karate - response time in milliseconds: 359
1 < 404
1 < Content-Type: text/plain; charset=utf-8
1 < Content-Length: 19
1 < Connection: keep-alive
1 < Date: Wed, 09 Jun 2021 05:03:33 GMT
1 < X-Content-Type-Options: nosniff
1 < X-Cache: Error from cloudfront
1 < Via: 1.1 62f2e56625f91dc13ed17b9eb89dabf7.cloudfront.net (CloudFront)
1 < X-Amz-Cf-Pop: HYD50-C1
1 < X-Amz-Cf-Id: v535v_YLrBjEALQnf_Rc0h49l4Sc0bgvOc6XvJgdAnM2bbfsqH44ww==
404 page not found

10:33:33.514 [pool-1-thread-5] ERROR com.intuit.karate - classpath:todoist-test/getUserProjects.feature:26
Then match response == "404 page not foung\n"
match failed: EQUALS
  $ | not equal (STRING:STRING)
  '404 page not found
'
  '404 page not foung
'

classpath:todoist-test/getUserProjects.feature:26
10:33:33.692 [pool-1-thread-2] DEBUG com.intuit.karate - response time in milliseconds: 854
1 < 400
1 < Content-Type: text/plain; charset=utf-8
1 < Content-Length: 42
1 < Connection: keep-alive
1 < Date: Wed, 09 Jun 2021 05:03:33 GMT
1 < X-Content-Type-Options: nosniff
1 < X-Cache: Error from cloudfront
1 < Via: 1.1 932ff11be8ea9893fe1627fa0b1f3231.cloudfront.net (CloudFront)
1 < X-Amz-Cf-Pop: HYD50-C1
1 < X-Amz-Cf-Id: qp8GQZJKCtgZzdCCu1CK_YywQBNOqdVkcvvejHWN-8bUCROPmMhQlQ==
The token does not have sufficient scopes

10:33:33.692 [pool-1-thread-4] DEBUG com.intuit.karate - response time in milliseconds: 784
1 < 404
1 < Content-Type: text/plain; charset=utf-8
1 < Content-Length: 19
1 < Connection: keep-alive
1 < Date: Wed, 09 Jun 2021 05:03:33 GMT
1 < X-Content-Type-Options: nosniff
1 < X-Cache: Error from cloudfront
1 < Via: 1.1 d5fe4a337f81c31dfbd7cacc73d494e1.cloudfront.net (CloudFront)
1 < X-Amz-Cf-Pop: HYD50-C1
1 < X-Amz-Cf-Id: nlLEiyQg747saidrdr0ZPjSnyTZKa9HCy7rjQJrG-kvA-564vjvkSA==
404 page not found

10:33:33.692 [pool-1-thread-1] DEBUG com.intuit.karate - response time in milliseconds: 780
1 < 200
1 < Content-Type: application/json
1 < Content-Length: 209
1 < Connection: keep-alive
1 < Date: Wed, 09 Jun 2021 05:03:33 GMT
1 < X-Cache: Miss from cloudfront
1 < Via: 1.1 3d1357ac8648a82549f274733b419e81.cloudfront.net (CloudFront)
1 < X-Amz-Cf-Pop: HYD50-C1
1 < X-Amz-Cf-Id: SZQrmEE-hlWK6MQm0fFiUbXjvWKmcm9325d8BwOKUQqPBKA4T3Gu6w==
{"comment_count":0,"shared":false,"color":48,"name":"Inbox","id":2266692961,"inbox_project":true,"sync_id":0,"favorite":false,"url":"https:\/\/todoist.com\/showProject?id=2266692961"}
10:33:33.694 [pool-1-thread-4] ERROR com.intuit.karate - classpath:todoist-test/getUserProjects.feature:11
Then status 200
status code was: 404, expected: 200, response time in milliseconds: 784, url: https://api.todoist.com/rest/v1/projects/, response: 
404 page not found

classpath:todoist-test/getUserProjects.feature:11
10:33:33.694 [pool-1-thread-2] ERROR com.intuit.karate - classpath:todoist-test/deleteAProject.feature:17
Then status 404
status code was: 400, expected: 404, response time in milliseconds: 854, url: https://api.todoist.com/rest/v1/projects/2203306, response: 
The token does not have sufficient scopes

classpath:todoist-test/deleteAProject.feature:17
10:33:33.785 [pool-2-thread-1] INFO  com.intuit.karate.Suite - <<fail>> feature 5 of 6 (1 remaining) classpath:todoist-test/deleteAProject.feature
10:33:34.249 [pool-1-thread-3] DEBUG com.intuit.karate - response time in milliseconds: 1042
1 < 404
1 < Content-Type: text/plain; charset=utf-8
1 < Content-Length: 10
1 < Connection: keep-alive
1 < Date: Wed, 09 Jun 2021 05:03:34 GMT
1 < X-Content-Type-Options: nosniff
1 < X-Cache: Error from cloudfront
1 < Via: 1.1 601b50d44149223eb0103a4801dc88ba.cloudfront.net (CloudFront)
1 < X-Amz-Cf-Pop: HYD50-C1
1 < X-Amz-Cf-Id: ZjnrCUaABqSjRm8Kv_g0XVdtWw5Bxhq_bfJW3__jPOQtgV5l0t7UbQ==
Not Found

10:33:34.443 [pool-2-thread-1] INFO  com.intuit.karate.Suite - <<fail>> feature 6 of 6 (0 remaining) classpath:todoist-test/getUserProjects.feature
