{"failedCount":4,"prefixedPath":"classpath:todoist-test\/getUserProjects.feature","packageQualifiedName":"todoist-test.getUserProjects","loopIndex":-1,"relativePath":"todoist-test\/getUserProjects.feature","scenarioResults":[{"sectionIndex":0,"stepResults":[{"result":{"nanos":764879,"millis":0.764879,"status":"passed"},"step":{"line":7,"prefix":"Given","index":0,"text":"path 'projects\/'"},"stepLog":"09:48:07.514 karate.env system property was: null \n"},{"result":{"nanos":223170,"millis":0.22317,"status":"passed"},"step":{"line":8,"prefix":"And","index":1,"text":"header Authorization = 'Bearer e4c291d63415c9d0f274cf9069d2b571f61a7137'"}},{"result":{"nanos":5692156,"errorMessage":"http call failed after 4 milliseconds for url: \/projects\/\nclasspath:todoist-test\/getUserProjects.feature:9","millis":5.692156,"status":"failed"},"step":{"line":9,"prefix":"When","index":2,"text":"method GET"},"stepLog":"09:48:07.523 karate.org.apache.http.ProtocolException: Target host is not specified, http call failed after 4 milliseconds for url: \/projects\/\n09:48:07.523 classpath:todoist-test\/getUserProjects.feature:9\nWhen method GET\nhttp call failed after 4 milliseconds for url: \/projects\/\nclasspath:todoist-test\/getUserProjects.feature:9\n"},{"result":{"nanos":0,"millis":0.0,"status":"skipped"},"step":{"line":10,"prefix":"Then","index":3,"text":"status 200"}},{"result":{"nanos":0,"millis":0.0,"status":"skipped"},"step":{"line":11,"prefix":"Then","index":4,"text":"match response[0].name == \"Inbox\""}}],"line":6,"description":"","durationMillis":6.680205,"failed":true,"error":"http call failed after 4 milliseconds for url: \/projects\/\nclasspath:todoist-test\/getUserProjects.feature:9","executorName":"pool-1-thread-5","name":"Get all user projects","startTime":1623212287513,"refId":"[1:6]","endTime":1623212287523,"exampleIndex":-1},{"sectionIndex":1,"stepResults":[{"result":{"nanos":1275219,"millis":1.275219,"status":"passed"},"step":{"line":14,"prefix":"Given","index":0,"text":"path 'projects\/2266692961'"},"stepLog":"09:48:07.485 karate.env system property was: null \n"},{"result":{"nanos":313883,"millis":0.313883,"status":"passed"},"step":{"line":15,"prefix":"And","index":1,"text":"header Authorization = 'Bearer e4c291d63415c9d0f274cf9069d2b571f61a7137'"}},{"result":{"nanos":5559287,"errorMessage":"http call failed after 5 milliseconds for url: \/projects\/2266692961\nclasspath:todoist-test\/getUserProjects.feature:16","millis":5.559287,"status":"failed"},"step":{"line":16,"prefix":"When","index":2,"text":"method GET"},"stepLog":"09:48:07.515 karate.org.apache.http.ProtocolException: Target host is not specified, http call failed after 5 milliseconds for url: \/projects\/2266692961\n09:48:07.516 classpath:todoist-test\/getUserProjects.feature:16\nWhen method GET\nhttp call failed after 5 milliseconds for url: \/projects\/2266692961\nclasspath:todoist-test\/getUserProjects.feature:16\n"},{"result":{"nanos":0,"millis":0.0,"status":"skipped"},"step":{"line":17,"prefix":"Then","index":3,"text":"status 200"}},{"result":{"nanos":0,"millis":0.0,"status":"skipped"},"step":{"line":18,"prefix":"Then","index":4,"text":"match response.name == \"Inbox\""}}],"line":13,"description":"","durationMillis":7.148389,"failed":true,"error":"http call failed after 5 milliseconds for url: \/projects\/2266692961\nclasspath:todoist-test\/getUserProjects.feature:16","executorName":"pool-1-thread-2","name":"Get one user project","startTime":1623212287483,"refId":"[2:13]","endTime":1623212287516,"exampleIndex":-1},{"sectionIndex":2,"stepResults":[{"result":{"nanos":1017740,"millis":1.01774,"status":"passed"},"step":{"line":21,"prefix":"Given","index":0,"text":"path 'project\/'"},"stepLog":"09:48:07.510 karate.env system property was: null \n"},{"result":{"nanos":220549,"millis":0.220549,"status":"passed"},"step":{"line":22,"prefix":"And","index":1,"text":"header Authorization = 'Bearer e4c291d63415c9d0f274cf9069d2b571f61a7137'"}},{"result":{"nanos":16685694,"errorMessage":"http call failed after 7 milliseconds for url: \/project\/\nclasspath:todoist-test\/getUserProjects.feature:23","millis":16.685694,"status":"failed"},"step":{"line":23,"prefix":"When","index":2,"text":"method GET"},"stepLog":"09:48:07.523 karate.org.apache.http.ProtocolException: Target host is not specified, http call failed after 7 milliseconds for url: \/project\/\n09:48:07.531 classpath:todoist-test\/getUserProjects.feature:23\nWhen method GET\nhttp call failed after 7 milliseconds for url: \/project\/\nclasspath:todoist-test\/getUserProjects.feature:23\n"},{"result":{"nanos":0,"millis":0.0,"status":"skipped"},"step":{"line":24,"prefix":"Then","index":3,"text":"status 404"}},{"result":{"nanos":0,"millis":0.0,"status":"skipped"},"step":{"line":25,"prefix":"Then","index":4,"text":"match response == \"404 page not foung\\n\""}}],"line":20,"description":"","durationMillis":17.923983,"failed":true,"error":"http call failed after 7 milliseconds for url: \/project\/\nclasspath:todoist-test\/getUserProjects.feature:23","executorName":"pool-1-thread-4","name":"If error in project path","startTime":1623212287496,"refId":"[3:20]","endTime":1623212287531,"exampleIndex":-1},{"sectionIndex":3,"stepResults":[{"result":{"nanos":1074545,"millis":1.074545,"status":"passed"},"step":{"line":28,"prefix":"Given","index":0,"text":"path 'projects\/22666'"},"stepLog":"09:48:07.514 karate.env system property was: null \n"},{"result":{"nanos":223163,"millis":0.223163,"status":"passed"},"step":{"line":29,"prefix":"And","index":1,"text":"header Authorization = 'Bearer e4c291d63415c9d0f274cf9069d2b571f61a7137'"}},{"result":{"nanos":15926936,"errorMessage":"http call failed after 6 milliseconds for url: \/projects\/22666\nclasspath:todoist-test\/getUserProjects.feature:30","millis":15.926936,"status":"failed"},"step":{"line":30,"prefix":"When","index":2,"text":"method GET"},"stepLog":"09:48:07.523 karate.org.apache.http.ProtocolException: Target host is not specified, http call failed after 6 milliseconds for url: \/projects\/22666\n09:48:07.534 classpath:todoist-test\/getUserProjects.feature:30\nWhen method GET\nhttp call failed after 6 milliseconds for url: \/projects\/22666\nclasspath:todoist-test\/getUserProjects.feature:30\n"},{"result":{"nanos":0,"millis":0.0,"status":"skipped"},"step":{"line":31,"prefix":"Then","index":3,"text":"status 404"}},{"result":{"nanos":0,"millis":0.0,"status":"skipped"},"step":{"line":32,"prefix":"Then","index":4,"text":"match response == \"Not Found\\n\""}}],"line":27,"description":"","durationMillis":17.224644,"failed":true,"error":"http call failed after 6 milliseconds for url: \/projects\/22666\nclasspath:todoist-test\/getUserProjects.feature:30","executorName":"pool-1-thread-3","name":"If error in project id","startTime":1623212287513,"refId":"[4:27]","endTime":1623212287534,"exampleIndex":-1}],"callDepth":0,"name":"Get User Projects","description":"","resultDate":"2021-06-09 09:48:08 am","durationMillis":48.977221,"passedCount":0}