{"failedCount":4,"prefixedPath":"classpath:todoist-test\/getUserProjects.feature","packageQualifiedName":"todoist-test.getUserProjects","loopIndex":-1,"relativePath":"todoist-test\/getUserProjects.feature","scenarioResults":[{"sectionIndex":0,"stepResults":[{"result":{"nanos":1304444,"millis":1.304444,"status":"passed"},"step":{"line":7,"prefix":"Given","index":0,"text":"path 'projects\/'"},"stepLog":"12:50:03.511 karate.env system property was: null \n"},{"result":{"nanos":20383195,"errorMessage":"http call failed after 20 milliseconds for url: \/projects\/\nclasspath:todoist-test\/getUserProjects.feature:8","millis":20.383195,"status":"failed"},"step":{"line":8,"prefix":"When","index":1,"text":"method GET"},"stepLog":"12:50:03.540 karate.org.apache.http.ProtocolException: Target host is not specified, http call failed after 20 milliseconds for url: \/projects\/\n12:50:03.540 classpath:todoist-test\/getUserProjects.feature:8\nWhen method GET\nhttp call failed after 20 milliseconds for url: \/projects\/\nclasspath:todoist-test\/getUserProjects.feature:8\n"},{"result":{"nanos":0,"millis":0.0,"status":"skipped"},"step":{"line":9,"prefix":"Then","index":2,"text":"status 200"}},{"result":{"nanos":0,"millis":0.0,"status":"skipped"},"step":{"line":10,"prefix":"Then","index":3,"text":"match response[0].name == \"Inbox\""}}],"line":6,"description":"","durationMillis":21.687639,"failed":true,"error":"http call failed after 20 milliseconds for url: \/projects\/\nclasspath:todoist-test\/getUserProjects.feature:8","executorName":"pool-1-thread-2","name":"Get all user projects","startTime":1623136803510,"refId":"[1:6]","endTime":1623136803540,"exampleIndex":-1},{"sectionIndex":1,"stepResults":[{"result":{"nanos":1252143,"millis":1.252143,"status":"passed"},"step":{"line":13,"prefix":"Given","index":0,"text":"path 'projects\/2266692961'"},"stepLog":"12:50:03.526 karate.env system property was: null \n"},{"result":{"nanos":14065000,"errorMessage":"http call failed after 13 milliseconds for url: \/projects\/2266692961\nclasspath:todoist-test\/getUserProjects.feature:14","millis":14.065,"status":"failed"},"step":{"line":14,"prefix":"When","index":1,"text":"method GET"},"stepLog":"12:50:03.548 karate.org.apache.http.ProtocolException: Target host is not specified, http call failed after 13 milliseconds for url: \/projects\/2266692961\n12:50:03.548 classpath:todoist-test\/getUserProjects.feature:14\nWhen method GET\nhttp call failed after 13 milliseconds for url: \/projects\/2266692961\nclasspath:todoist-test\/getUserProjects.feature:14\n"},{"result":{"nanos":0,"millis":0.0,"status":"skipped"},"step":{"line":15,"prefix":"Then","index":2,"text":"status 200"}},{"result":{"nanos":0,"millis":0.0,"status":"skipped"},"step":{"line":16,"prefix":"Then","index":3,"text":"match response.name == \"Inbox\""}}],"line":12,"description":"","durationMillis":15.317143,"failed":true,"error":"http call failed after 13 milliseconds for url: \/projects\/2266692961\nclasspath:todoist-test\/getUserProjects.feature:14","executorName":"pool-1-thread-5","name":"Get one user project","startTime":1623136803525,"refId":"[2:12]","endTime":1623136803548,"exampleIndex":-1},{"sectionIndex":2,"stepResults":[{"result":{"nanos":1139274,"millis":1.139274,"status":"passed"},"step":{"line":19,"prefix":"Given","index":0,"text":"path 'project\/'"},"stepLog":"12:50:03.570 karate.env system property was: null \n"},{"result":{"nanos":6233460,"errorMessage":"http call failed after 3 milliseconds for url: \/project\/\nclasspath:todoist-test\/getUserProjects.feature:20","millis":6.23346,"status":"failed"},"step":{"line":20,"prefix":"When","index":1,"text":"method GET"},"stepLog":"12:50:03.580 karate.org.apache.http.ProtocolException: Target host is not specified, http call failed after 3 milliseconds for url: \/project\/\n12:50:03.580 classpath:todoist-test\/getUserProjects.feature:20\nWhen method GET\nhttp call failed after 3 milliseconds for url: \/project\/\nclasspath:todoist-test\/getUserProjects.feature:20\n"},{"result":{"nanos":0,"millis":0.0,"status":"skipped"},"step":{"line":21,"prefix":"Then","index":2,"text":"status 404"}},{"result":{"nanos":0,"millis":0.0,"status":"skipped"},"step":{"line":22,"prefix":"Then","index":3,"text":"match response == \"404 page not foung\\n\""}}],"line":18,"description":"","durationMillis":7.372734,"failed":true,"error":"http call failed after 3 milliseconds for url: \/project\/\nclasspath:todoist-test\/getUserProjects.feature:20","executorName":"pool-1-thread-3","name":"If error in project path","startTime":1623136803567,"refId":"[3:18]","endTime":1623136803580,"exampleIndex":-1},{"sectionIndex":3,"stepResults":[{"result":{"nanos":1119616,"millis":1.119616,"status":"passed"},"step":{"line":25,"prefix":"Given","index":0,"text":"path 'projects\/22666'"},"stepLog":"12:50:03.569 karate.env system property was: null \n"},{"result":{"nanos":8898303,"errorMessage":"http call failed after 5 milliseconds for url: \/projects\/22666\nclasspath:todoist-test\/getUserProjects.feature:26","millis":8.898303,"status":"failed"},"step":{"line":26,"prefix":"When","index":1,"text":"method GET"},"stepLog":"12:50:03.581 karate.org.apache.http.ProtocolException: Target host is not specified, http call failed after 5 milliseconds for url: \/projects\/22666\n12:50:03.582 classpath:todoist-test\/getUserProjects.feature:26\nWhen method GET\nhttp call failed after 5 milliseconds for url: \/projects\/22666\nclasspath:todoist-test\/getUserProjects.feature:26\n"},{"result":{"nanos":0,"millis":0.0,"status":"skipped"},"step":{"line":27,"prefix":"Then","index":2,"text":"status 404"}},{"result":{"nanos":0,"millis":0.0,"status":"skipped"},"step":{"line":28,"prefix":"Then","index":3,"text":"match response == \"Not Found\\n\""}}],"line":24,"description":"","durationMillis":10.017919,"failed":true,"error":"http call failed after 5 milliseconds for url: \/projects\/22666\nclasspath:todoist-test\/getUserProjects.feature:26","executorName":"pool-1-thread-2","name":"If error in project id","startTime":1623136803567,"refId":"[4:24]","endTime":1623136803582,"exampleIndex":-1}],"callDepth":0,"name":"Get User Projects","description":"","resultDate":"2021-06-08 12:50:06 pm","durationMillis":54.395435,"passedCount":0}