{"failedCount":4,"prefixedPath":"classpath:todoist-test\/getUserProjects.feature","packageQualifiedName":"todoist-test.getUserProjects","loopIndex":-1,"relativePath":"todoist-test\/getUserProjects.feature","scenarioResults":[{"sectionIndex":0,"stepResults":[{"result":{"nanos":4365901,"millis":4.365901,"status":"passed"},"step":{"line":7,"prefix":"Given","index":0,"text":"path 'projects\/'"},"stepLog":"10:04:24.301 karate.env system property was: null \n"},{"result":{"nanos":342424,"millis":0.342424,"status":"passed"},"step":{"line":8,"prefix":"And","index":1,"text":"header Authorization = 'Bearer e4c291d63415c9d0f274cf9069d2b571f61a7137'"}},{"result":{"nanos":9337843,"errorMessage":"http call failed after 5 milliseconds for url: \/projects\/\nclasspath:todoist-test\/getUserProjects.feature:9","millis":9.337843,"status":"failed"},"step":{"line":9,"prefix":"When","index":2,"text":"method GET"},"stepLog":"10:04:24.319 karate.org.apache.http.ProtocolException: Target host is not specified, http call failed after 5 milliseconds for url: \/projects\/\n10:04:24.321 classpath:todoist-test\/getUserProjects.feature:9\nWhen method GET\nhttp call failed after 5 milliseconds for url: \/projects\/\nclasspath:todoist-test\/getUserProjects.feature:9\n"},{"result":{"nanos":0,"millis":0.0,"status":"skipped"},"step":{"line":10,"prefix":"Then","index":3,"text":"status 200"}},{"result":{"nanos":0,"millis":0.0,"status":"skipped"},"step":{"line":11,"prefix":"Then","index":4,"text":"match response[0].name == \"Inbox\""}}],"line":6,"description":"","durationMillis":14.046168,"failed":true,"error":"http call failed after 5 milliseconds for url: \/projects\/\nclasspath:todoist-test\/getUserProjects.feature:9","executorName":"pool-1-thread-1","name":"Get all user projects","startTime":1623213264292,"refId":"[1:6]","endTime":1623213264321,"exampleIndex":-1},{"sectionIndex":1,"stepResults":[{"result":{"nanos":1089526,"millis":1.089526,"status":"passed"},"step":{"line":14,"prefix":"Given","index":0,"text":"path 'projects\/2266692961'"},"stepLog":"10:04:24.310 karate.env system property was: null \n"},{"result":{"nanos":269697,"millis":0.269697,"status":"passed"},"step":{"line":15,"prefix":"And","index":1,"text":"header Authorization = 'Bearer e4c291d63415c9d0f274cf9069d2b571f61a7137'"}},{"result":{"nanos":8619314,"errorMessage":"http call failed after 2 milliseconds for url: \/projects\/2266692961\nclasspath:todoist-test\/getUserProjects.feature:16","millis":8.619314,"status":"failed"},"step":{"line":16,"prefix":"When","index":2,"text":"method GET"},"stepLog":"10:04:24.322 karate.org.apache.http.ProtocolException: Target host is not specified, http call failed after 2 milliseconds for url: \/projects\/2266692961\n10:04:24.326 classpath:todoist-test\/getUserProjects.feature:16\nWhen method GET\nhttp call failed after 2 milliseconds for url: \/projects\/2266692961\nclasspath:todoist-test\/getUserProjects.feature:16\n"},{"result":{"nanos":0,"millis":0.0,"status":"skipped"},"step":{"line":17,"prefix":"Then","index":3,"text":"status 200"}},{"result":{"nanos":0,"millis":0.0,"status":"skipped"},"step":{"line":18,"prefix":"Then","index":4,"text":"match response.name == \"Inbox\""}}],"line":13,"description":"","durationMillis":9.978537,"failed":true,"error":"http call failed after 2 milliseconds for url: \/projects\/2266692961\nclasspath:todoist-test\/getUserProjects.feature:16","executorName":"pool-1-thread-3","name":"Get one user project","startTime":1623213264307,"refId":"[2:13]","endTime":1623213264326,"exampleIndex":-1},{"sectionIndex":2,"stepResults":[{"result":{"nanos":962894,"millis":0.962894,"status":"passed"},"step":{"line":21,"prefix":"Given","index":0,"text":"path 'project\/'"},"stepLog":"10:04:24.290 karate.env system property was: null \n"},{"result":{"nanos":5436823,"millis":5.436823,"status":"passed"},"step":{"line":22,"prefix":"And","index":1,"text":"header Authorization = 'Bearer e4c291d63415c9d0f274cf9069d2b571f61a7137'"}},{"result":{"nanos":2528762,"errorMessage":"http call failed after 1 milliseconds for url: \/project\/\nclasspath:todoist-test\/getUserProjects.feature:23","millis":2.528762,"status":"failed"},"step":{"line":23,"prefix":"When","index":2,"text":"method GET"},"stepLog":"10:04:24.301 karate.org.apache.http.ProtocolException: Target host is not specified, http call failed after 1 milliseconds for url: \/project\/\n10:04:24.302 classpath:todoist-test\/getUserProjects.feature:23\nWhen method GET\nhttp call failed after 1 milliseconds for url: \/project\/\nclasspath:todoist-test\/getUserProjects.feature:23\n"},{"result":{"nanos":0,"millis":0.0,"status":"skipped"},"step":{"line":24,"prefix":"Then","index":3,"text":"status 404"}},{"result":{"nanos":0,"millis":0.0,"status":"skipped"},"step":{"line":25,"prefix":"Then","index":4,"text":"match response == \"404 page not foung\\n\""}}],"line":20,"description":"","durationMillis":8.928479,"failed":true,"error":"http call failed after 1 milliseconds for url: \/project\/\nclasspath:todoist-test\/getUserProjects.feature:23","executorName":"pool-1-thread-4","name":"If error in project path","startTime":1623213264286,"refId":"[3:20]","endTime":1623213264302,"exampleIndex":-1},{"sectionIndex":3,"stepResults":[{"result":{"nanos":4458711,"millis":4.458711,"status":"passed"},"step":{"line":28,"prefix":"Given","index":0,"text":"path 'projects\/22666'"},"stepLog":"10:04:24.302 karate.env system property was: null \n"},{"result":{"nanos":369337,"millis":0.369337,"status":"passed"},"step":{"line":29,"prefix":"And","index":1,"text":"header Authorization = 'Bearer e4c291d63415c9d0f274cf9069d2b571f61a7137'"}},{"result":{"nanos":12895418,"errorMessage":"http call failed after 1 milliseconds for url: \/projects\/22666\nclasspath:todoist-test\/getUserProjects.feature:30","millis":12.895418,"status":"failed"},"step":{"line":30,"prefix":"When","index":2,"text":"method GET"},"stepLog":"10:04:24.337 karate.org.apache.http.ProtocolException: Target host is not specified, http call failed after 1 milliseconds for url: \/projects\/22666\n10:04:24.338 classpath:todoist-test\/getUserProjects.feature:30\nWhen method GET\nhttp call failed after 1 milliseconds for url: \/projects\/22666\nclasspath:todoist-test\/getUserProjects.feature:30\n"},{"result":{"nanos":0,"millis":0.0,"status":"skipped"},"step":{"line":31,"prefix":"Then","index":3,"text":"status 404"}},{"result":{"nanos":0,"millis":0.0,"status":"skipped"},"step":{"line":32,"prefix":"Then","index":4,"text":"match response == \"Not Found\\n\""}}],"line":27,"description":"","durationMillis":17.723466,"failed":true,"error":"http call failed after 1 milliseconds for url: \/projects\/22666\nclasspath:todoist-test\/getUserProjects.feature:30","executorName":"pool-1-thread-2","name":"If error in project id","startTime":1623213264300,"refId":"[4:27]","endTime":1623213264338,"exampleIndex":-1}],"callDepth":0,"name":"Get User Projects","description":"","resultDate":"2021-06-09 10:04:25 am","durationMillis":50.67665,"passedCount":0}